Added Component: Designator=B1(KF301-2P)
Added Component: Designator=B2(KF301-2P)
Added Component: Designator=C2(0805(2012))
Added Component: Designator=C4(0805(2012))
Added Component: Designator=C6(0805(2012))
Added Component: Designator=C8(0805(2012))
Added Component: Designator=C9(0805(2012))
Added Component: Designator=C10(0805(2012))
Added Component: Designator=C11(0805(2012))
Added Component: Designator=C12(0805(2012))
Added Component: Designator=CON1(POWER)
Added Component: Designator=D1(1206(3216))
Added Component: Designator=D3(1206(3216))
Added Component: Designator=D4(1206(3216))
Added Component: Designator=D8(1206(3216))
Added Component: Designator=D9(1206(3216))
Added Component: Designator=D10(1206(3216))
Added Component: Designator=D11(1206(3216))
Added Component: Designator=D12(1206(3216))
Added Component: Designator=D14(1206(3216))
Added Component: Designator=D18(1206(3216))
Added Component: Designator=D19(1206(3216))
Added Component: Designator=D20(1206(3216))
Added Component: Designator=P2(HDR1X6)
Added Component: Designator=Q1(LR7843)
Added Component: Designator=Q2(LR7843)
Added Component: Designator=Q3(LR7843)
Added Component: Designator=Q4(LR7843)
Added Component: Designator=Q5(LR7843)
Added Component: Designator=Q6(LR7843)
Added Component: Designator=Q7(LR7843)
Added Component: Designator=Q8(LR7843)
Added Component: Designator=R3(0603)
Added Component: Designator=R4(0603)
Added Component: Designator=R9(0603)
Added Component: Designator=R10(0603)
Added Component: Designator=R11(0603)
Added Component: Designator=R12(0603)
Added Component: Designator=R16(0603)
Added Component: Designator=R17(0603)
Added Component: Designator=U1(IR2104S)
Added Component: Designator=U3(IR2104S)
Added Component: Designator=U5(IR2104S)
Added Component: Designator=U6(IR2104S)
Added Pin To Net: NetName=12V Pin=C4-1
Added Pin To Net: NetName=12V Pin=C8-1
Added Pin To Net: NetName=12V Pin=C10-1
Added Pin To Net: NetName=12V Pin=C12-1
Added Pin To Net: NetName=12V Pin=D1-1
Added Pin To Net: NetName=12V Pin=D8-1
Added Pin To Net: NetName=12V Pin=D11-1
Added Pin To Net: NetName=12V Pin=D18-1
Added Pin To Net: NetName=12V Pin=P2-5
Added Pin To Net: NetName=12V Pin=U1-1
Added Pin To Net: NetName=12V Pin=U1-3
Added Pin To Net: NetName=12V Pin=U3-1
Added Pin To Net: NetName=12V Pin=U3-3
Added Pin To Net: NetName=12V Pin=U5-1
Added Pin To Net: NetName=12V Pin=U5-3
Added Pin To Net: NetName=12V Pin=U6-1
Added Pin To Net: NetName=12V Pin=U6-3
Added Net: Name=12V
Added Pin To Net: NetName=GND Pin=C4-2
Added Pin To Net: NetName=GND Pin=C8-2
Added Pin To Net: NetName=GND Pin=C10-2
Added Pin To Net: NetName=GND Pin=C12-2
Added Pin To Net: NetName=GND Pin=CON1-1
Added Pin To Net: NetName=GND Pin=CON1-1
Added Pin To Net: NetName=GND Pin=D4-1
Added Pin To Net: NetName=GND Pin=D10-1
Added Pin To Net: NetName=GND Pin=D14-1
Added Pin To Net: NetName=GND Pin=D20-1
Added Pin To Net: NetName=GND Pin=P2-6
Added Pin To Net: NetName=GND Pin=Q2-3
Added Pin To Net: NetName=GND Pin=Q4-3
Added Pin To Net: NetName=GND Pin=Q6-3
Added Pin To Net: NetName=GND Pin=Q8-3
Added Pin To Net: NetName=GND Pin=U1-4
Added Pin To Net: NetName=GND Pin=U3-4
Added Pin To Net: NetName=GND Pin=U5-4
Added Pin To Net: NetName=GND Pin=U6-4
Added Net: Name=GND
Added Pin To Net: NetName=MOTOR1 IN1 Pin=P2-2
Added Pin To Net: NetName=MOTOR1 IN1 Pin=U5-2
Added Net: Name=MOTOR1 IN1
Added Pin To Net: NetName=MOTOR1 IN2 Pin=P2-1
Added Pin To Net: NetName=MOTOR1 IN2 Pin=U6-2
Added Net: Name=MOTOR1 IN2
Added Pin To Net: NetName=MOTOR1 IN3 Pin=P2-3
Added Pin To Net: NetName=MOTOR1 IN3 Pin=U3-2
Added Net: Name=MOTOR1 IN3
Added Pin To Net: NetName=MOTOR1 IN4 Pin=P2-4
Added Pin To Net: NetName=MOTOR1 IN4 Pin=U1-2
Added Net: Name=MOTOR1 IN4
Added Pin To Net: NetName=NetB1_1 Pin=B1-1
Added Pin To Net: NetName=NetB1_1 Pin=C2-2
Added Pin To Net: NetName=NetB1_1 Pin=D3-1
Added Pin To Net: NetName=NetB1_1 Pin=D4-2
Added Pin To Net: NetName=NetB1_1 Pin=Q1-3
Added Pin To Net: NetName=NetB1_1 Pin=Q2-2
Added Pin To Net: NetName=NetB1_1 Pin=U1-6
Added Net: Name=NetB1_1
Added Pin To Net: NetName=NetB1_2 Pin=B1-2
Added Pin To Net: NetName=NetB1_2 Pin=C6-2
Added Pin To Net: NetName=NetB1_2 Pin=D9-1
Added Pin To Net: NetName=NetB1_2 Pin=D10-2
Added Pin To Net: NetName=NetB1_2 Pin=Q3-3
Added Pin To Net: NetName=NetB1_2 Pin=Q4-2
Added Pin To Net: NetName=NetB1_2 Pin=U3-6
Added Net: Name=NetB1_2
Added Pin To Net: NetName=NetC2_1 Pin=C2-1
Added Pin To Net: NetName=NetC2_1 Pin=D1-2
Added Pin To Net: NetName=NetC2_1 Pin=U1-8
Added Net: Name=NetC2_1
Added Pin To Net: NetName=NetC6_1 Pin=C6-1
Added Pin To Net: NetName=NetC6_1 Pin=D8-2
Added Pin To Net: NetName=NetC6_1 Pin=U3-8
Added Net: Name=NetC6_1
Added Pin To Net: NetName=NetC9_1 Pin=C9-1
Added Pin To Net: NetName=NetC9_1 Pin=D11-2
Added Pin To Net: NetName=NetC9_1 Pin=U5-8
Added Net: Name=NetC9_1
Added Pin To Net: NetName=NetC11_1 Pin=C11-1
Added Pin To Net: NetName=NetC11_1 Pin=D18-2
Added Pin To Net: NetName=NetC11_1 Pin=U6-8
Added Net: Name=NetC11_1
Added Pin To Net: NetName=NetQ1_1 Pin=Q1-1
Added Pin To Net: NetName=NetQ1_1 Pin=R3-2
Added Net: Name=NetQ1_1
Added Pin To Net: NetName=NetQ2_1 Pin=Q2-1
Added Pin To Net: NetName=NetQ2_1 Pin=R4-2
Added Net: Name=NetQ2_1
Added Pin To Net: NetName=NetQ3_1 Pin=Q3-1
Added Pin To Net: NetName=NetQ3_1 Pin=R9-2
Added Net: Name=NetQ3_1
Added Pin To Net: NetName=NetQ4_1 Pin=Q4-1
Added Pin To Net: NetName=NetQ4_1 Pin=R10-2
Added Net: Name=NetQ4_1
Added Pin To Net: NetName=NetQ5_1 Pin=Q5-1
Added Pin To Net: NetName=NetQ5_1 Pin=R11-2
Added Net: Name=NetQ5_1
Added Pin To Net: NetName=NetQ6_1 Pin=Q6-1
Added Pin To Net: NetName=NetQ6_1 Pin=R12-2
Added Net: Name=NetQ6_1
Added Pin To Net: NetName=NetQ7_1 Pin=Q7-1
Added Pin To Net: NetName=NetQ7_1 Pin=R16-2
Added Net: Name=NetQ7_1
Added Pin To Net: NetName=NetQ8_1 Pin=Q8-1
Added Pin To Net: NetName=NetQ8_1 Pin=R17-2
Added Net: Name=NetQ8_1
Added Pin To Net: NetName=NetR3_1 Pin=R3-1
Added Pin To Net: NetName=NetR3_1 Pin=U1-7
Added Net: Name=NetR3_1
Added Pin To Net: NetName=NetR4_1 Pin=R4-1
Added Pin To Net: NetName=NetR4_1 Pin=U1-5
Added Net: Name=NetR4_1
Added Pin To Net: NetName=NetR9_1 Pin=R9-1
Added Pin To Net: NetName=NetR9_1 Pin=U3-7
Added Net: Name=NetR9_1
Added Pin To Net: NetName=NetR10_1 Pin=R10-1
Added Pin To Net: NetName=NetR10_1 Pin=U3-5
Added Net: Name=NetR10_1
Added Pin To Net: NetName=NetR11_1 Pin=R11-1
Added Pin To Net: NetName=NetR11_1 Pin=U5-7
Added Net: Name=NetR11_1
Added Pin To Net: NetName=NetR12_1 Pin=R12-1
Added Pin To Net: NetName=NetR12_1 Pin=U5-5
Added Net: Name=NetR12_1
Added Pin To Net: NetName=NetR16_1 Pin=R16-1
Added Pin To Net: NetName=NetR16_1 Pin=U6-7
Added Net: Name=NetR16_1
Added Pin To Net: NetName=NetR17_1 Pin=R17-1
Added Pin To Net: NetName=NetR17_1 Pin=U6-5
Added Net: Name=NetR17_1
Added Pin To Net: NetName=OUT1 Pin=B2-2
Added Pin To Net: NetName=OUT1 Pin=C11-2
Added Pin To Net: NetName=OUT1 Pin=D19-1
Added Pin To Net: NetName=OUT1 Pin=D20-2
Added Pin To Net: NetName=OUT1 Pin=Q7-3
Added Pin To Net: NetName=OUT1 Pin=Q8-2
Added Pin To Net: NetName=OUT1 Pin=U6-6
Added Net: Name=OUT1
Added Pin To Net: NetName=OUT2 Pin=B2-1
Added Pin To Net: NetName=OUT2 Pin=C9-2
Added Pin To Net: NetName=OUT2 Pin=D12-1
Added Pin To Net: NetName=OUT2 Pin=D14-2
Added Pin To Net: NetName=OUT2 Pin=Q5-3
Added Pin To Net: NetName=OUT2 Pin=Q6-2
Added Pin To Net: NetName=OUT2 Pin=U5-6
Added Net: Name=OUT2
Added Pin To Net: NetName=VBAT Pin=CON1-2
Added Pin To Net: NetName=VBAT Pin=CON1-2
Added Pin To Net: NetName=VBAT Pin=D3-2
Added Pin To Net: NetName=VBAT Pin=D9-2
Added Pin To Net: NetName=VBAT Pin=D12-2
Added Pin To Net: NetName=VBAT Pin=D19-2
Added Pin To Net: NetName=VBAT Pin=Q1-2
Added Pin To Net: NetName=VBAT Pin=Q3-2
Added Pin To Net: NetName=VBAT Pin=Q5-2
Added Pin To Net: NetName=VBAT Pin=Q7-2
Added Net: Name=VBAT
Added Class: Name=DS_Motor
Added Room: Name=DS_Motor
