Added Component: Designator=Q1(LR7843)
Added Component: Designator=Q2(LR7843)
Added Component: Designator=Q3(LR7843)
Added Component: Designator=Q4(LR7843)
Added Component: Designator=Q5(LR7843)
Added Component: Designator=Q6(LR7843)
Added Component: Designator=Q7(LR7843)
Added Component: Designator=Q8(LR7843)
Added Pin To Net: NetName=NetQ1_1 Pin=Q1-1
Added Pin To Net: NetName=VBAT Pin=Q1-2
Added Pin To Net: NetName=NetB1_1 Pin=Q1-3
Added Pin To Net: NetName=NetQ2_1 Pin=Q2-1
Added Pin To Net: NetName=NetB1_1 Pin=Q2-2
Added Pin To Net: NetName=GND Pin=Q2-3
Added Pin To Net: NetName=NetQ3_1 Pin=Q3-1
Added Pin To Net: NetName=VBAT Pin=Q3-2
Added Pin To Net: NetName=NetB1_2 Pin=Q3-3
Added Pin To Net: NetName=NetQ4_1 Pin=Q4-1
Added Pin To Net: NetName=NetB1_2 Pin=Q4-2
Added Pin To Net: NetName=GND Pin=Q4-3
Added Pin To Net: NetName=NetQ5_1 Pin=Q5-1
Added Pin To Net: NetName=VBAT Pin=Q5-2
Added Pin To Net: NetName=NetB2_1 Pin=Q5-3
Added Pin To Net: NetName=NetQ6_1 Pin=Q6-1
Added Pin To Net: NetName=NetB2_1 Pin=Q6-2
Added Pin To Net: NetName=GND Pin=Q6-3
Added Pin To Net: NetName=NetQ7_1 Pin=Q7-1
Added Pin To Net: NetName=VBAT Pin=Q7-2
Added Pin To Net: NetName=NetB2_2 Pin=Q7-3
Added Pin To Net: NetName=NetQ8_1 Pin=Q8-1
Added Pin To Net: NetName=NetB2_2 Pin=Q8-2
Added Pin To Net: NetName=GND Pin=Q8-3
Added Member To Class: ClassName=DS_Motor Member=Component Q1 LR7843
Added Member To Class: ClassName=DS_Motor Member=Component Q2 LR7843
Added Member To Class: ClassName=DS_Motor Member=Component Q3 LR7843
Added Member To Class: ClassName=DS_Motor Member=Component Q4 LR7843
Added Member To Class: ClassName=DS_Motor Member=Component Q5 LR7843
Added Member To Class: ClassName=DS_Motor Member=Component Q6 LR7843
Added Member To Class: ClassName=DS_Motor Member=Component Q7 LR7843
Added Member To Class: ClassName=DS_Motor Member=Component Q8 LR7843
Added Room: Name=DS_Motor
