Added Component: Designator=*2(HDR1X3)
Added Component: Designator=C9(0805)
Added Component: Designator=C10(0805)
Added Component: Designator=P1(HDR1X6)
Added Component: Designator=R10(0805)
Added Pin To Net: NetName=7V2 Pin=C9-1
Added Net: Name=7V2
Added Pin To Net: NetName=12V Pin=P1-5
Added Net: Name=12V
Added Pin To Net: NetName=GND Pin=*2-1
Added Pin To Net: NetName=GND Pin=*2-3
Added Pin To Net: NetName=GND Pin=C9-2
Added Pin To Net: NetName=GND Pin=C10-2
Added Pin To Net: NetName=GND Pin=P1-6
Added Net: Name=GND
Added Pin To Net: NetName=MOTOR1 IN1 Pin=P1-1
Added Net: Name=MOTOR1 IN1
Added Pin To Net: NetName=MOTOR1 IN2 Pin=P1-2
Added Net: Name=MOTOR1 IN2
Added Pin To Net: NetName=MOTOR1 IN3 Pin=P1-4
Added Net: Name=MOTOR1 IN3
Added Pin To Net: NetName=MOTOR1 IN4 Pin=P1-3
Added Net: Name=MOTOR1 IN4
Added Pin To Net: NetName=Net*1_1 Pin=*2-2
Added Pin To Net: NetName=Net*1_1 Pin=R10-2
Added Net: Name=Net*1_1
Added Net: Name=NetB1_1
Added Net: Name=NetB1_2
Added Net: Name=NetB2_1
Added Net: Name=NetB2_2
Added Net: Name=NetC1_1
Added Net: Name=NetC3_1
Added Net: Name=NetC5_1
Added Net: Name=NetC7_1
Added Net: Name=NetCON1_2
Added Net: Name=NetD7_1
Added Net: Name=NetQ1_1
Added Net: Name=NetQ2_1
Added Net: Name=NetQ3_1
Added Net: Name=NetQ4_1
Added Net: Name=NetQ5_1
Added Net: Name=NetQ6_1
Added Net: Name=NetQ7_1
Added Net: Name=NetQ8_1
Added Net: Name=NetR1_1
Added Net: Name=NetR2_1
Added Net: Name=NetR3_1
Added Net: Name=NetR4_1
Added Net: Name=NetR6_1
Added Net: Name=NetR7_1
Added Net: Name=NetR8_1
Added Net: Name=NetR9_1
Added Net: Name=VBAT
Added Pin To Net: NetName=×¨Êô6V Pin=C10-1
Added Pin To Net: NetName=×¨Êô6V Pin=R10-1
Added Net: Name=×¨Êô6V
Added Class: Name=DS_Motor
Added Room: Name=DS_Motor
