Removed Member From Class: ClassName=DS_Motor Member=D18
Change Component Designator: OldDesignator=C2 NewDesignator=C1
Change Component Designator: OldDesignator=C4 NewDesignator=C2
Change Component Designator: OldDesignator=C6 NewDesignator=C3
Change Component Designator: OldDesignator=C8 NewDesignator=C4
Change Component Designator: OldDesignator=C9 NewDesignator=C5
Change Component Designator: OldDesignator=C10 NewDesignator=C6
Change Component Designator: OldDesignator=C11 NewDesignator=C7
Change Component Designator: OldDesignator=C12 NewDesignator=C8
Change Component Designator: OldDesignator=D2 NewDesignator=D7
Change Component Designator: OldDesignator=D3 NewDesignator=D2
Change Component Designator: OldDesignator=D4 NewDesignator=D3
Change Component Designator: OldDesignator=D8 NewDesignator=D4
Change Component Designator: OldDesignator=D9 NewDesignator=D5
Change Component Designator: OldDesignator=D10 NewDesignator=D6
Change Component Designator: OldDesignator=D11 NewDesignator=D8
Change Component Designator: OldDesignator=D12 NewDesignator=D9
Change Component Designator: OldDesignator=D14 NewDesignator=D10
Change Component Designator: OldDesignator=D18 NewDesignator=D11
Change Component Designator: OldDesignator=D19 NewDesignator=D12
Change Component Designator: OldDesignator=D20 NewDesignator=D13
Change Component Designator: OldDesignator=P2 NewDesignator=P1
Change Component Designator: OldDesignator=R3 NewDesignator=R1
Change Component Designator: OldDesignator=R4 NewDesignator=R2
Change Component Designator: OldDesignator=R8 NewDesignator=R5
Change Component Designator: OldDesignator=R9 NewDesignator=R3
Change Component Designator: OldDesignator=R10 NewDesignator=R4
Change Component Designator: OldDesignator=R11 NewDesignator=R6
Change Component Designator: OldDesignator=R12 NewDesignator=R7
Change Component Designator: OldDesignator=R16 NewDesignator=R8
Change Component Designator: OldDesignator=R17 NewDesignator=R9
Change Component Designator: OldDesignator=U3 NewDesignator=U2
Change Component Designator: OldDesignator=U5 NewDesignator=U3
Change Component Designator: OldDesignator=U6 NewDesignator=U4
Added Component: Designator=*1(lm1117-5v)
Added Component: Designator=*2(HDR1X3)
Added Component: Designator=C9(0805)
Added Component: Designator=C10(0805)
Added Component: Designator=R10(0805)
Added Pin To Net: NetName=GND Pin=*2-1
Added Pin To Net: NetName=GND Pin=*2-3
Added Pin To Net: NetName=GND Pin=C9-2
Added Pin To Net: NetName=GND Pin=C10-2
Change Net Name : Old Net Name=NetC2_1 New Net Name=NetC1_1
Change Net Name : Old Net Name=NetC6_1 New Net Name=NetC3_1
Change Net Name : Old Net Name=NetC9_1 New Net Name=NetC5_1
Change Net Name : Old Net Name=NetC11_1 New Net Name=NetC7_1
Change Net Name : Old Net Name=NetD2_1 New Net Name=NetD7_1
Change Net Name : Old Net Name=NetR3_1 New Net Name=NetR1_1
Change Net Name : Old Net Name=NetR4_1 New Net Name=NetR2_1
Change Net Name : Old Net Name=NetR9_1 New Net Name=NetR3_1
Change Net Name : Old Net Name=NetR10_1 New Net Name=NetR4_1
Change Net Name : Old Net Name=NetR11_1 New Net Name=NetR6_1
Change Net Name : Old Net Name=NetR12_1 New Net Name=NetR7_1
Change Net Name : Old Net Name=NetR16_1 New Net Name=NetR8_1
Change Net Name : Old Net Name=NetR17_1 New Net Name=NetR9_1
Added Pin To Net: NetName=7V2 Pin=*1-3
Added Pin To Net: NetName=7V2 Pin=C9-1
Added Net: Name=7V2
Added Pin To Net: NetName=Net*1_1 Pin=*1-1
Added Pin To Net: NetName=Net*1_1 Pin=*2-2
Added Pin To Net: NetName=Net*1_1 Pin=R10-2
Added Net: Name=Net*1_1
Added Pin To Net: NetName=专属6V Pin=*1-2
Added Pin To Net: NetName=专属6V Pin=*1-2
Added Pin To Net: NetName=专属6V Pin=C10-1
Added Pin To Net: NetName=专属6V Pin=R10-1
Added Net: Name=专属6V
Added Member To Class: ClassName=DS_Motor Member=Component *1 AMS1117-adj
Added Member To Class: ClassName=DS_Motor Member=Component *2 电位器
Added Member To Class: ClassName=DS_Motor Member=Component C9 Cap Pol1
Added Member To Class: ClassName=DS_Motor Member=Component C10 Cap Pol1
Added Member To Class: ClassName=DS_Motor Member=Component D7 LED0
Added Member To Class: ClassName=DS_Motor Member=Component R10 Res2
Added Room: Name=DS_Motor
