Added Component: Designator=B1(KF301-2P)
Added Component: Designator=B2(KF301-2P)
Added Component: Designator=C1(0805(2012))
Added Component: Designator=C2(SOD-323(0805))
Added Component: Designator=C6(0805(2012))
Added Component: Designator=C7(SOD-323(0805))
Added Component: Designator=C9(0805(2012))
Added Component: Designator=C10(SOD-323(0805))
Added Component: Designator=C11(0805(2012))
Added Component: Designator=C12(SOD-323(0805))
Added Component: Designator=D1(0805(2012))
Added Component: Designator=D2(0805(2012))
Added Component: Designator=D4(0805(2012))
Added Component: Designator=D5(0805(2012))
Added Component: Designator=D9(0805(2012))
Added Component: Designator=D10(0805(2012))
Added Component: Designator=D11(0805(2012))
Added Component: Designator=D12(0805(2012))
Added Component: Designator=D13(0805(2012))
Added Component: Designator=D14(0805LED)
Added Component: Designator=D15(0805(2012))
Added Component: Designator=D19(0805(2012))
Added Component: Designator=D20(0805(2012))
Added Component: Designator=H1(KF301-2P)
Added Component: Designator=P1(HDR1X6)
Added Component: Designator=Q1(LR7843)
Added Component: Designator=Q2(LR7843)
Added Component: Designator=Q3(LR7843)
Added Component: Designator=Q4(LR7843)
Added Component: Designator=Q5(LR7843)
Added Component: Designator=Q6(LR7843)
Added Component: Designator=Q7(LR7843)
Added Component: Designator=Q8(LR7843)
Added Component: Designator=R1(0805(2012))
Added Component: Designator=R3(0805(2012))
Added Component: Designator=R9(0805(2012))
Added Component: Designator=R10(0805(2012))
Added Component: Designator=R11(0805(2012))
Added Component: Designator=R12(0805(2012))
Added Component: Designator=R15(0805(2012))
Added Component: Designator=R16(0805(2012))
Added Component: Designator=R17(0805(2012))
Added Component: Designator=R20(0805)
Added Component: Designator=R21(0805)
Added Component: Designator=S2(SWITCH)
Added Component: Designator=U1(IR2104S)
Added Component: Designator=U3(IR2104S)
Added Component: Designator=U5(IR2104S)
Added Component: Designator=U6(IR2104S)
Added Pin To Net: NetName=NetB1_1 Pin=B1-1
Added Pin To Net: NetName=NetB1_2 Pin=B1-2
Added Pin To Net: NetName=NetB2_1 Pin=B2-1
Added Pin To Net: NetName=NetB2_2 Pin=B2-2
Added Pin To Net: NetName=NetC1_1 Pin=C1-1
Added Pin To Net: NetName=NetB1_1 Pin=C1-2
Added Pin To Net: NetName=12V Pin=C2-1
Added Pin To Net: NetName=GND Pin=C2-2
Added Pin To Net: NetName=NetB1_2 Pin=C6-2
Added Pin To Net: NetName=12V Pin=C7-1
Added Pin To Net: NetName=GND Pin=C7-2
Added Pin To Net: NetName=NetB2_1 Pin=C9-2
Added Pin To Net: NetName=12V Pin=C10-1
Added Pin To Net: NetName=GND Pin=C10-2
Added Pin To Net: NetName=NetB2_2 Pin=C11-2
Added Pin To Net: NetName=12V Pin=C12-1
Added Pin To Net: NetName=GND Pin=C12-2
Added Pin To Net: NetName=NetC1_1 Pin=D1-1
Added Pin To Net: NetName=12V Pin=D1-2
Added Pin To Net: NetName=VBAT Pin=D2-1
Added Pin To Net: NetName=NetB1_1 Pin=D2-2
Added Pin To Net: NetName=NetB1_1 Pin=D4-1
Added Pin To Net: NetName=GND Pin=D4-2
Added Pin To Net: NetName=12V Pin=D5-2
Added Pin To Net: NetName=VBAT Pin=D9-1
Added Pin To Net: NetName=NetB1_2 Pin=D9-2
Added Pin To Net: NetName=NetB1_2 Pin=D10-1
Added Pin To Net: NetName=GND Pin=D10-2
Added Pin To Net: NetName=12V Pin=D11-2
Added Pin To Net: NetName=VBAT Pin=D12-1
Added Pin To Net: NetName=NetB2_1 Pin=D12-2
Added Pin To Net: NetName=NetB2_1 Pin=D13-1
Added Pin To Net: NetName=GND Pin=D13-2
Added Pin To Net: NetName=GND Pin=D14-2
Added Pin To Net: NetName=12V Pin=D15-2
Added Pin To Net: NetName=VBAT Pin=D19-1
Added Pin To Net: NetName=NetB2_2 Pin=D19-2
Added Pin To Net: NetName=NetB2_2 Pin=D20-1
Added Pin To Net: NetName=GND Pin=D20-2
Added Pin To Net: NetName=GND Pin=H1-1
Added Pin To Net: NetName=GND Pin=P1-1
Added Pin To Net: NetName=12V Pin=P1-2
Added Pin To Net: NetName=NetQ1_1 Pin=Q1-1
Added Pin To Net: NetName=VBAT Pin=Q1-2
Added Pin To Net: NetName=NetB1_1 Pin=Q1-3
Added Pin To Net: NetName=NetQ2_1 Pin=Q2-1
Added Pin To Net: NetName=NetB1_1 Pin=Q2-2
Added Pin To Net: NetName=GND Pin=Q2-3
Added Pin To Net: NetName=NetQ3_1 Pin=Q3-1
Added Pin To Net: NetName=VBAT Pin=Q3-2
Added Pin To Net: NetName=NetB1_2 Pin=Q3-3
Added Pin To Net: NetName=NetQ4_1 Pin=Q4-1
Added Pin To Net: NetName=NetB1_2 Pin=Q4-2
Added Pin To Net: NetName=GND Pin=Q4-3
Added Pin To Net: NetName=NetQ5_1 Pin=Q5-1
Added Pin To Net: NetName=VBAT Pin=Q5-2
Added Pin To Net: NetName=NetB2_1 Pin=Q5-3
Added Pin To Net: NetName=NetQ6_1 Pin=Q6-1
Added Pin To Net: NetName=NetB2_1 Pin=Q6-2
Added Pin To Net: NetName=GND Pin=Q6-3
Added Pin To Net: NetName=NetQ7_1 Pin=Q7-1
Added Pin To Net: NetName=VBAT Pin=Q7-2
Added Pin To Net: NetName=NetB2_2 Pin=Q7-3
Added Pin To Net: NetName=NetQ8_1 Pin=Q8-1
Added Pin To Net: NetName=NetB2_2 Pin=Q8-2
Added Pin To Net: NetName=GND Pin=Q8-3
Added Pin To Net: NetName=NetR1_1 Pin=R1-1
Added Pin To Net: NetName=NetQ1_1 Pin=R1-2
Added Pin To Net: NetName=NetR3_1 Pin=R3-1
Added Pin To Net: NetName=NetQ2_1 Pin=R3-2
Added Pin To Net: NetName=NetR9_1 Pin=R9-1
Added Pin To Net: NetName=NetQ3_1 Pin=R9-2
Added Pin To Net: NetName=NetR10_1 Pin=R10-1
Added Pin To Net: NetName=NetQ4_1 Pin=R10-2
Added Pin To Net: NetName=NetQ5_1 Pin=R11-2
Added Pin To Net: NetName=NetQ6_1 Pin=R12-2
Added Pin To Net: NetName=VBAT Pin=R15-1
Added Pin To Net: NetName=NetQ7_1 Pin=R16-2
Added Pin To Net: NetName=NetQ8_1 Pin=R17-2
Added Pin To Net: NetName=NetB1_2 Pin=R20-1
Added Pin To Net: NetName=NetB1_1 Pin=R20-2
Added Pin To Net: NetName=NetB2_2 Pin=R21-1
Added Pin To Net: NetName=NetB2_1 Pin=R21-2
Added Pin To Net: NetName=VBAT Pin=S2-2
Added Pin To Net: NetName=12V Pin=U1-1
Added Pin To Net: NetName=12V Pin=U1-3
Added Pin To Net: NetName=GND Pin=U1-4
Added Pin To Net: NetName=NetR3_1 Pin=U1-5
Added Pin To Net: NetName=NetB1_1 Pin=U1-6
Added Pin To Net: NetName=NetR1_1 Pin=U1-7
Added Pin To Net: NetName=NetC1_1 Pin=U1-8
Added Pin To Net: NetName=12V Pin=U3-1
Added Pin To Net: NetName=12V Pin=U3-3
Added Pin To Net: NetName=GND Pin=U3-4
Added Pin To Net: NetName=NetR10_1 Pin=U3-5
Added Pin To Net: NetName=NetB1_2 Pin=U3-6
Added Pin To Net: NetName=NetR9_1 Pin=U3-7
Added Pin To Net: NetName=12V Pin=U5-1
Added Pin To Net: NetName=12V Pin=U5-3
Added Pin To Net: NetName=GND Pin=U5-4
Added Pin To Net: NetName=NetB2_1 Pin=U5-6
Added Pin To Net: NetName=12V Pin=U6-1
Added Pin To Net: NetName=12V Pin=U6-3
Added Pin To Net: NetName=GND Pin=U6-4
Added Pin To Net: NetName=NetB2_2 Pin=U6-6
Added Pin To Net: NetName=MOTOR IN1 Pin=P1-6
Added Pin To Net: NetName=MOTOR IN1 Pin=U5-2
Added Net: Name=MOTOR IN1
Added Pin To Net: NetName=MOTOR IN2 Pin=P1-5
Added Pin To Net: NetName=MOTOR IN2 Pin=U6-2
Added Net: Name=MOTOR IN2
Added Pin To Net: NetName=MOTOR IN3 Pin=P1-4
Added Pin To Net: NetName=MOTOR IN3 Pin=U3-2
Added Net: Name=MOTOR IN3
Added Pin To Net: NetName=MOTOR IN4 Pin=P1-3
Added Pin To Net: NetName=MOTOR IN4 Pin=U1-2
Added Net: Name=MOTOR IN4
Added Pin To Net: NetName=NetC6_1 Pin=C6-1
Added Pin To Net: NetName=NetC6_1 Pin=D5-1
Added Pin To Net: NetName=NetC6_1 Pin=U3-8
Added Net: Name=NetC6_1
Added Pin To Net: NetName=NetC9_1 Pin=C9-1
Added Pin To Net: NetName=NetC9_1 Pin=D11-1
Added Pin To Net: NetName=NetC9_1 Pin=U5-8
Added Net: Name=NetC9_1
Added Pin To Net: NetName=NetC11_1 Pin=C11-1
Added Pin To Net: NetName=NetC11_1 Pin=D15-1
Added Pin To Net: NetName=NetC11_1 Pin=U6-8
Added Net: Name=NetC11_1
Added Pin To Net: NetName=NetD14_1 Pin=D14-1
Added Pin To Net: NetName=NetD14_1 Pin=R15-2
Added Net: Name=NetD14_1
Added Pin To Net: NetName=NetH1_2 Pin=H1-2
Added Pin To Net: NetName=NetH1_2 Pin=S2-1
Added Net: Name=NetH1_2
Added Pin To Net: NetName=NetR11_1 Pin=R11-1
Added Pin To Net: NetName=NetR11_1 Pin=U5-7
Added Net: Name=NetR11_1
Added Pin To Net: NetName=NetR12_1 Pin=R12-1
Added Pin To Net: NetName=NetR12_1 Pin=U5-5
Added Net: Name=NetR12_1
Added Pin To Net: NetName=NetR16_1 Pin=R16-1
Added Pin To Net: NetName=NetR16_1 Pin=U6-7
Added Net: Name=NetR16_1
Added Pin To Net: NetName=NetR17_1 Pin=R17-1
Added Pin To Net: NetName=NetR17_1 Pin=U6-5
Added Net: Name=NetR17_1
Added Member To Class: ClassName=驱动 Member=Component B1 Motor
Added Member To Class: ClassName=驱动 Member=Component B2 Motor
Added Member To Class: ClassName=驱动 Member=Component C1 Cap
Added Member To Class: ClassName=驱动 Member=Component C2 Cap Pol1
Added Member To Class: ClassName=驱动 Member=Component C6 Cap
Added Member To Class: ClassName=驱动 Member=Component C7 Cap Pol1
Added Member To Class: ClassName=驱动 Member=Component C9 Cap
Added Member To Class: ClassName=驱动 Member=Component C10 Cap Pol1
Added Member To Class: ClassName=驱动 Member=Component C11 Cap
Added Member To Class: ClassName=驱动 Member=Component C12 Cap Pol1
Added Member To Class: ClassName=驱动 Member=Component D1 1N5819
Added Member To Class: ClassName=驱动 Member=Component D2 1N5819
Added Member To Class: ClassName=驱动 Member=Component D4 1N5819
Added Member To Class: ClassName=驱动 Member=Component D5 1N5819
Added Member To Class: ClassName=驱动 Member=Component D9 1N5819
Added Member To Class: ClassName=驱动 Member=Component D10 1N5819
Added Member To Class: ClassName=驱动 Member=Component D11 1N5819
Added Member To Class: ClassName=驱动 Member=Component D12 1N5819
Added Member To Class: ClassName=驱动 Member=Component D13 1N5819
Added Member To Class: ClassName=驱动 Member=Component D14 RED
Added Member To Class: ClassName=驱动 Member=Component D15 1N5819
Added Member To Class: ClassName=驱动 Member=Component D19 1N5819
Added Member To Class: ClassName=驱动 Member=Component D20 1N5819
Added Member To Class: ClassName=驱动 Member=Component H1 POWER IN
Added Member To Class: ClassName=驱动 Member=Component P1 PWM
Added Member To Class: ClassName=驱动 Member=Component Q1 IR7843
Added Member To Class: ClassName=驱动 Member=Component Q2 IR7843
Added Member To Class: ClassName=驱动 Member=Component Q3 IR7843
Added Member To Class: ClassName=驱动 Member=Component Q4 IR7843
Added Member To Class: ClassName=驱动 Member=Component Q5 IR7843
Added Member To Class: ClassName=驱动 Member=Component Q6 IR7843
Added Member To Class: ClassName=驱动 Member=Component Q7 IR7843
Added Member To Class: ClassName=驱动 Member=Component Q8 IR7843
Added Member To Class: ClassName=驱动 Member=Component R1 Res2
Added Member To Class: ClassName=驱动 Member=Component R3 Res2
Added Member To Class: ClassName=驱动 Member=Component R9 Res2
Added Member To Class: ClassName=驱动 Member=Component R10 Res2
Added Member To Class: ClassName=驱动 Member=Component R11 Res2
Added Member To Class: ClassName=驱动 Member=Component R12 Res2
Added Member To Class: ClassName=驱动 Member=Component R15 Res2
Added Member To Class: ClassName=驱动 Member=Component R16 Res2
Added Member To Class: ClassName=驱动 Member=Component R17 Res2
Added Member To Class: ClassName=驱动 Member=Component R20 Res Varistor
Added Member To Class: ClassName=驱动 Member=Component R21 Res Varistor
Added Member To Class: ClassName=驱动 Member=Component S2 zk
Added Member To Class: ClassName=驱动 Member=Component U1 IR2104S
Added Member To Class: ClassName=驱动 Member=Component U3 IR2104S
Added Member To Class: ClassName=驱动 Member=Component U5 IR2104S
Added Member To Class: ClassName=驱动 Member=Component U6 IR2104S
Added Room: Name=驱动
