Added Component: Designator=*4(HDR2X5)
Added Component: Designator=*5(HDR1X6)
Added Component: Designator=*6(HDR1X4)
Added Component: Designator=*7(HDR1X3)
Added Component: Designator=*8(HDR2X5)
Added Component: Designator=*9(HDR1X8)
Added Component: Designator=blue1(HDR1X4)
Added Component: Designator=BMQ1(HDR2X3)
Added Component: Designator=BMQ2(HDR2X3)
Added Component: Designator=C1(0603)
Added Component: Designator=C2(0603)
Added Component: Designator=C3(0603)
Added Component: Designator=C4(0603)
Added Component: Designator=C5(0603)
Added Component: Designator=C6(0603)
Added Component: Designator=C7(0603)
Added Component: Designator=C8(0603)
Added Component: Designator=C9(0603)
Added Component: Designator=C10(0603)
Added Component: Designator=C11(0603)
Added Component: Designator=C12(0603)
Added Component: Designator=C13(0603)
Added Component: Designator=C14(0603)
Added Component: Designator=C15(0603)
Added Component: Designator=C16(0603)
Added Component: Designator=C17(0603)
Added Component: Designator=C18(0603)
Added Component: Designator=C19(0603)
Added Component: Designator=C20(0805)
Added Component: Designator=C21(0603)
Added Component: Designator=C22(0603)
Added Component: Designator=C23(0603)
Added Component: Designator=C25(0805)
Added Component: Designator=C26(0805)
Added Component: Designator=C27(0603)
Added Component: Designator=C28(0603)
Added Component: Designator=C31(0603)
Added Component: Designator=C32(0603)
Added Component: Designator=C33(0603)
Added Component: Designator=C34(0603)
Added Component: Designator=C35(0603)
Added Component: Designator=C36(0603)
Added Component: Designator=C37(0603)
Added Component: Designator=C38(0603)
Added Component: Designator=DY1(HDR1X2)
Added Component: Designator=L1(0603)
Added Component: Designator=L2(0603)
Added Component: Designator=L3(0603)
Added Component: Designator=Moter1(HDR1X6)
Added Component: Designator=oled1(HDR1X6)
Added Component: Designator=R1(0805)
Added Component: Designator=R2(0805)
Added Component: Designator=R3(0805)
Added Component: Designator=R4(0805)
Added Component: Designator=R5(0805)
Added Component: Designator=R6(0805)
Added Component: Designator=R7(0805)
Added Component: Designator=R8(0805)
Added Component: Designator=R9(0805)
Added Component: Designator=R10(0805)
Added Component: Designator=R11(0805)
Added Component: Designator=R12(0603)
Added Component: Designator=R13(0805)
Added Component: Designator=R14(0603)
Added Component: Designator=R15(0805)
Added Component: Designator=R16(0805)
Added Component: Designator=R17(0603)
Added Component: Designator=R18(0805)
Added Component: Designator=R19(0603)
Added Component: Designator=R20(0805)
Added Component: Designator=R21(0603)
Added Component: Designator=R22(0603)
Added Component: Designator=R23(0603)
Added Component: Designator=R24(0805)
Added Component: Designator=R25(0603)
Added Component: Designator=R26(0603)
Added Component: Designator=R27(0603)
Added Component: Designator=R28(0603)
Added Component: Designator=R29(0603)
Added Component: Designator=R30(0603)
Added Component: Designator=R31(0805)
Added Component: Designator=R32(0805)
Added Pin To Net: NetName=3V3-1 Pin=*4-10
Added Pin To Net: NetName=3V3-1 Pin=C3-1
Added Pin To Net: NetName=3V3-1 Pin=C4-2
Added Pin To Net: NetName=3V3-1 Pin=C5-2
Added Pin To Net: NetName=3V3-1 Pin=C6-1
Added Pin To Net: NetName=3V3-1 Pin=C10-1
Added Pin To Net: NetName=3V3-1 Pin=C18-1
Added Pin To Net: NetName=3V3-1 Pin=C21-1
Added Pin To Net: NetName=3V3-1 Pin=C22-1
Added Pin To Net: NetName=3V3-1 Pin=C23-1
Added Pin To Net: NetName=3V3-1 Pin=C32-1
Added Pin To Net: NetName=3V3-1 Pin=C38-2
Added Pin To Net: NetName=3V3-1 Pin=L1-1
Added Pin To Net: NetName=3V3-1 Pin=L2-1
Added Pin To Net: NetName=3V3-1 Pin=R5-2
Added Pin To Net: NetName=3V3-1 Pin=R12-1
Added Pin To Net: NetName=3V3-1 Pin=R14-1
Added Pin To Net: NetName=3V3-1 Pin=R19-1
Added Pin To Net: NetName=3V3-1 Pin=R25-1
Added Net: Name=3V3-1
Added Pin To Net: NetName=3V3-3 Pin=C31-1
Added Pin To Net: NetName=3V3-3 Pin=C35-2
Added Pin To Net: NetName=3V3-3 Pin=R1-2
Added Pin To Net: NetName=3V3-3 Pin=R2-2
Added Pin To Net: NetName=3V3-3 Pin=R3-2
Added Pin To Net: NetName=3V3-3 Pin=R4-1
Added Pin To Net: NetName=3V3-3 Pin=R6-2
Added Pin To Net: NetName=3V3-3 Pin=R7-2
Added Pin To Net: NetName=3V3-3 Pin=R8-2
Added Pin To Net: NetName=3V3-3 Pin=R9-2
Added Pin To Net: NetName=3V3-3 Pin=R10-2
Added Pin To Net: NetName=3V3-3 Pin=R11-2
Added Net: Name=3V3-3
Added Pin To Net: NetName=5V Pin=*5-2
Added Pin To Net: NetName=5V Pin=*6-2
Added Pin To Net: NetName=5V Pin=*8-10
Added Pin To Net: NetName=5V Pin=*9-1
Added Pin To Net: NetName=5V Pin=blue1-2
Added Pin To Net: NetName=5V Pin=BMQ1-2
Added Pin To Net: NetName=5V Pin=BMQ2-2
Added Pin To Net: NetName=5V Pin=C20-2
Added Pin To Net: NetName=5V Pin=C33-2
Added Pin To Net: NetName=5V Pin=C34-2
Added Pin To Net: NetName=5V Pin=C36-2
Added Pin To Net: NetName=5V Pin=C37-2
Added Pin To Net: NetName=5V Pin=oled1-2
Added Net: Name=5V
Added Pin To Net: NetName=6V Pin=*7-2
Added Pin To Net: NetName=6V Pin=C27-2
Added Pin To Net: NetName=6V Pin=R32-2
Added Net: Name=6V
Added Pin To Net: NetName=7V2 Pin=C26-1
Added Pin To Net: NetName=7V2 Pin=C28-2
Added Pin To Net: NetName=7V2 Pin=DY1-2
Added Pin To Net: NetName=7V2 Pin=R27-2
Added Pin To Net: NetName=7V2 Pin=R31-2
Added Net: Name=7V2
Added Pin To Net: NetName=12V Pin=Moter1-5
Added Pin To Net: NetName=12V Pin=R29-2
Added Net: Name=12V
Added Net: Name=CLKOUT
Added Pin To Net: NetName=EXTAL33 Pin=C17-2
Added Pin To Net: NetName=EXTAL33 Pin=R22-1
Added Net: Name=EXTAL33
Added Pin To Net: NetName=GND Pin=*4-5
Added Pin To Net: NetName=GND Pin=*5-1
Added Pin To Net: NetName=GND Pin=*6-1
Added Pin To Net: NetName=GND Pin=*7-1
Added Pin To Net: NetName=GND Pin=*8-1
Added Pin To Net: NetName=GND Pin=*9-2
Added Pin To Net: NetName=GND Pin=blue1-1
Added Pin To Net: NetName=GND Pin=BMQ1-1
Added Pin To Net: NetName=GND Pin=BMQ2-1
Added Pin To Net: NetName=GND Pin=C1-1
Added Pin To Net: NetName=GND Pin=C2-1
Added Pin To Net: NetName=GND Pin=C3-2
Added Pin To Net: NetName=GND Pin=C4-1
Added Pin To Net: NetName=GND Pin=C5-1
Added Pin To Net: NetName=GND Pin=C6-2
Added Pin To Net: NetName=GND Pin=C7-1
Added Pin To Net: NetName=GND Pin=C8-1
Added Pin To Net: NetName=GND Pin=C9-1
Added Pin To Net: NetName=GND Pin=C10-2
Added Pin To Net: NetName=GND Pin=C15-1
Added Pin To Net: NetName=GND Pin=C16-1
Added Pin To Net: NetName=GND Pin=C17-1
Added Pin To Net: NetName=GND Pin=C18-2
Added Pin To Net: NetName=GND Pin=C19-1
Added Pin To Net: NetName=GND Pin=C20-1
Added Pin To Net: NetName=GND Pin=C21-2
Added Pin To Net: NetName=GND Pin=C22-2
Added Pin To Net: NetName=GND Pin=C23-2
Added Pin To Net: NetName=GND Pin=C25-2
Added Pin To Net: NetName=GND Pin=C26-2
Added Pin To Net: NetName=GND Pin=C27-1
Added Pin To Net: NetName=GND Pin=C28-1
Added Pin To Net: NetName=GND Pin=C31-2
Added Pin To Net: NetName=GND Pin=C32-2
Added Pin To Net: NetName=GND Pin=C33-1
Added Pin To Net: NetName=GND Pin=C34-1
Added Pin To Net: NetName=GND Pin=C35-1
Added Pin To Net: NetName=GND Pin=C36-1
Added Pin To Net: NetName=GND Pin=C37-1
Added Pin To Net: NetName=GND Pin=C38-1
Added Pin To Net: NetName=GND Pin=DY1-1
Added Pin To Net: NetName=GND Pin=L3-1
Added Pin To Net: NetName=GND Pin=Moter1-6
Added Pin To Net: NetName=GND Pin=oled1-1
Added Pin To Net: NetName=GND Pin=R13-2
Added Pin To Net: NetName=GND Pin=R23-2
Added Pin To Net: NetName=GND Pin=R26-1
Added Pin To Net: NetName=GND Pin=R30-2
Added Net: Name=GND
Added Pin To Net: NetName=MOTOR1 IN1 Pin=Moter1-1
Added Net: Name=MOTOR1 IN1
Added Pin To Net: NetName=MOTOR1 IN2 Pin=Moter1-2
Added Net: Name=MOTOR1 IN2
Added Pin To Net: NetName=MOTOR1 IN3 Pin=Moter1-3
Added Net: Name=MOTOR1 IN3
Added Pin To Net: NetName=MOTOR1 IN4 Pin=Moter1-4
Added Net: Name=MOTOR1 IN4
Added Pin To Net: NetName=Net1_1 Pin=R32-1
Added Net: Name=Net1_1
Added Pin To Net: NetName=Net*2_21 Pin=C7-2
Added Pin To Net: NetName=Net*2_21 Pin=C9-2
Added Pin To Net: NetName=Net*2_21 Pin=R12-2
Added Net: Name=Net*2_21
Added Pin To Net: NetName=Net*2_22 Pin=C8-2
Added Pin To Net: NetName=Net*2_22 Pin=R14-2
Added Net: Name=Net*2_22
Added Pin To Net: NetName=Net*2_31 Pin=R17-2
Added Net: Name=Net*2_31
Added Pin To Net: NetName=Net*2_32 Pin=C11-2
Added Pin To Net: NetName=Net*2_32 Pin=C12-2
Added Pin To Net: NetName=Net*2_32 Pin=C13-2
Added Pin To Net: NetName=Net*2_32 Pin=C14-2
Added Pin To Net: NetName=Net*2_32 Pin=L2-2
Added Pin To Net: NetName=Net*2_32 Pin=R17-1
Added Net: Name=Net*2_32
Added Pin To Net: NetName=Net*2_33 Pin=C11-1
Added Pin To Net: NetName=Net*2_33 Pin=C12-1
Added Pin To Net: NetName=Net*2_33 Pin=C13-1
Added Pin To Net: NetName=Net*2_33 Pin=C14-1
Added Pin To Net: NetName=Net*2_33 Pin=L3-2
Added Pin To Net: NetName=Net*2_33 Pin=R21-1
Added Net: Name=Net*2_33
Added Pin To Net: NetName=Net*2_34 Pin=R21-2
Added Net: Name=Net*2_34
Added Pin To Net: NetName=Net*2_42 Pin=C15-2
Added Pin To Net: NetName=Net*2_42 Pin=R19-2
Added Net: Name=Net*2_42
Added Pin To Net: NetName=Net*3_4 Pin=C1-2
Added Pin To Net: NetName=Net*3_4 Pin=C2-2
Added Pin To Net: NetName=Net*3_4 Pin=L1-2
Added Net: Name=Net*3_4
Added Net: Name=Netbell1_2
Added Pin To Net: NetName=NetC25_1 Pin=C25-1
Added Net: Name=NetC25_1
Added Net: Name=NetCON1_1
Added Pin To Net: NetName=NetD1_2 Pin=R13-1
Added Net: Name=NetD1_2
Added Pin To Net: NetName=NetD2_2 Pin=R15-1
Added Net: Name=NetD2_2
Added Pin To Net: NetName=NetD3_2 Pin=R16-1
Added Net: Name=NetD3_2
Added Pin To Net: NetName=NetD4_2 Pin=R18-1
Added Net: Name=NetD4_2
Added Pin To Net: NetName=NetD5_2 Pin=R20-1
Added Net: Name=NetD5_2
Added Net: Name=NetD6_1
Added Pin To Net: NetName=NetD7_1 Pin=R31-1
Added Net: Name=NetD7_1
Added Net: Name=NetD8_1
Added Pin To Net: NetName=NetL4_1 Pin=R27-1
Added Pin To Net: NetName=NetL4_1 Pin=R28-2
Added Net: Name=NetL4_1
Added Pin To Net: NetName=NetQ1_2 Pin=R24-2
Added Net: Name=NetQ1_2
Added Pin To Net: NetName=NetR28_1 Pin=R28-1
Added Net: Name=NetR28_1
Added Pin To Net: NetName=NetR29_1 Pin=R29-1
Added Pin To Net: NetName=NetR29_1 Pin=R30-1
Added Net: Name=NetR29_1
Added Pin To Net: NetName=PTA0 Pin=*4-6
Added Net: Name=PTA0
Added Pin To Net: NetName=PTA1 Pin=*4-8
Added Net: Name=PTA1
Added Pin To Net: NetName=PTA2 Pin=*4-3
Added Net: Name=PTA2
Added Pin To Net: NetName=PTA3 Pin=*4-7
Added Net: Name=PTA3
Added Pin To Net: NetName=PTA4 Pin=*4-9
Added Pin To Net: NetName=PTA4 Pin=R5-1
Added Net: Name=PTA4
Added Pin To Net: NetName=PTA7 Pin=*8-7
Added Net: Name=PTA7
Added Pin To Net: NetName=PTA8 Pin=*8-6
Added Net: Name=PTA8
Added Pin To Net: NetName=PTA10 Pin=BMQ2-3
Added Net: Name=PTA10
Added Pin To Net: NetName=PTA11 Pin=BMQ2-4
Added Net: Name=PTA11
Added Pin To Net: NetName=PTA12 Pin=BMQ1-3
Added Net: Name=PTA12
Added Pin To Net: NetName=PTA13 Pin=BMQ1-4
Added Net: Name=PTA13
Added Pin To Net: NetName=PTA14 Pin=*5-3
Added Net: Name=PTA14
Added Pin To Net: NetName=PTA15 Pin=*5-4
Added Net: Name=PTA15
Added Pin To Net: NetName=PTA16 Pin=*5-5
Added Net: Name=PTA16
Added Pin To Net: NetName=PTA17 Pin=*5-6
Added Net: Name=PTA17
Added Pin To Net: NetName=PTA19 Pin=oled1-6
Added Net: Name=PTA19
Added Pin To Net: NetName=PTA24 Pin=oled1-5
Added Net: Name=PTA24
Added Net: Name=PTA25
Added Net: Name=PTA26
Added Pin To Net: NetName=PTA27 Pin=R23-1
Added Net: Name=PTA27
Added Pin To Net: NetName=PTA29 Pin=R26-2
Added Net: Name=PTA29
Added Net: Name=PTB0
Added Net: Name=PTB1
Added Net: Name=PTB2
Added Net: Name=PTB3
Added Net: Name=PTB4
Added Net: Name=PTB5
Added Net: Name=PTB6
Added Net: Name=PTB7
Added Pin To Net: NetName=PTB10 Pin=*8-2
Added Net: Name=PTB10
Added Pin To Net: NetName=PTB11 Pin=*8-3
Added Net: Name=PTB11
Added Pin To Net: NetName=PTB16 Pin=R1-1
Added Net: Name=PTB16
Added Pin To Net: NetName=PTB17 Pin=R2-1
Added Net: Name=PTB17
Added Pin To Net: NetName=PTB18 Pin=R3-1
Added Net: Name=PTB18
Added Pin To Net: NetName=PTB19 Pin=R4-2
Added Net: Name=PTB19
Added Pin To Net: NetName=PTB21 Pin=oled1-3
Added Net: Name=PTB21
Added Pin To Net: NetName=PTB22 Pin=oled1-4
Added Net: Name=PTB22
Added Pin To Net: NetName=PTC0 Pin=*8-4
Added Net: Name=PTC0
Added Pin To Net: NetName=PTC1 Pin=*8-5
Added Net: Name=PTC1
Added Pin To Net: NetName=PTC2 Pin=*7-3
Added Net: Name=PTC2
Added Pin To Net: NetName=PTC4 Pin=*9-3
Added Net: Name=PTC4
Added Pin To Net: NetName=PTC5 Pin=*9-4
Added Net: Name=PTC5
Added Pin To Net: NetName=PTC6 Pin=*9-5
Added Net: Name=PTC6
Added Pin To Net: NetName=PTC7 Pin=*9-6
Added Net: Name=PTC7
Added Pin To Net: NetName=PTC8 Pin=*9-7
Added Net: Name=PTC8
Added Pin To Net: NetName=PTC9 Pin=*9-8
Added Net: Name=PTC9
Added Pin To Net: NetName=PTC10 Pin=R10-1
Added Net: Name=PTC10
Added Pin To Net: NetName=PTC11 Pin=R11-1
Added Net: Name=PTC11
Added Pin To Net: NetName=PTC12 Pin=R8-1
Added Net: Name=PTC12
Added Pin To Net: NetName=PTD0 Pin=R24-1
Added Net: Name=PTD0
Added Net: Name=PTD1
Added Net: Name=PTD2
Added Net: Name=PTD3
Added Net: Name=PTD4
Added Net: Name=PTD5
Added Net: Name=PTD6
Added Net: Name=PTD7
Added Net: Name=PTD8
Added Pin To Net: NetName=PTD9 Pin=R9-1
Added Net: Name=PTD9
Added Pin To Net: NetName=PTD10 Pin=R6-1
Added Net: Name=PTD10
Added Pin To Net: NetName=PTD11 Pin=R7-1
Added Net: Name=PTD11
Added Pin To Net: NetName=PTD12 Pin=R15-2
Added Net: Name=PTD12
Added Pin To Net: NetName=PTD13 Pin=R16-2
Added Net: Name=PTD13
Added Pin To Net: NetName=PTD14 Pin=R18-2
Added Net: Name=PTD14
Added Pin To Net: NetName=PTD15 Pin=R20-2
Added Net: Name=PTD15
Added Pin To Net: NetName=PTE0 Pin=*6-4
Added Net: Name=PTE0
Added Pin To Net: NetName=PTE1 Pin=*6-3
Added Net: Name=PTE1
Added Net: Name=PTE5
Added Net: Name=PTE6
Added Net: Name=PTE7
Added Pin To Net: NetName=PTE8 Pin=blue1-4
Added Net: Name=PTE8
Added Pin To Net: NetName=PTE9 Pin=blue1-3
Added Net: Name=PTE9
Added Net: Name=PTE10
Added Pin To Net: NetName=PTE24 Pin=*8-9
Added Net: Name=PTE24
Added Pin To Net: NetName=PTE25 Pin=*8-8
Added Net: Name=PTE25
Added Net: Name=PTE26
Added Net: Name=PTE27
Added Pin To Net: NetName=RESET Pin=*4-2
Added Pin To Net: NetName=RESET Pin=C19-2
Added Pin To Net: NetName=RESET Pin=R25-2
Added Net: Name=RESET
Added Net: Name=UART3_RX
Added Net: Name=UART3_TX
Added Pin To Net: NetName=XTAL32 Pin=C16-2
Added Pin To Net: NetName=XTAL32 Pin=R22-2
Added Net: Name=XTAL32
Added Class: Name=ai
Added Room: Name=ai
