Removed Pin From Net: NetName=12V Pin=C2-1
Removed Pin From Net: NetName=7V2 Pin=C4-1
Removed Pin From Net: NetName=GND Pin=C4-2
Removed Pin From Net: NetName=5V Pin=C5-1
Removed Pin From Net: NetName=GND Pin=C5-2
Removed Pin From Net: NetName=7V2 Pin=C6-1
Removed Pin From Net: NetName=GND Pin=C6-2
Removed Pin From Net: NetName=3V3 Pin=C7-1
Removed Pin From Net: NetName=GND Pin=C7-2
Removed Pin From Net: NetName=GND Pin=D4-2
Removed Pin From Net: NetName=3V3 Pin=L3-2
Removed Pin From Net: NetName=7V2 Pin=U3-1
Removed Pin From Net: NetName=3V3 Pin=U3-4
Removed Member From Class: ClassName=DS_zk Member=D4
Removed Member From Class: ClassName=DS_zk Member=L3
Removed Member From Class: ClassName=DS_zk Member=U4
Change Component DesignItemId : Designator=C4 Old DesignItemId=Cap Pol1 New DesignItemId=Cap
Change Component DesignItemId : Designator=C5 Old DesignItemId=Cap Pol1 New DesignItemId=Cap
Change Component DesignItemId : Designator=C2 Old DesignItemId=Cap Pol3 New DesignItemId=Cap Pol1
Change Component DesignItemId : Designator=C3 Old DesignItemId=Cap Semi New DesignItemId=Cap Pol1
Change Component Comment : Designator=C3 Old Comment=470pF New Comment=Cap Pol1
Change Component Comment : Designator=C2 Old Comment=470uF New Comment=Cap Pol1
Change Component Comment : Designator=C4 Old Comment=Cap Pol1 New Comment=Cap
Change Component Comment : Designator=C5 Old Comment=Cap Pol1 New Comment=Cap
Change Component Designator: OldDesignator=D1 NewDesignator=D2
Change Component Designator: OldDesignator=D2 NewDesignator=D1
Change Component Designator: OldDesignator=R2 NewDesignator=R6
Change Component Designator: OldDesignator=R3 NewDesignator=R7
Change Component Designator: OldDesignator=R4 NewDesignator=R8
Change Component Designator: OldDesignator=R5 NewDesignator=R9
Change Component Designator: OldDesignator=R6 NewDesignator=R10
Change Component Designator: OldDesignator=R7 NewDesignator=R11
Change Component Designator: OldDesignator=R8 NewDesignator=R12
Change Component Designator: OldDesignator=R9 NewDesignator=R13
Change Component Designator: OldDesignator=R10 NewDesignator=R14
Change Component Designator: OldDesignator=R11 NewDesignator=R15
Change Component Designator: OldDesignator=R12 NewDesignator=R16
Change Component Designator: OldDesignator=R13 NewDesignator=R2
Change Component Designator: OldDesignator=R14 NewDesignator=R3
Change Component Designator: OldDesignator=R15 NewDesignator=R4
Change Component Designator: OldDesignator=R16 NewDesignator=R5
Change Component Designator: OldDesignator=S2 NewDesignator=S7
Change Component Designator: OldDesignator=S3 NewDesignator=S2
Change Component Designator: OldDesignator=S4 NewDesignator=S3
Change Component Designator: OldDesignator=S5 NewDesignator=S4
Change Component Designator: OldDesignator=S6 NewDesignator=S5
Change Component Designator: OldDesignator=S7 NewDesignator=S6
Change Component Designator: OldDesignator=U2 NewDesignator=U3
Change Component Designator: OldDesignator=U4 NewDesignator=U2
Change Component Designator: OldDesignator=电池电压显示 NewDesignator=电池电压显示1
Change Component Description : Designator=C3 Old Description=Capacitor (Semiconductor SIM Model) New Description=Polarized Capacitor (Radial)
Change Component Description : Designator=C4 Old Description=Polarized Capacitor (Radial) New Description=Capacitor
Change Component Description : Designator=C5 Old Description=Polarized Capacitor (Radial) New Description=Capacitor
Change Component Description : Designator=C2 Old Description=Polarized Capacitor (Surface Mount) New Description=Polarized Capacitor (Radial)
Change Component Library : Designator=C4 Old Library=主控板原理图.SCHLIB New Library=Miscellaneous Devices.IntLib
Change Component Library : Designator=C5 Old Library=主控板原理图.SCHLIB New Library=Miscellaneous Devices.IntLib
Added Component: Designator=*6(TPS7933)
Added Component: Designator=1(lm1117-5v)
Added Component: Designator=C6(470UF)
Added Component: Designator=C7(0805)
Added Component: Designator=C9(470uF)
Added Component: Designator=C10(220uf)
Added Pin To Net: NetName=5V Pin=*6-1
Added Pin To Net: NetName=GND Pin=*6-2
Added Pin To Net: NetName=5V Pin=*6-3
Added Pin To Net: NetName=GND Pin=1-1
Added Pin To Net: NetName=3V3 Pin=1-2
Added Pin To Net: NetName=5V Pin=1-3
Added Pin To Net: NetName=5V Pin=C2-1
Added Pin To Net: NetName=3V3 Pin=C3-1
Added Pin To Net: NetName=GND Pin=C4-1
Added Pin To Net: NetName=5V Pin=C4-2
Added Pin To Net: NetName=GND Pin=C5-1
Added Pin To Net: NetName=3V3 Pin=C5-2
Added Pin To Net: NetName=12V Pin=C6-1
Added Pin To Net: NetName=GND Pin=C6-2
Added Pin To Net: NetName=GND Pin=C7-2
Added Pin To Net: NetName=7V2 Pin=C9-1
Added Pin To Net: NetName=GND Pin=C9-2
Added Pin To Net: NetName=5V Pin=C10-1
Added Pin To Net: NetName=GND Pin=C10-2
Added Pin To Net: NetName=GND Pin=K1-23
Added Pin To Net: NetName=GND Pin=U3-6
Change Net Name : Old Net Name=NetD1_1 New Net Name=NetD2_1
Change Net Name : Old Net Name=NetD2_1 New Net Name=NetD1_1
Change Net Name : Old Net Name=NetR14_1 New Net Name=NetR3_1
Change Net Name : Old Net Name=NetR15_1 New Net Name=NetR4_1
Added Pin To Net: NetName=Net*6_4 Pin=*6-4
Added Net: Name=Net*6_4
Added Pin To Net: NetName=NetC7_1 Pin=C7-1
Added Pin To Net: NetName=NetC7_1 Pin=U2-3
Added Net: Name=NetC7_1
Added Pin To Net: NetName=专属3.3V Pin=*6-5
Added Pin To Net: NetName=专属3.3V Pin=K1-57
Added Net: Name=专属3.3V
Added Member To Class: ClassName=DS_zk Member=Component *6 TPS79333
Added Member To Class: ClassName=DS_zk Member=Component 1 AMS1117-3.3
Added Member To Class: ClassName=DS_zk Member=Component C9 Cap Pol1
Added Member To Class: ClassName=DS_zk Member=Component C10 Cap Pol1
