Change Component Designator: Old Designator=*8 New Designator=*1
Change Component Designator: Old Designator=*11 New Designator=*9
Change Component Designator: Old Designator=* New Designator=*8
Change Component Designator: Old Designator=blue New Designator=blue1
Change Component Designator: Old Designator=C13 New Designator=C11
Change Component Designator: Old Designator=C14 New Designator=C12
Change Component Designator: Old Designator=C15 New Designator=C13
Change Component Designator: Old Designator=DY New Designator=DY1
Change Component Designator: Old Designator=moter New Designator=moter2
Change Component Designator: Old Designator=oled New Designator=oled1
Change Component Designator: Old Designator=P New Designator=P1
Change Component Designator: Old Designator=R8 New Designator=R7
Change Component Designator: Old Designator=R9 New Designator=R8
Change Component Designator: Old Designator=R10 New Designator=R9
Change Component Designator: Old Designator=R11 New Designator=R10
Change Component Designator: Old Designator=R12 New Designator=R11
Change Component Designator: Old Designator=R13 New Designator=R12
Change Component Designator: Old Designator=R14 New Designator=R13
Change Component Designator: Old Designator=R15 New Designator=R14
Change Component Designator: Old Designator=R16 New Designator=R15
Change Component Designator: Old Designator=R17 New Designator=R16
