Added Component: Designator=6050(HDR1X10)
Added Component: Designator=bell1(bezzer)
Added Component: Designator=blue(HDR1X4)
Added Component: Designator=C1(0603)
Added Component: Designator=C2(470UF)
Added Component: Designator=C3(0805(2012))
Added Component: Designator=C4(0805(2012))
Added Component: Designator=C5(470uF)
Added Component: Designator=C6(220uf)
Added Component: Designator=C7(470uF)
Added Component: Designator=C8(220uf)
Added Component: Designator=ccd1(camera_landzo)
Added Component: Designator=ccd2(camera_landzo)
Added Component: Designator=cod1(HDR2X3)
Added Component: Designator=cod2(HDR2X3)
Added Component: Designator=D1(0805LED)
Added Component: Designator=D2(0805LED)
Added Component: Designator=D3(1206(3216))
Added Component: Designator=D4(1N5824)
Added Component: Designator=D5(1N5824)
Added Component: Designator=enc(HDR1X8)
Added Component: Designator=hwdg1(HDR1X3)
Added Component: Designator=hwdg2(HDR1X3)
Added Component: Designator=K1(k60LY)
Added Component: Designator=L1(电感8*8)
Added Component: Designator=moter2(switch)
Added Component: Designator=Moter(HDR1X6)
Added Component: Designator=oled1(HDR1X6)
Added Component: Designator=power1(switch)
Added Component: Designator=ps(HDR1X2)
Added Component: Designator=Q1(npn9013)
Added Component: Designator=R1(0603)
Added Component: Designator=R2(0603)
Added Component: Designator=R3(0603)
Added Component: Designator=R4(0603)
Added Component: Designator=R5(0603)
Added Component: Designator=R6(0603)
Added Component: Designator=R7(1206(3216))
Added Component: Designator=R8(0603)
Added Component: Designator=R9(0603)
Added Component: Designator=R10(0805(2012))
Added Component: Designator=R11(0603)
Added Component: Designator=R12(0603)
Added Component: Designator=R13(0603)
Added Component: Designator=R14(0603)
Added Component: Designator=R15(0603)
Added Component: Designator=R16(0603)
Added Component: Designator=R17(0603)
Added Component: Designator=S1(BMKGTP)
Added Component: Designator=S2(BUTTON)
Added Component: Designator=S3(BUTTON)
Added Component: Designator=S4(BUTTON)
Added Component: Designator=S5(BUTTON)
Added Component: Designator=S6(BUTTON)
Added Component: Designator=S7(BUTTON)
Added Component: Designator=U1(74ls244DB)
Added Component: Designator=U2(MC34063)
Added Component: Designator=U3(LM2596)
Added Component: Designator=U4(LM2596)
Added Component: Designator=yk(HDR1X9)
Added Pin To Net: NetName=3V3 Pin=6050-1
Added Pin To Net: NetName=GND Pin=6050-2
Added Pin To Net: NetName=PTB2 Pin=6050-3
Added Pin To Net: NetName=PTB3 Pin=6050-4
Added Pin To Net: NetName=5V Pin=6050-5
Added Pin To Net: NetName=GND Pin=6050-6
Added Pin To Net: NetName=PTE11 Pin=6050-7
Added Pin To Net: NetName=PTE12 Pin=6050-8
Added Pin To Net: NetName=PTB6 Pin=6050-9
Added Pin To Net: NetName=PTB7 Pin=6050-10
Added Pin To Net: NetName=3V3 Pin=bell1-1
Added Pin To Net: NetName=Netbell1_2 Pin=bell1-2
Added Pin To Net: NetName=5V Pin=blue-1
Added Pin To Net: NetName=GND Pin=blue-2
Added Pin To Net: NetName=PTE9 Pin=blue-3
Added Pin To Net: NetName=PTE8 Pin=blue-4
Added Pin To Net: NetName=GND Pin=C1-1
Added Pin To Net: NetName=5V Pin=C1-2
Added Pin To Net: NetName=12V Pin=C2-1
Added Pin To Net: NetName=GND Pin=C2-2
Added Pin To Net: NetName=NetC3_1 Pin=C3-1
Added Pin To Net: NetName=GND Pin=C3-2
Added Pin To Net: NetName=7V2 Pin=C4-1
Added Pin To Net: NetName=GND Pin=C4-2
Added Pin To Net: NetName=7V2 Pin=C5-1
Added Pin To Net: NetName=GND Pin=C5-2
Added Pin To Net: NetName=3V3 Pin=C6-1
Added Pin To Net: NetName=GND Pin=C6-2
Added Pin To Net: NetName=7V2 Pin=C7-1
Added Pin To Net: NetName=GND Pin=C7-2
Added Pin To Net: NetName=5V Pin=C8-1
Added Pin To Net: NetName=GND Pin=C8-2
Added Pin To Net: NetName=GND Pin=ccd1-1
Added Pin To Net: NetName=3V3 Pin=ccd1-2
Added Pin To Net: NetName=PTB4 Pin=ccd1-3
Added Pin To Net: NetName=PTA16 Pin=ccd1-4
Added Pin To Net: NetName=PTA17 Pin=ccd1-5
Added Pin To Net: NetName=GND Pin=ccd2-1
Added Pin To Net: NetName=3V3 Pin=ccd2-2
Added Pin To Net: NetName=PTB5 Pin=ccd2-3
Added Pin To Net: NetName=PTA15 Pin=ccd2-4
Added Pin To Net: NetName=PTA14 Pin=ccd2-5
Added Pin To Net: NetName=GND Pin=cod1-1
Added Pin To Net: NetName=5V Pin=cod1-2
Added Pin To Net: NetName=PTB0 Pin=cod1-3
Added Pin To Net: NetName=PTB1 Pin=cod1-4
Added Pin To Net: NetName=GND Pin=cod2-1
Added Pin To Net: NetName=5V Pin=cod2-2
Added Pin To Net: NetName=PTB19 Pin=cod2-3
Added Pin To Net: NetName=PTB18 Pin=cod2-4
Added Pin To Net: NetName=NetD1_1 Pin=D1-1
Added Pin To Net: NetName=GND Pin=D1-2
Added Pin To Net: NetName=NetD2_1 Pin=D2-1
Added Pin To Net: NetName=GND Pin=D2-2
Added Pin To Net: NetName=NetD3_1 Pin=D3-1
Added Pin To Net: NetName=12V Pin=D3-2
Added Pin To Net: NetName=NetD4_1 Pin=D4-1
Added Pin To Net: NetName=GND Pin=D4-2
Added Pin To Net: NetName=NetD5_1 Pin=D5-1
Added Pin To Net: NetName=GND Pin=D5-2
Added Pin To Net: NetName=PTA28 Pin=enc-1
Added Pin To Net: NetName=PTA29 Pin=enc-2
Added Pin To Net: NetName=PTC0 Pin=enc-3
Added Pin To Net: NetName=PTE24 Pin=enc-4
Added Pin To Net: NetName=PTE25 Pin=enc-5
Added Pin To Net: NetName=3V3 Pin=enc-7
Added Pin To Net: NetName=GND Pin=enc-8
Added Pin To Net: NetName=5V Pin=hwdg1-1
Added Pin To Net: NetName=GND Pin=hwdg1-2
Added Pin To Net: NetName=PTC5 Pin=hwdg1-3
Added Pin To Net: NetName=5V Pin=hwdg2-1
Added Pin To Net: NetName=GND Pin=hwdg2-2
Added Pin To Net: NetName=PTC7 Pin=hwdg2-3
Added Pin To Net: NetName=PTC5 Pin=K1-1
Added Pin To Net: NetName=PTC7 Pin=K1-3
Added Pin To Net: NetName=PTD1 Pin=K1-17
Added Pin To Net: NetName=GND Pin=K1-23
Added Pin To Net: NetName=PTD11 Pin=K1-29
Added Pin To Net: NetName=PTD12 Pin=K1-30
Added Pin To Net: NetName=PTD13 Pin=K1-31
Added Pin To Net: NetName=PTD14 Pin=K1-32
Added Pin To Net: NetName=PTE0 Pin=K1-34
Added Pin To Net: NetName=PTE1 Pin=K1-35
Added Pin To Net: NetName=PTE2 Pin=K1-36
Added Pin To Net: NetName=PTE3 Pin=K1-37
Added Pin To Net: NetName=PTE4 Pin=K1-38
Added Pin To Net: NetName=PTE5 Pin=K1-39
Added Pin To Net: NetName=PTE8 Pin=K1-41
Added Pin To Net: NetName=PTE9 Pin=K1-43
Added Pin To Net: NetName=PTE11 Pin=K1-44
Added Pin To Net: NetName=PTE12 Pin=K1-46
Added Pin To Net: NetName=3V3 Pin=K1-57
Added Pin To Net: NetName=PTE24 Pin=K1-63
Added Pin To Net: NetName=PTE25 Pin=K1-64
Added Pin To Net: NetName=PTA14 Pin=K1-77
Added Pin To Net: NetName=PTA15 Pin=K1-78
Added Pin To Net: NetName=PTA16 Pin=K1-79
Added Pin To Net: NetName=PTA17 Pin=K1-80
Added Pin To Net: NetName=PTA25 Pin=K1-81
Added Pin To Net: NetName=PTA27 Pin=K1-83
Added Pin To Net: NetName=PTA24 Pin=K1-84
Added Pin To Net: NetName=PTA26 Pin=K1-85
Added Pin To Net: NetName=PTA28 Pin=K1-86
Added Pin To Net: NetName=PTA29 Pin=K1-87
Added Pin To Net: NetName=PTB1 Pin=K1-88
Added Pin To Net: NetName=PTB0 Pin=K1-89
Added Pin To Net: NetName=PTB3 Pin=K1-90
Added Pin To Net: NetName=PTB2 Pin=K1-91
Added Pin To Net: NetName=PTB5 Pin=K1-92
Added Pin To Net: NetName=PTB4 Pin=K1-93
Added Pin To Net: NetName=PTB6 Pin=K1-94
Added Pin To Net: NetName=PTB7 Pin=K1-95
Added Pin To Net: NetName=PTB8 Pin=K1-96
Added Pin To Net: NetName=PTB9 Pin=K1-97
Added Pin To Net: NetName=PTB17 Pin=K1-100
Added Pin To Net: NetName=PTB16 Pin=K1-101
Added Pin To Net: NetName=PTB19 Pin=K1-102
Added Pin To Net: NetName=PTB18 Pin=K1-103
Added Pin To Net: NetName=PTC0 Pin=K1-108
Added Pin To Net: NetName=PTC1 Pin=K1-109
Added Pin To Net: NetName=PTC3 Pin=K1-110
Added Pin To Net: NetName=PTC2 Pin=K1-111
Added Pin To Net: NetName=PTC4 Pin=K1-112
Added Pin To Net: NetName=NetL1_1 Pin=L1-1
Added Pin To Net: NetName=NetD3_1 Pin=L1-2
Added Pin To Net: NetName=Netmoter2_1 Pin=moter2-1
Added Pin To Net: NetName=7V2 Pin=moter2-2
Added Pin To Net: NetName=MOTOR1 IN2 Pin=Moter-1
Added Pin To Net: NetName=MOTOR1 IN1 Pin=Moter-2
Added Pin To Net: NetName=MOTOR1 IN3 Pin=Moter-3
Added Pin To Net: NetName=MOTOR1 IN4 Pin=Moter-4
Added Pin To Net: NetName=12V Pin=Moter-5
Added Pin To Net: NetName=GND Pin=Moter-6
Added Pin To Net: NetName=GND Pin=oled1-1
Added Pin To Net: NetName=3V3 Pin=oled1-2
Added Pin To Net: NetName=PTA26 Pin=oled1-3
Added Pin To Net: NetName=PTA27 Pin=oled1-4
Added Pin To Net: NetName=PTA25 Pin=oled1-5
Added Pin To Net: NetName=PTA24 Pin=oled1-6
Added Pin To Net: NetName=Netpower1_1 Pin=power1-1
Added Pin To Net: NetName=7V2 Pin=power1-2
Added Pin To Net: NetName=7V2 Pin=ps-1
Added Pin To Net: NetName=GND Pin=ps-2
Added Pin To Net: NetName=GND Pin=Q1-1
Added Pin To Net: NetName=NetQ1_2 Pin=Q1-2
Added Pin To Net: NetName=Netbell1_2 Pin=Q1-3
Added Pin To Net: NetName=NetD1_1 Pin=R1-1
Added Pin To Net: NetName=7V2 Pin=R1-2
Added Pin To Net: NetName=NetD2_1 Pin=R2-1
Added Pin To Net: NetName=Netmoter2_1 Pin=R2-2
Added Pin To Net: NetName=PTB8 Pin=R3-1
Added Pin To Net: NetName=3V3 Pin=R3-2
Added Pin To Net: NetName=PTB9 Pin=R4-1
Added Pin To Net: NetName=3V3 Pin=R4-2
Added Pin To Net: NetName=PTB16 Pin=R5-1
Added Pin To Net: NetName=3V3 Pin=R5-2
Added Pin To Net: NetName=PTB17 Pin=R6-1
Added Pin To Net: NetName=3V3 Pin=R6-2
Added Pin To Net: NetName=NetL1_1 Pin=R7-1
Added Pin To Net: NetName=7V2 Pin=R7-2
Added Pin To Net: NetName=NetR8_1 Pin=R8-1
Added Pin To Net: NetName=NetL1_1 Pin=R8-2
Added Pin To Net: NetName=NetR9_1 Pin=R9-1
Added Pin To Net: NetName=12V Pin=R9-2
Added Pin To Net: NetName=NetR9_1 Pin=R10-1
Added Pin To Net: NetName=GND Pin=R10-2
Added Pin To Net: NetName=PTE0 Pin=R11-1
Added Pin To Net: NetName=3V3 Pin=R11-2
Added Pin To Net: NetName=PTE1 Pin=R12-1
Added Pin To Net: NetName=3V3 Pin=R12-2
Added Pin To Net: NetName=PTE2 Pin=R13-1
Added Pin To Net: NetName=3V3 Pin=R13-2
Added Pin To Net: NetName=PTE3 Pin=R14-1
Added Pin To Net: NetName=3V3 Pin=R14-2
Added Pin To Net: NetName=PTE4 Pin=R15-1
Added Pin To Net: NetName=3V3 Pin=R15-2
Added Pin To Net: NetName=PTE5 Pin=R16-1
Added Pin To Net: NetName=3V3 Pin=R16-2
Added Pin To Net: NetName=PTD1 Pin=R17-1
Added Pin To Net: NetName=NetQ1_2 Pin=R17-2
Added Pin To Net: NetName=GND Pin=S1-1
Added Pin To Net: NetName=GND Pin=S1-2
Added Pin To Net: NetName=GND Pin=S1-3
Added Pin To Net: NetName=GND Pin=S1-4
Added Pin To Net: NetName=PTB17 Pin=S1-5
Added Pin To Net: NetName=PTB16 Pin=S1-6
Added Pin To Net: NetName=PTB9 Pin=S1-7
Added Pin To Net: NetName=PTB8 Pin=S1-8
Added Pin To Net: NetName=GND Pin=S2-1
Added Pin To Net: NetName=PTE0 Pin=S2-2
Added Pin To Net: NetName=GND Pin=S3-1
Added Pin To Net: NetName=PTE1 Pin=S3-2
Added Pin To Net: NetName=GND Pin=S4-1
Added Pin To Net: NetName=PTE2 Pin=S4-2
Added Pin To Net: NetName=GND Pin=S5-1
Added Pin To Net: NetName=PTE3 Pin=S5-2
Added Pin To Net: NetName=GND Pin=S6-1
Added Pin To Net: NetName=PTE4 Pin=S6-2
Added Pin To Net: NetName=GND Pin=S7-1
Added Pin To Net: NetName=PTE5 Pin=S7-2
Added Pin To Net: NetName=GND Pin=U1-1
Added Pin To Net: NetName=PTC1 Pin=U1-2
Added Pin To Net: NetName=GND Pin=U1-3
Added Pin To Net: NetName=PTC2 Pin=U1-4
Added Pin To Net: NetName=GND Pin=U1-5
Added Pin To Net: NetName=PTC3 Pin=U1-6
Added Pin To Net: NetName=GND Pin=U1-7
Added Pin To Net: NetName=PTC4 Pin=U1-8
Added Pin To Net: NetName=GND Pin=U1-9
Added Pin To Net: NetName=GND Pin=U1-10
Added Pin To Net: NetName=GND Pin=U1-11
Added Pin To Net: NetName=MOTOR1 IN4 Pin=U1-12
Added Pin To Net: NetName=GND Pin=U1-13
Added Pin To Net: NetName=MOTOR1 IN3 Pin=U1-14
Added Pin To Net: NetName=GND Pin=U1-15
Added Pin To Net: NetName=MOTOR1 IN1 Pin=U1-16
Added Pin To Net: NetName=GND Pin=U1-17
Added Pin To Net: NetName=MOTOR1 IN2 Pin=U1-18
Added Pin To Net: NetName=GND Pin=U1-19
Added Pin To Net: NetName=5V Pin=U1-20
Added Pin To Net: NetName=NetD3_1 Pin=U2-1
Added Pin To Net: NetName=GND Pin=U2-2
Added Pin To Net: NetName=NetC3_1 Pin=U2-3
Added Pin To Net: NetName=GND Pin=U2-4
Added Pin To Net: NetName=NetR9_1 Pin=U2-5
Added Pin To Net: NetName=7V2 Pin=U2-6
Added Pin To Net: NetName=NetL1_1 Pin=U2-7
Added Pin To Net: NetName=NetR8_1 Pin=U2-8
Added Pin To Net: NetName=7V2 Pin=U3-1
Added Pin To Net: NetName=NetD4_1 Pin=U3-2
Added Pin To Net: NetName=GND Pin=U3-3
Added Pin To Net: NetName=3V3 Pin=U3-4
Added Pin To Net: NetName=GND Pin=U3-5
Added Pin To Net: NetName=GND Pin=U3-6
Added Pin To Net: NetName=7V2 Pin=U4-1
Added Pin To Net: NetName=NetD5_1 Pin=U4-2
Added Pin To Net: NetName=GND Pin=U4-3
Added Pin To Net: NetName=5V Pin=U4-4
Added Pin To Net: NetName=GND Pin=U4-5
Added Pin To Net: NetName=GND Pin=U4-6
Added Pin To Net: NetName=GND Pin=yk-1
Added Pin To Net: NetName=5V Pin=yk-5
Added Pin To Net: NetName=PTD11 Pin=yk-6
Added Pin To Net: NetName=PTD12 Pin=yk-7
Added Pin To Net: NetName=PTD13 Pin=yk-8
Added Pin To Net: NetName=PTD14 Pin=yk-9
Added Member To Class: ClassName=DS_zk Member=Component 6050
Added Member To Class: ClassName=DS_zk Member=Component bell1 Bell
Added Member To Class: ClassName=DS_zk Member=Component blue blueteeth2
Added Member To Class: ClassName=DS_zk Member=Component C1 0.1uF
Added Member To Class: ClassName=DS_zk Member=Component C2 470uF
Added Member To Class: ClassName=DS_zk Member=Component C3 470pF
Added Member To Class: ClassName=DS_zk Member=Component C4 10uF
Added Member To Class: ClassName=DS_zk Member=Component C5 Cap Pol1
Added Member To Class: ClassName=DS_zk Member=Component C6 Cap Pol1
Added Member To Class: ClassName=DS_zk Member=Component C7 Cap Pol1
Added Member To Class: ClassName=DS_zk Member=Component C8 Cap Pol1
Added Member To Class: ClassName=DS_zk Member=Component ccd1 camera_ladnzo1
Added Member To Class: ClassName=DS_zk Member=Component ccd2 camera_ladnzo1
Added Member To Class: ClassName=DS_zk Member=Component cod1 encode_1
Added Member To Class: ClassName=DS_zk Member=Component cod2 encode_2
Added Member To Class: ClassName=DS_zk Member=Component D1 RED
Added Member To Class: ClassName=DS_zk Member=Component D2 RED
Added Member To Class: ClassName=DS_zk Member=Component D3 IN5819
Added Member To Class: ClassName=DS_zk Member=Component D4 IN5824
Added Member To Class: ClassName=DS_zk Member=Component D5 IN5824
Added Member To Class: ClassName=DS_zk Member=Component enc
Added Member To Class: ClassName=DS_zk Member=Component hwdg1 红外对管1
Added Member To Class: ClassName=DS_zk Member=Component hwdg2 红外对管2
Added Member To Class: ClassName=DS_zk Member=Component K1 K60
Added Member To Class: ClassName=DS_zk Member=Component L1 330uH
Added Member To Class: ClassName=DS_zk Member=Component moter2 SW-SPST
Added Member To Class: ClassName=DS_zk Member=Component Moter Motor
Added Member To Class: ClassName=DS_zk Member=Component oled1 OLED
Added Member To Class: ClassName=DS_zk Member=Component power1 SW-SPST
Added Member To Class: ClassName=DS_zk Member=Component ps Header 2
Added Member To Class: ClassName=DS_zk Member=Component Q1 NPN9013
Added Member To Class: ClassName=DS_zk Member=Component R1 Res2
Added Member To Class: ClassName=DS_zk Member=Component R2 Res2
Added Member To Class: ClassName=DS_zk Member=Component R3 Res2
Added Member To Class: ClassName=DS_zk Member=Component R4 Res2
Added Member To Class: ClassName=DS_zk Member=Component R5 Res2
Added Member To Class: ClassName=DS_zk Member=Component R6 Res2
Added Member To Class: ClassName=DS_zk Member=Component R7 0.22R
Added Member To Class: ClassName=DS_zk Member=Component R8 180R
Added Member To Class: ClassName=DS_zk Member=Component R9 1.3K
Added Member To Class: ClassName=DS_zk Member=Component R10 100R
Added Member To Class: ClassName=DS_zk Member=Component R11 Res2
Added Member To Class: ClassName=DS_zk Member=Component R12 Res2
Added Member To Class: ClassName=DS_zk Member=Component R13 Res2
Added Member To Class: ClassName=DS_zk Member=Component R14 Res2
Added Member To Class: ClassName=DS_zk Member=Component R15 Res2
Added Member To Class: ClassName=DS_zk Member=Component R16 Res2
Added Member To Class: ClassName=DS_zk Member=Component R17 Res2
Added Member To Class: ClassName=DS_zk Member=Component S1 SW-DIP4
Added Member To Class: ClassName=DS_zk Member=Component S2 SW-PB
Added Member To Class: ClassName=DS_zk Member=Component S3 SW-PB
Added Member To Class: ClassName=DS_zk Member=Component S4 SW-PB
Added Member To Class: ClassName=DS_zk Member=Component S5 SW-PB
Added Member To Class: ClassName=DS_zk Member=Component S6 SW-PB
Added Member To Class: ClassName=DS_zk Member=Component S7 SW-PB
Added Member To Class: ClassName=DS_zk Member=Component U1 74LS244
Added Member To Class: ClassName=DS_zk Member=Component U2 MC34063
Added Member To Class: ClassName=DS_zk Member=Component U3 LM2596-3.3
Added Member To Class: ClassName=DS_zk Member=Component U4 LM2596-5
Added Member To Class: ClassName=DS_zk Member=Component yk 无线遥控
Added Room: Name=DS_zk
