Added Component: Designator=C28(0805)
Added Component: Designator=C29(0805)
Added Component: Designator=C30(0805)
Added Component: Designator=C31(0805)
Added Component: Designator=C32(0805)
Added Component: Designator=C33(0805)
Added Component: Designator=C34(0805)
Added Component: Designator=C35(0805)
Added Component: Designator=C38(0805)
Added Component: Designator=C39(0805)
Added Component: Designator=C40(0805)
Added Component: Designator=C41(0805)
Added Pin To Net: NetName=3V3-3 Pin=C28-1
Added Pin To Net: NetName=GND Pin=C28-2
Added Pin To Net: NetName=3V3-1 Pin=C29-1
Added Pin To Net: NetName=GND Pin=C29-2
Added Pin To Net: NetName=GND Pin=C30-1
Added Pin To Net: NetName=5V Pin=C30-2
Added Pin To Net: NetName=GND Pin=C31-1
Added Pin To Net: NetName=5V Pin=C31-2
Added Pin To Net: NetName=GND Pin=C32-1
Added Pin To Net: NetName=3V3-3 Pin=C32-2
Added Pin To Net: NetName=GND Pin=C33-1
Added Pin To Net: NetName=5V Pin=C33-2
Added Pin To Net: NetName=GND Pin=C34-1
Added Pin To Net: NetName=5V Pin=C34-2
Added Pin To Net: NetName=GND Pin=C35-1
Added Pin To Net: NetName=3V3-1 Pin=C35-2
Added Pin To Net: NetName=3V3-2 Pin=C38-1
Added Pin To Net: NetName=GND Pin=C38-2
Added Pin To Net: NetName=GND Pin=C39-1
Added Pin To Net: NetName=5V Pin=C39-2
Added Pin To Net: NetName=GND Pin=C40-1
Added Pin To Net: NetName=5V Pin=C40-2
Added Pin To Net: NetName=GND Pin=C41-1
Added Pin To Net: NetName=3V3-2 Pin=C41-2
Added Member To Class: ClassName=DS_ZK_FINAL Member=Component C28 Cap Pol1
Added Member To Class: ClassName=DS_ZK_FINAL Member=Component C29 Cap Pol1
Added Member To Class: ClassName=DS_ZK_FINAL Member=Component C30 Cap
Added Member To Class: ClassName=DS_ZK_FINAL Member=Component C31 Cap
Added Member To Class: ClassName=DS_ZK_FINAL Member=Component C32 Cap
Added Member To Class: ClassName=DS_ZK_FINAL Member=Component C33 Cap
Added Member To Class: ClassName=DS_ZK_FINAL Member=Component C34 Cap
Added Member To Class: ClassName=DS_ZK_FINAL Member=Component C35 Cap
Added Member To Class: ClassName=DS_ZK_FINAL Member=Component C38 Cap Pol1
Added Member To Class: ClassName=DS_ZK_FINAL Member=Component C39 Cap
Added Member To Class: ClassName=DS_ZK_FINAL Member=Component C40 Cap
Added Member To Class: ClassName=DS_ZK_FINAL Member=Component C41 Cap
Added Room: Name=DS_ZK_FINAL
