Change Component Designator: Old Designator=*4 New Designator=*9
Change Component Designator: Old Designator=*9 New Designator=*10
Change Component Designator: Old Designator=*10 New Designator=*11
Change Component Designator: Old Designator=*11 New Designator=*12
Change Component Designator: Old Designator=C1 New Designator=C46
Change Component Designator: Old Designator=Moter1 New Designator=Moter4
Change Component Designator: Old Designator=moter2 New Designator=moter3
Change Component Designator: Old Designator=R6 New Designator=R33
Change Component Designator: Old Designator=R7 New Designator=R34
Change Component Designator: Old Designator=R8 New Designator=R35
Change Component Designator: Old Designator=R9 New Designator=R36
Change Component Designator: Old Designator=R10 New Designator=R37
Change Component Designator: Old Designator=R11 New Designator=R38
Change Component Designator: Old Designator=R12 New Designator=R39
Change Component Designator: Old Designator=R13 New Designator=R40
Change Component Designator: Old Designator=R14 New Designator=R41
Change Component Designator: Old Designator=R15 New Designator=R42
Change Component Designator: Old Designator=R28 New Designator=R31
Change Component Designator: Old Designator=R28 New Designator=R32
Change Component Designator: Old Designator=R29 New Designator=R30
Change Component Designator: Old Designator=R30 New Designator=R29
Change Component Designator: Old Designator=S1 New Designator=S9
Change Component Designator: Old Designator=S2 New Designator=S10
Change Component Designator: Old Designator=S3 New Designator=S11
Change Component Designator: Old Designator=S4 New Designator=S12
Change Component Designator: Old Designator=S5 New Designator=S13
Change Component Designator: Old Designator=S6 New Designator=S14
Change Component Designator: Old Designator=S7 New Designator=S15
Change Component Designator: Old Designator=U1 New Designator=U6
