Removed Pin From Net: NetName=3V3-1 Pin=D100-1
Removed Pin From Net: NetName=NetD100_2 Pin=D100-2
Removed Pin From Net: NetName=PTC10 Pin=R10-1
Removed Pin From Net: NetName=PTC11 Pin=R11-1
Removed Pin From Net: NetName=PTD10 Pin=R14-1
Removed Pin From Net: NetName=PTD11 Pin=R15-1
Removed Pin From Net: NetName=Net*11_32 Pin=R40-1
Removed Pin From Net: NetName=Net*11_31 Pin=R40-2
Removed Pin From Net: NetName=3V3-2 Pin=R42-1
Removed Pin From Net: NetName=Net*11_42 Pin=R42-2
Removed Pin From Net: NetName=Net*11_33 Pin=R44-1
Removed Pin From Net: NetName=Net*11_34 Pin=R44-2
Removed Pin From Net: NetName=PTC10 Pin=S2-2
Removed Pin From Net: NetName=PTC11 Pin=S3-2
Removed Pin From Net: NetName=PTD10 Pin=S6-2
Removed Pin From Net: NetName=PTD11 Pin=S7-2
Removed Pin From Net: NetName=GND Pin=S12-1
Removed Pin From Net: NetName=RESET-2 Pin=S12-2
Removed Pin From Net: NetName=GND Pin=S13-1
Removed Pin From Net: NetName=PTB21-2 Pin=S13-2
Added Component: Designator=D100(0805LED)
Added Component: Designator=R40(0603)
Added Component: Designator=R42(0603)
Added Component: Designator=R44(0603)
Added Component: Designator=S12(BUTTON)
Added Component: Designator=S13(BUTTON)
Added Pin To Net: NetName=3V3-1 Pin=D100-1
Added Pin To Net: NetName=NetD100_2 Pin=D100-2
Added Pin To Net: NetName=PTD10 Pin=R10-1
Added Pin To Net: NetName=PTD11 Pin=R11-1
Added Pin To Net: NetName=PTC10 Pin=R14-1
Added Pin To Net: NetName=PTC11 Pin=R15-1
Added Pin To Net: NetName=Net*11_32 Pin=R40-1
Added Pin To Net: NetName=Net*11_31 Pin=R40-2
Added Pin To Net: NetName=3V3-2 Pin=R42-1
Added Pin To Net: NetName=Net*11_42 Pin=R42-2
Added Pin To Net: NetName=Net*11_33 Pin=R44-1
Added Pin To Net: NetName=Net*11_34 Pin=R44-2
Added Pin To Net: NetName=PTD10 Pin=S2-2
Added Pin To Net: NetName=PTD11 Pin=S3-2
Added Pin To Net: NetName=PTC10 Pin=S6-2
Added Pin To Net: NetName=PTC11 Pin=S7-2
Added Pin To Net: NetName=GND Pin=S12-1
Added Pin To Net: NetName=RESET-2 Pin=S12-2
Added Pin To Net: NetName=GND Pin=S13-1
Added Pin To Net: NetName=PTB21-2 Pin=S13-2
Added Member To Class: ClassName=DS_ZK_FINAL Member=Component R40 Res2
Added Member To Class: ClassName=DS_ZK_FINAL Member=Component R42 Res2
Added Member To Class: ClassName=DS_ZK_FINAL Member=Component R44 Res2
Added Member To Class: ClassName=DS_ZK_FINAL Member=Component S12 SW-PB
Added Member To Class: ClassName=DS_ZK_FINAL Member=Component S13 SW-PB
Added Room: Name=DS_ZK_FINAL
