Removed Pin From Net: NetName=GND Pin=C46-1
Removed Pin From Net: NetName=3V3-2 Pin=C46-2
Removed Pin From Net: NetName=GND Pin=C49-1
Removed Pin From Net: NetName=Net*11_21 Pin=C49-2
Removed Pin From Net: NetName=5V Pin=D10-1
Removed Pin From Net: NetName=NetD10_2 Pin=D10-2
Removed Pin From Net: NetName=3V3-2 Pin=D11-1
Removed Pin From Net: NetName=NetD11_2 Pin=D11-2
Removed Pin From Net: NetName=PTA4-2 Pin=R34-1
Removed Pin From Net: NetName=3V3-2 Pin=R34-2
Removed Pin From Net: NetName=NetD12_2 Pin=R43-1
Removed Pin From Net: NetName=PTC4-2 Pin=R43-2
Removed Pin From Net: NetName=NetD13_2 Pin=R45-1
Removed Pin From Net: NetName=PTC5-2 Pin=R45-2
Removed Pin From Net: NetName=GND Pin=R51-1
Removed Pin From Net: NetName=PTA29-2 Pin=R51-2
Removed Pin From Net: NetName=EXTAL33-2 Pin=R52-1
Removed Pin From Net: NetName=XTAL32-2 Pin=R52-2
Removed Pin From Net: NetName=GND Pin=S11-1
Removed Pin From Net: NetName=RESET-2 Pin=S11-2
Change Component Footprint: Designator=R39 Old Footprint=0603 New Footprint=0805
Change Component Footprint: Designator=R46 Old Footprint=0603 New Footprint=0805
Change Component Footprint: Designator=R48 Old Footprint=0603 New Footprint=0805
Added Component: Designator=C46(0603)
Added Component: Designator=C49(0603)
Added Component: Designator=D10(0805LED)
Added Component: Designator=D11(0805LED)
Added Component: Designator=R34(0805)
Added Component: Designator=R43(0805)
Added Component: Designator=R45(0805)
Added Component: Designator=R51(0603)
Added Component: Designator=R52(0603)
Added Component: Designator=S11(BUTTON)
Added Pin To Net: NetName=GND Pin=C46-1
Added Pin To Net: NetName=3V3-2 Pin=C46-2
Added Pin To Net: NetName=GND Pin=C49-1
Added Pin To Net: NetName=Net*11_21 Pin=C49-2
Added Pin To Net: NetName=5V Pin=D10-1
Added Pin To Net: NetName=NetD10_2 Pin=D10-2
Added Pin To Net: NetName=3V3-2 Pin=D11-1
Added Pin To Net: NetName=NetD11_2 Pin=D11-2
Added Pin To Net: NetName=PTA4-2 Pin=R34-1
Added Pin To Net: NetName=3V3-2 Pin=R34-2
Added Pin To Net: NetName=NetD12_2 Pin=R43-1
Added Pin To Net: NetName=PTC4-2 Pin=R43-2
Added Pin To Net: NetName=NetD13_2 Pin=R45-1
Added Pin To Net: NetName=PTC5-2 Pin=R45-2
Added Pin To Net: NetName=GND Pin=R51-1
Added Pin To Net: NetName=PTA29-2 Pin=R51-2
Added Pin To Net: NetName=EXTAL33-2 Pin=R52-1
Added Pin To Net: NetName=XTAL32-2 Pin=R52-2
Added Pin To Net: NetName=GND Pin=S11-1
Added Pin To Net: NetName=RESET-2 Pin=S11-2
Added Pin To Net: NetName=PTC18-2 Pin=*11-125
Added Pin To Net: NetName=PTC18-2 Pin=*16-6
Added Net: Name=PTC18-2
Added Member To Class: ClassName=DS_ZK_FINAL Member=Component C46 Cap
Added Member To Class: ClassName=DS_ZK_FINAL Member=Component C48 Cap
Added Member To Class: ClassName=DS_ZK_FINAL Member=Component C49 Cap
Added Member To Class: ClassName=DS_ZK_FINAL Member=Component C51 Cap
Added Member To Class: ClassName=DS_ZK_FINAL Member=Component C59 Cap
Added Member To Class: ClassName=DS_ZK_FINAL Member=Component C61 Cap
Added Member To Class: ClassName=DS_ZK_FINAL Member=Component D4 LED0
Added Member To Class: ClassName=DS_ZK_FINAL Member=Component D5 LED0
Added Member To Class: ClassName=DS_ZK_FINAL Member=Component D10 LED0
Added Member To Class: ClassName=DS_ZK_FINAL Member=Component D11 LED0
Added Member To Class: ClassName=DS_ZK_FINAL Member=Component R19 Res2
Added Member To Class: ClassName=DS_ZK_FINAL Member=Component R20 Res2
Added Member To Class: ClassName=DS_ZK_FINAL Member=Component R23 Res2
Added Member To Class: ClassName=DS_ZK_FINAL Member=Component R24 Res2
Added Member To Class: ClassName=DS_ZK_FINAL Member=Component R26 Res2
Added Member To Class: ClassName=DS_ZK_FINAL Member=Component R27 Res2
Added Member To Class: ClassName=DS_ZK_FINAL Member=Component R30 Res2
Added Member To Class: ClassName=DS_ZK_FINAL Member=Component R32 Res2
Added Member To Class: ClassName=DS_ZK_FINAL Member=Component R34 Res2
Added Member To Class: ClassName=DS_ZK_FINAL Member=Component R38 Res2
Added Member To Class: ClassName=DS_ZK_FINAL Member=Component R43 Res2
Added Member To Class: ClassName=DS_ZK_FINAL Member=Component R45 Res2
Added Member To Class: ClassName=DS_ZK_FINAL Member=Component R51 Res2
Added Member To Class: ClassName=DS_ZK_FINAL Member=Component R52 Res2
Added Member To Class: ClassName=DS_ZK_FINAL Member=Component S11 SW-PB
Added Room: Name=DS_ZK_FINAL
