Added Component: Designator=K1(DS_K60)
Added Pin To Net: NetName=PTC1 Pin=K1-1
Added Pin To Net: NetName=PTC6 Pin=K1-2
Added Pin To Net: NetName=PTC3 Pin=K1-3
Added Pin To Net: NetName=PTC8 Pin=K1-4
Added Pin To Net: NetName=PTC5 Pin=K1-5
Added Pin To Net: NetName=PTC10 Pin=K1-6
Added Pin To Net: NetName=PTC7 Pin=K1-7
Added Pin To Net: NetName=PTC12 Pin=K1-8
Added Pin To Net: NetName=PTC9 Pin=K1-9
Added Pin To Net: NetName=PTC14 Pin=K1-10
Added Pin To Net: NetName=PTC11 Pin=K1-11
Added Pin To Net: NetName=PTC16 Pin=K1-12
Added Pin To Net: NetName=PTD0 Pin=K1-15
Added Pin To Net: NetName=PTD1 Pin=K1-17
Added Pin To Net: NetName=PTD2 Pin=K1-18
Added Pin To Net: NetName=PTD3 Pin=K1-19
Added Pin To Net: NetName=GND Pin=K1-23
Added Pin To Net: NetName=PTD11 Pin=K1-29
Added Pin To Net: NetName=PTD12 Pin=K1-30
Added Pin To Net: NetName=PTD13 Pin=K1-31
Added Pin To Net: NetName=PTD14 Pin=K1-32
Added Pin To Net: NetName=PTE0 Pin=K1-34
Added Pin To Net: NetName=PTE1 Pin=K1-35
Added Pin To Net: NetName=PTE5 Pin=K1-39
Added Pin To Net: NetName=PTE6 Pin=K1-40
Added Pin To Net: NetName=PTE8 Pin=K1-41
Added Pin To Net: NetName=PTE7 Pin=K1-42
Added Pin To Net: NetName=PTE9 Pin=K1-43
Added Pin To Net: NetName=PTE11 Pin=K1-44
Added Pin To Net: NetName=PTE10 Pin=K1-45
Added Pin To Net: NetName=×¨Êô3.3V Pin=K1-57
Added Pin To Net: NetName=PTE24 Pin=K1-63
Added Pin To Net: NetName=PTE26 Pin=K1-65
Added Pin To Net: NetName=PTE28 Pin=K1-67
Added Pin To Net: NetName=PTA6 Pin=K1-69
Added Pin To Net: NetName=PTA10 Pin=K1-73
Added Pin To Net: NetName=PTA11 Pin=K1-74
Added Pin To Net: NetName=PTA12 Pin=K1-75
Added Pin To Net: NetName=PTA13 Pin=K1-76
Added Pin To Net: NetName=PTA14 Pin=K1-77
Added Pin To Net: NetName=PTA16 Pin=K1-79
Added Pin To Net: NetName=PTA17 Pin=K1-80
Added Pin To Net: NetName=PTA19 Pin=K1-82
Added Pin To Net: NetName=PTA27 Pin=K1-83
Added Pin To Net: NetName=PTA24 Pin=K1-84
Added Pin To Net: NetName=PTA29 Pin=K1-87
Added Pin To Net: NetName=PTB1 Pin=K1-88
Added Pin To Net: NetName=PTB0 Pin=K1-89
Added Pin To Net: NetName=PTB3 Pin=K1-90
Added Pin To Net: NetName=PTB2 Pin=K1-91
Added Pin To Net: NetName=PTB5 Pin=K1-92
Added Pin To Net: NetName=PTB4 Pin=K1-93
Added Pin To Net: NetName=PTB6 Pin=K1-94
Added Pin To Net: NetName=PTB7 Pin=K1-95
Added Pin To Net: NetName=PTB21 Pin=K1-104
Added Pin To Net: NetName=PTB22 Pin=K1-107
Added Member To Class: ClassName=DS_zk Member=Component K1 K60
