Added Component: Designator=*2(HDR1X4)
Added Component: Designator=*3(HDR1X6)
Added Component: Designator=*5(HDR1X5)
Added Component: Designator=*6(HDR1X3)
Added Component: Designator=*7(HDR1X8)
Added Component: Designator=*8(HDR1X8)
Added Component: Designator=*9(LC-LQFP-144_20x20x05P)
Added Component: Designator=*10(LC-SMD-7050_4P)
Added Component: Designator=*12(HDR2X5)
Added Component: Designator=*13(LC-LQFP-144_20x20x05P)
Added Component: Designator=*14(LC-SMD-7050_4P)
Added Component: Designator=*15(HDR2X5)
Added Component: Designator=1(lm1117-5v)
Added Component: Designator=2(lm1117-5v)
Added Component: Designator=3(lm1117-5v)
Added Component: Designator=4(lm1117-5v)
Added Component: Designator=bell1(bezzer)
Added Component: Designator=blue1(HDR1X4)
Added Component: Designator=BMQ1(HDR2X3)
Added Component: Designator=BMQ2(HDR2X3)
Added Component: Designator=C1(0603)
Added Component: Designator=C2(470UF)
Added Component: Designator=C3(0805)
Added Component: Designator=C4(0805)
Added Component: Designator=C5(470uf)
Added Component: Designator=C6(220uf)
Added Component: Designator=C7(0805)
Added Component: Designator=C8(0805)
Added Component: Designator=C9(0805)
Added Component: Designator=C10(0805)
Added Component: Designator=C12(470UF)
Added Component: Designator=C13(0603)
Added Component: Designator=C14(0603)
Added Component: Designator=C15(0603)
Added Component: Designator=C16(0603)
Added Component: Designator=C17(0805)
Added Component: Designator=C18(0805)
Added Component: Designator=C19(0603)
Added Component: Designator=C20(0603)
Added Component: Designator=C21(0603)
Added Component: Designator=C22(0603)
Added Component: Designator=C23(0603)
Added Component: Designator=C24(0603)
Added Component: Designator=C25(470uf)
Added Component: Designator=C26(220uf)
Added Component: Designator=C27(0603)
Added Component: Designator=C28(0603)
Added Component: Designator=C29(0603)
Added Component: Designator=C30(0603)
Added Component: Designator=C31(0603)
Added Component: Designator=C32(0603)
Added Component: Designator=C33(0603)
Added Component: Designator=C34(0805)
Added Component: Designator=C35(0603)
Added Component: Designator=C36(0603)
Added Component: Designator=C37(0603)
Added Component: Designator=C38(0603)
Added Component: Designator=C39(0603)
Added Component: Designator=C40(0805)
Added Component: Designator=C41(0603)
Added Component: Designator=C42(0603)
Added Component: Designator=C43(0603)
Added Component: Designator=C44(0603)
Added Component: Designator=C45(0603)
Added Component: Designator=C46(0805)
Added Component: Designator=C47(0603)
Added Component: Designator=C48(0603)
Added Component: Designator=C49(0603)
Added Component: Designator=C50(0603)
Added Component: Designator=C51(0603)
Added Component: Designator=C52(0603)
Added Component: Designator=C53(0603)
Added Component: Designator=C54(0603)
Added Component: Designator=C55(0603)
Added Component: Designator=C56(0603)
Added Component: Designator=C57(0603)
Added Component: Designator=C58(0603)
Added Component: Designator=C59(0603)
Added Component: Designator=C60(0603)
Added Component: Designator=C61(0603)
Added Component: Designator=C62(0603)
Added Component: Designator=C63(0603)
Added Component: Designator=C64(0603)
Added Component: Designator=C65(0603)
Added Component: Designator=C66(0603)
Added Component: Designator=C67(0603)
Added Component: Designator=C68(0603)
Added Component: Designator=C69(0603)
Added Component: Designator=C70(0603)
Added Component: Designator=C71(0603)
Added Component: Designator=C72(0603)
Added Component: Designator=D1(0805LED)
Added Component: Designator=D2(1N5824)
Added Component: Designator=D3(0805LED)
Added Component: Designator=D4(0805LED)
Added Component: Designator=D5(0805LED)
Added Component: Designator=D6(1N5824)
Added Component: Designator=D7(0805LED)
Added Component: Designator=D8(0805LED)
Added Component: Designator=D9(0805LED)
Added Component: Designator=DY1(HDR1X2)
Added Component: Designator=K1(DS_K60)
Added Component: Designator=L3(0603)
Added Component: Designator=L4(0603)
Added Component: Designator=L5(0603)
Added Component: Designator=L6(0603)
Added Component: Designator=L7(0603)
Added Component: Designator=L8(0603)
Added Component: Designator=L9(0603)
Added Component: Designator=L10(0603)
Added Component: Designator=Moter1(HDR1X6)
Added Component: Designator=moter2(KF301-2P)
Added Component: Designator=moter4(KF301-2P)
Added Component: Designator=oled1(HDR1X6)
Added Component: Designator=P1(KF301-2P)
Added Component: Designator=Q1(npn9013)
Added Component: Designator=R1(0805)
Added Component: Designator=R2(0805)
Added Component: Designator=R3(0805)
Added Component: Designator=R4(0805)
Added Component: Designator=R5(0805)
Added Component: Designator=R6(0805)
Added Component: Designator=R7(0805)
Added Component: Designator=R8(0805)
Added Component: Designator=R9(0805)
Added Component: Designator=R10(0805)
Added Component: Designator=R11(0805)
Added Component: Designator=R12(0805)
Added Component: Designator=R13(0805)
Added Component: Designator=R14(0805)
Added Component: Designator=R15(0805)
Added Component: Designator=R16(0603)
Added Component: Designator=R17(0603)
Added Component: Designator=R24(0603)
Added Component: Designator=R25(0603)
Added Component: Designator=R26(0603)
Added Component: Designator=R27(0603)
Added Component: Designator=R28(0603)
Added Component: Designator=R29(0603)
Added Component: Designator=R30(0603)
Added Component: Designator=R31(0603)
Added Component: Designator=R36(0603)
Added Component: Designator=R37(0603)
Added Component: Designator=R38(0603)
Added Component: Designator=R39(0603)
Added Component: Designator=R40(0603)
Added Component: Designator=R41(0603)
Added Component: Designator=R42(0603)
Added Component: Designator=R43(0603)
Added Component: Designator=R44(0603)
Added Component: Designator=R45(0603)
Added Component: Designator=R46(0603)
Added Component: Designator=R47(0603)
Added Component: Designator=R48(0603)
Added Component: Designator=R49(0603)
Added Component: Designator=R50(0603)
Added Component: Designator=R51(0603)
Added Component: Designator=R52(0603)
Added Component: Designator=R53(0603)
Added Component: Designator=R54(0603)
Added Component: Designator=S1(BUTTON)
Added Component: Designator=S2(BUTTON)
Added Component: Designator=S3(BUTTON)
Added Component: Designator=S4(BUTTON)
Added Component: Designator=S5(BUTTON)
Added Component: Designator=S6(BUTTON)
Added Component: Designator=S7(BMKG)
Added Component: Designator=S15(BUTTON)
Added Component: Designator=S16(BUTTON)
Added Component: Designator=U1(74ls244DA)
Added Component: Designator=U2(MC34063)
Added Component: Designator=U3(LM2596)
Added Component: Designator=U5(MC34063)
Added Component: Designator=U6(LM2596)
Added Component: Designator=Y1(32.768)
Added Component: Designator=Y2(32.768)
Added Pin To Net: NetName=GND Pin=*2-1
Added Pin To Net: NetName=5V Pin=*2-2
Added Pin To Net: NetName=PTD1 Pin=*2-3
Added Pin To Net: NetName=PTD2 Pin=*2-4
Added Pin To Net: NetName=GND Pin=*3-1
Added Pin To Net: NetName=5V Pin=*3-2
Added Pin To Net: NetName=PTD11 Pin=*3-3
Added Pin To Net: NetName=PTD12 Pin=*3-4
Added Pin To Net: NetName=PTD13 Pin=*3-5
Added Pin To Net: NetName=PTD14 Pin=*3-6
Added Pin To Net: NetName=5V Pin=*5-1
Added Pin To Net: NetName=5V Pin=*5-2
Added Pin To Net: NetName=GND Pin=*5-3
Added Pin To Net: NetName=GND Pin=*5-4
Added Pin To Net: NetName=PTE11 Pin=*5-5
Added Pin To Net: NetName=GND Pin=*6-1
Added Pin To Net: NetName=5V Pin=*6-2
Added Pin To Net: NetName=PTD0 Pin=*6-3
Added Pin To Net: NetName=5V Pin=*7-1
Added Pin To Net: NetName=GND Pin=*7-2
Added Pin To Net: NetName=PTC7 Pin=*7-3
Added Pin To Net: NetName=PTC9 Pin=*7-4
Added Pin To Net: NetName=PTC11 Pin=*7-5
Added Pin To Net: NetName=PTC12 Pin=*7-6
Added Pin To Net: NetName=PTC14 Pin=*7-7
Added Pin To Net: NetName=PTC16 Pin=*7-8
Added Pin To Net: NetName=5V Pin=*8-1
Added Pin To Net: NetName=GND Pin=*8-2
Added Pin To Net: NetName=PTE1 Pin=*8-3
Added Pin To Net: NetName=PTE0 Pin=*8-4
Added Pin To Net: NetName=GND Pin=*9-6
Added Pin To Net: NetName=GND Pin=*9-17
Added Pin To Net: NetName=GND Pin=*9-18
Added Pin To Net: NetName=GND Pin=*9-44
Added Pin To Net: NetName=GND Pin=*9-57
Added Pin To Net: NetName=GND Pin=*9-71
Added Pin To Net: NetName=PTA25 Pin=*9-76
Added Pin To Net: NetName=PTA26 Pin=*9-77
Added Pin To Net: NetName=PTA27 Pin=*9-78
Added Pin To Net: NetName=PTA29 Pin=*9-80
Added Pin To Net: NetName=PTB0 Pin=*9-81
Added Pin To Net: NetName=PTB1 Pin=*9-82
Added Pin To Net: NetName=PTB2 Pin=*9-83
Added Pin To Net: NetName=PTB3 Pin=*9-84
Added Pin To Net: NetName=PTB4 Pin=*9-85
Added Pin To Net: NetName=PTB5 Pin=*9-86
Added Pin To Net: NetName=PTB6 Pin=*9-87
Added Pin To Net: NetName=PTB7 Pin=*9-88
Added Pin To Net: NetName=GND Pin=*9-93
Added Pin To Net: NetName=GND Pin=*9-107
Added Pin To Net: NetName=GND Pin=*9-121
Added Pin To Net: NetName=GND Pin=*9-134
Added Pin To Net: NetName=GND Pin=*10-2
Added Pin To Net: NetName=GND Pin=*12-5
Added Pin To Net: NetName=GND Pin=*13-6
Added Pin To Net: NetName=GND Pin=*13-17
Added Pin To Net: NetName=GND Pin=*13-18
Added Pin To Net: NetName=GND Pin=*13-44
Added Pin To Net: NetName=GND Pin=*13-57
Added Pin To Net: NetName=GND Pin=*13-71
Added Pin To Net: NetName=GND Pin=*13-93
Added Pin To Net: NetName=GND Pin=*13-107
Added Pin To Net: NetName=GND Pin=*13-121
Added Pin To Net: NetName=GND Pin=*13-134
Added Pin To Net: NetName=GND Pin=*14-2
Added Pin To Net: NetName=GND Pin=*15-5
Added Pin To Net: NetName=GND Pin=1-1
Added Pin To Net: NetName=3V3 Pin=1-2
Added Pin To Net: NetName=3V3 Pin=1-2
Added Pin To Net: NetName=5V Pin=1-3
Added Pin To Net: NetName=GND Pin=2-1
Added Pin To Net: NetName=5V Pin=2-3
Added Pin To Net: NetName=GND Pin=3-1
Added Pin To Net: NetName=5V Pin=3-3
Added Pin To Net: NetName=GND Pin=4-1
Added Pin To Net: NetName=5V Pin=4-3
Added Pin To Net: NetName=3V3 Pin=bell1-1
Added Pin To Net: NetName=Netbell1_2 Pin=bell1-2
Added Pin To Net: NetName=GND Pin=blue1-1
Added Pin To Net: NetName=5V Pin=blue1-2
Added Pin To Net: NetName=PTE9 Pin=blue1-3
Added Pin To Net: NetName=PTE8 Pin=blue1-4
Added Pin To Net: NetName=GND Pin=BMQ1-1
Added Pin To Net: NetName=5V Pin=BMQ1-2
Added Pin To Net: NetName=PTA12 Pin=BMQ1-3
Added Pin To Net: NetName=PTA13 Pin=BMQ1-4
Added Pin To Net: NetName=GND Pin=BMQ2-1
Added Pin To Net: NetName=5V Pin=BMQ2-2
Added Pin To Net: NetName=PTA10 Pin=BMQ2-3
Added Pin To Net: NetName=PTA11 Pin=BMQ2-4
Added Pin To Net: NetName=GND Pin=C1-1
Added Pin To Net: NetName=5V Pin=C1-2
Added Pin To Net: NetName=12V Pin=C2-1
Added Pin To Net: NetName=GND Pin=C2-2
Added Pin To Net: NetName=NetC3_1 Pin=C3-1
Added Pin To Net: NetName=GND Pin=C3-2
Added Pin To Net: NetName=7V2 Pin=C4-1
Added Pin To Net: NetName=GND Pin=C4-2
Added Pin To Net: NetName=7V2 Pin=C5-1
Added Pin To Net: NetName=GND Pin=C5-2
Added Pin To Net: NetName=5V Pin=C6-1
Added Pin To Net: NetName=GND Pin=C6-2
Added Pin To Net: NetName=5V Pin=C7-1
Added Pin To Net: NetName=GND Pin=C7-2
Added Pin To Net: NetName=3V3 Pin=C8-1
Added Pin To Net: NetName=GND Pin=C8-2
Added Pin To Net: NetName=GND Pin=C9-1
Added Pin To Net: NetName=5V Pin=C9-2
Added Pin To Net: NetName=GND Pin=C10-1
Added Pin To Net: NetName=3V3 Pin=C10-2
Added Pin To Net: NetName=12V Pin=C12-1
Added Pin To Net: NetName=GND Pin=C12-2
Added Pin To Net: NetName=GND Pin=C13-1
Added Pin To Net: NetName=GND Pin=C14-1
Added Pin To Net: NetName=GND Pin=C15-2
Added Pin To Net: NetName=GND Pin=C16-1
Added Pin To Net: NetName=GND Pin=C17-2
Added Pin To Net: NetName=7V2 Pin=C18-1
Added Pin To Net: NetName=GND Pin=C18-2
Added Pin To Net: NetName=GND Pin=C19-1
Added Pin To Net: NetName=GND Pin=C20-2
Added Pin To Net: NetName=GND Pin=C21-1
Added Pin To Net: NetName=GND Pin=C22-1
Added Pin To Net: NetName=GND Pin=C23-1
Added Pin To Net: NetName=GND Pin=C24-2
Added Pin To Net: NetName=7V2 Pin=C25-1
Added Pin To Net: NetName=GND Pin=C25-2
Added Pin To Net: NetName=5V Pin=C26-1
Added Pin To Net: NetName=GND Pin=C26-2
Added Pin To Net: NetName=GND Pin=C31-1
Added Pin To Net: NetName=GND Pin=C32-1
Added Pin To Net: NetName=GND Pin=C33-1
Added Pin To Net: NetName=GND Pin=C34-2
Added Pin To Net: NetName=GND Pin=C35-1
Added Pin To Net: NetName=5V Pin=C35-2
Added Pin To Net: NetName=GND Pin=C36-1
Added Pin To Net: NetName=5V Pin=C36-2
Added Pin To Net: NetName=GND Pin=C37-1
Added Pin To Net: NetName=GND Pin=C38-1
Added Pin To Net: NetName=GND Pin=C39-2
Added Pin To Net: NetName=GND Pin=C40-2
Added Pin To Net: NetName=GND Pin=C41-1
Added Pin To Net: NetName=5V Pin=C41-2
Added Pin To Net: NetName=GND Pin=C42-1
Added Pin To Net: NetName=5V Pin=C42-2
Added Pin To Net: NetName=GND Pin=C43-1
Added Pin To Net: NetName=GND Pin=C44-2
Added Pin To Net: NetName=GND Pin=C45-2
Added Pin To Net: NetName=GND Pin=C46-2
Added Pin To Net: NetName=GND Pin=C47-1
Added Pin To Net: NetName=5V Pin=C47-2
Added Pin To Net: NetName=GND Pin=C48-1
Added Pin To Net: NetName=5V Pin=C48-2
Added Pin To Net: NetName=GND Pin=C49-1
Added Pin To Net: NetName=GND Pin=C50-2
Added Pin To Net: NetName=GND Pin=C51-1
Added Pin To Net: NetName=GND Pin=C52-1
Added Pin To Net: NetName=GND Pin=C53-2
Added Pin To Net: NetName=GND Pin=C54-1
Added Pin To Net: NetName=GND Pin=C55-1
Added Pin To Net: NetName=GND Pin=C56-2
Added Pin To Net: NetName=GND Pin=C57-1
Added Pin To Net: NetName=GND Pin=C58-1
Added Pin To Net: NetName=GND Pin=C59-1
Added Pin To Net: NetName=GND Pin=C60-2
Added Pin To Net: NetName=GND Pin=C65-1
Added Pin To Net: NetName=GND Pin=C66-1
Added Pin To Net: NetName=GND Pin=C67-1
Added Pin To Net: NetName=GND Pin=C68-1
Added Pin To Net: NetName=GND Pin=C69-2
Added Pin To Net: NetName=GND Pin=C70-2
Added Pin To Net: NetName=GND Pin=C71-2
Added Pin To Net: NetName=GND Pin=C72-2
Added Pin To Net: NetName=NetD1_1 Pin=D1-1
Added Pin To Net: NetName=12V Pin=D1-2
Added Pin To Net: NetName=NetD2_1 Pin=D2-1
Added Pin To Net: NetName=GND Pin=D2-2
Added Pin To Net: NetName=NetD3_1 Pin=D3-1
Added Pin To Net: NetName=12V Pin=D3-2
Added Pin To Net: NetName=GND Pin=D6-2
Added Pin To Net: NetName=GND Pin=DY1-1
Added Pin To Net: NetName=7V2 Pin=DY1-2
Added Pin To Net: NetName=PTC7 Pin=K1-7
Added Pin To Net: NetName=PTC12 Pin=K1-8
Added Pin To Net: NetName=PTC9 Pin=K1-9
Added Pin To Net: NetName=PTC14 Pin=K1-10
Added Pin To Net: NetName=PTC11 Pin=K1-11
Added Pin To Net: NetName=PTC16 Pin=K1-12
Added Pin To Net: NetName=PTD0 Pin=K1-15
Added Pin To Net: NetName=PTD1 Pin=K1-17
Added Pin To Net: NetName=PTD2 Pin=K1-18
Added Pin To Net: NetName=PTD3 Pin=K1-19
Added Pin To Net: NetName=GND Pin=K1-23
Added Pin To Net: NetName=PTD11 Pin=K1-29
Added Pin To Net: NetName=PTD12 Pin=K1-30
Added Pin To Net: NetName=PTD13 Pin=K1-31
Added Pin To Net: NetName=PTD14 Pin=K1-32
Added Pin To Net: NetName=PTE0 Pin=K1-34
Added Pin To Net: NetName=PTE1 Pin=K1-35
Added Pin To Net: NetName=PTE5 Pin=K1-39
Added Pin To Net: NetName=PTE6 Pin=K1-40
Added Pin To Net: NetName=PTE8 Pin=K1-41
Added Pin To Net: NetName=PTE7 Pin=K1-42
Added Pin To Net: NetName=PTE9 Pin=K1-43
Added Pin To Net: NetName=PTE11 Pin=K1-44
Added Pin To Net: NetName=PTE10 Pin=K1-45
Added Pin To Net: NetName=×¨Êô3.3V Pin=K1-57
Added Pin To Net: NetName=PTE24 Pin=K1-63
Added Pin To Net: NetName=PTE25 Pin=K1-64
Added Pin To Net: NetName=PTE26 Pin=K1-65
Added Pin To Net: NetName=PTE27 Pin=K1-66
Added Pin To Net: NetName=PTE28 Pin=K1-67
Added Pin To Net: NetName=PTA5 Pin=K1-68
Added Pin To Net: NetName=PTA6 Pin=K1-69
Added Pin To Net: NetName=PTA7 Pin=K1-70
Added Pin To Net: NetName=PTA8 Pin=K1-71
Added Pin To Net: NetName=PTA9 Pin=K1-72
Added Pin To Net: NetName=PTA10 Pin=K1-73
Added Pin To Net: NetName=PTA11 Pin=K1-74
Added Pin To Net: NetName=PTA12 Pin=K1-75
Added Pin To Net: NetName=PTA13 Pin=K1-76
Added Pin To Net: NetName=PTA14 Pin=K1-77
Added Pin To Net: NetName=PTA16 Pin=K1-79
Added Pin To Net: NetName=PTA17 Pin=K1-80
Added Pin To Net: NetName=PTA25 Pin=K1-81
Added Pin To Net: NetName=PTA19 Pin=K1-82
Added Pin To Net: NetName=PTA27 Pin=K1-83
Added Pin To Net: NetName=PTA24 Pin=K1-84
Added Pin To Net: NetName=PTA26 Pin=K1-85
Added Pin To Net: NetName=PTA29 Pin=K1-87
Added Pin To Net: NetName=PTB1 Pin=K1-88
Added Pin To Net: NetName=PTB0 Pin=K1-89
Added Pin To Net: NetName=PTB3 Pin=K1-90
Added Pin To Net: NetName=PTB2 Pin=K1-91
Added Pin To Net: NetName=PTB5 Pin=K1-92
Added Pin To Net: NetName=PTB4 Pin=K1-93
Added Pin To Net: NetName=PTB6 Pin=K1-94
Added Pin To Net: NetName=PTB7 Pin=K1-95
Added Pin To Net: NetName=PTB21 Pin=K1-104
Added Pin To Net: NetName=PTB22 Pin=K1-107
Added Pin To Net: NetName=NetD3_1 Pin=L4-2
Added Pin To Net: NetName=5V Pin=L5-2
Added Pin To Net: NetName=GND Pin=L7-1
Added Pin To Net: NetName=GND Pin=L10-1
Added Pin To Net: NetName=MOTOR1 IN1 Pin=Moter1-1
Added Pin To Net: NetName=MOTOR1 IN2 Pin=Moter1-2
Added Pin To Net: NetName=MOTOR1 IN3 Pin=Moter1-3
Added Pin To Net: NetName=MOTOR1 IN4 Pin=Moter1-4
Added Pin To Net: NetName=12V Pin=Moter1-5
Added Pin To Net: NetName=GND Pin=Moter1-6
Added Pin To Net: NetName=GND Pin=moter2-1
Added Pin To Net: NetName=7V2 Pin=moter2-2
Added Pin To Net: NetName=GND Pin=moter4-1
Added Pin To Net: NetName=7V2 Pin=moter4-2
Added Pin To Net: NetName=GND Pin=oled1-1
Added Pin To Net: NetName=5V Pin=oled1-2
Added Pin To Net: NetName=PTB21 Pin=oled1-3
Added Pin To Net: NetName=PTB22 Pin=oled1-4
Added Pin To Net: NetName=PTA24 Pin=oled1-5
Added Pin To Net: NetName=PTA19 Pin=oled1-6
Added Pin To Net: NetName=GND Pin=P1-1
Added Pin To Net: NetName=7V2 Pin=P1-2
Added Pin To Net: NetName=GND Pin=Q1-1
Added Pin To Net: NetName=NetQ1_2 Pin=Q1-2
Added Pin To Net: NetName=Netbell1_2 Pin=Q1-3
Added Pin To Net: NetName=NetL1_1 Pin=R1-1
Added Pin To Net: NetName=7V2 Pin=R1-2
Added Pin To Net: NetName=NetR2_1 Pin=R2-1
Added Pin To Net: NetName=NetL1_1 Pin=R2-2
Added Pin To Net: NetName=NetR3_1 Pin=R3-1
Added Pin To Net: NetName=12V Pin=R3-2
Added Pin To Net: NetName=NetR3_1 Pin=R4-1
Added Pin To Net: NetName=GND Pin=R4-2
Added Pin To Net: NetName=PTD3 Pin=R5-1
Added Pin To Net: NetName=NetQ1_2 Pin=R5-2
Added Pin To Net: NetName=PTA8 Pin=R6-1
Added Pin To Net: NetName=3V3 Pin=R6-2
Added Pin To Net: NetName=PTA7 Pin=R7-1
Added Pin To Net: NetName=3V3 Pin=R7-2
Added Pin To Net: NetName=PTE27 Pin=R8-1
Added Pin To Net: NetName=3V3 Pin=R8-2
Added Pin To Net: NetName=PTA9 Pin=R9-1
Added Pin To Net: NetName=3V3 Pin=R9-2
Added Pin To Net: NetName=PTE25 Pin=R10-1
Added Pin To Net: NetName=3V3 Pin=R10-2
Added Pin To Net: NetName=PTA5 Pin=R11-1
Added Pin To Net: NetName=3V3 Pin=R11-2
Added Pin To Net: NetName=PTA6 Pin=R12-1
Added Pin To Net: NetName=3V3 Pin=R12-2
Added Pin To Net: NetName=PTE28 Pin=R13-1
Added Pin To Net: NetName=3V3 Pin=R13-2
Added Pin To Net: NetName=PTE26 Pin=R14-1
Added Pin To Net: NetName=3V3 Pin=R14-2
Added Pin To Net: NetName=PTE24 Pin=R15-1
Added Pin To Net: NetName=3V3 Pin=R15-2
Added Pin To Net: NetName=7V2 Pin=R16-2
Added Pin To Net: NetName=12V Pin=R24-2
Added Pin To Net: NetName=GND Pin=R25-2
Added Pin To Net: NetName=GND Pin=R29-2
Added Pin To Net: NetName=PTB21 Pin=R37-2
Added Pin To Net: NetName=PTA27 Pin=R41-1
Added Pin To Net: NetName=GND Pin=R41-2
Added Pin To Net: NetName=GND Pin=R42-1
Added Pin To Net: NetName=PTA29 Pin=R42-2
Added Pin To Net: NetName=GND Pin=R46-2
Added Pin To Net: NetName=GND Pin=R53-2
Added Pin To Net: NetName=GND Pin=R54-1
Added Pin To Net: NetName=GND Pin=S1-1
Added Pin To Net: NetName=PTA8 Pin=S1-2
Added Pin To Net: NetName=GND Pin=S2-1
Added Pin To Net: NetName=PTA7 Pin=S2-2
Added Pin To Net: NetName=GND Pin=S3-1
Added Pin To Net: NetName=PTE27 Pin=S3-2
Added Pin To Net: NetName=GND Pin=S4-1
Added Pin To Net: NetName=PTA9 Pin=S4-2
Added Pin To Net: NetName=GND Pin=S5-1
Added Pin To Net: NetName=PTE25 Pin=S5-2
Added Pin To Net: NetName=GND Pin=S6-1
Added Pin To Net: NetName=PTA5 Pin=S6-2
Added Pin To Net: NetName=GND Pin=S7-1
Added Pin To Net: NetName=GND Pin=S7-2
Added Pin To Net: NetName=GND Pin=S7-3
Added Pin To Net: NetName=GND Pin=S7-4
Added Pin To Net: NetName=PTE24 Pin=S7-5
Added Pin To Net: NetName=PTE26 Pin=S7-6
Added Pin To Net: NetName=PTE28 Pin=S7-7
Added Pin To Net: NetName=PTA6 Pin=S7-8
Added Pin To Net: NetName=GND Pin=S15-1
Added Pin To Net: NetName=GND Pin=S16-1
Added Pin To Net: NetName=GND Pin=U1-1
Added Pin To Net: NetName=PTE5 Pin=U1-2
Added Pin To Net: NetName=GND Pin=U1-3
Added Pin To Net: NetName=PTE6 Pin=U1-4
Added Pin To Net: NetName=GND Pin=U1-5
Added Pin To Net: NetName=PTE7 Pin=U1-6
Added Pin To Net: NetName=GND Pin=U1-7
Added Pin To Net: NetName=PTE10 Pin=U1-8
Added Pin To Net: NetName=GND Pin=U1-9
Added Pin To Net: NetName=GND Pin=U1-10
Added Pin To Net: NetName=GND Pin=U1-11
Added Pin To Net: NetName=MOTOR1 IN4 Pin=U1-12
Added Pin To Net: NetName=GND Pin=U1-13
Added Pin To Net: NetName=MOTOR1 IN3 Pin=U1-14
Added Pin To Net: NetName=GND Pin=U1-15
Added Pin To Net: NetName=MOTOR1 IN2 Pin=U1-16
Added Pin To Net: NetName=GND Pin=U1-17
Added Pin To Net: NetName=MOTOR1 IN1 Pin=U1-18
Added Pin To Net: NetName=GND Pin=U1-19
Added Pin To Net: NetName=5V Pin=U1-20
Added Pin To Net: NetName=NetD1_1 Pin=U2-1
Added Pin To Net: NetName=GND Pin=U2-2
Added Pin To Net: NetName=NetC3_1 Pin=U2-3
Added Pin To Net: NetName=GND Pin=U2-4
Added Pin To Net: NetName=NetR3_1 Pin=U2-5
Added Pin To Net: NetName=7V2 Pin=U2-6
Added Pin To Net: NetName=NetL1_1 Pin=U2-7
Added Pin To Net: NetName=NetR2_1 Pin=U2-8
Added Pin To Net: NetName=7V2 Pin=U3-1
Added Pin To Net: NetName=NetD2_1 Pin=U3-2
Added Pin To Net: NetName=GND Pin=U3-3
Added Pin To Net: NetName=5V Pin=U3-4
Added Pin To Net: NetName=GND Pin=U3-5
Added Pin To Net: NetName=GND Pin=U3-6
Added Pin To Net: NetName=NetD3_1 Pin=U5-1
Added Pin To Net: NetName=GND Pin=U5-2
Added Pin To Net: NetName=GND Pin=U5-4
Added Pin To Net: NetName=7V2 Pin=U5-6
Added Pin To Net: NetName=7V2 Pin=U6-1
Added Pin To Net: NetName=GND Pin=U6-3
Added Pin To Net: NetName=5V Pin=U6-4
Added Pin To Net: NetName=GND Pin=U6-5
Added Pin To Net: NetName=GND Pin=U6-6
Added Pin To Net: NetName=3V3-1 Pin=*9-5
Added Pin To Net: NetName=3V3-1 Pin=*9-16
Added Pin To Net: NetName=3V3-1 Pin=*9-43
Added Pin To Net: NetName=3V3-1 Pin=*9-56
Added Pin To Net: NetName=3V3-1 Pin=*9-70
Added Pin To Net: NetName=3V3-1 Pin=*9-94
Added Pin To Net: NetName=3V3-1 Pin=*9-108
Added Pin To Net: NetName=3V3-1 Pin=*9-122
Added Pin To Net: NetName=3V3-1 Pin=*9-135
Added Pin To Net: NetName=3V3-1 Pin=*12-10
Added Pin To Net: NetName=3V3-1 Pin=2-2
Added Pin To Net: NetName=3V3-1 Pin=2-2
Added Pin To Net: NetName=3V3-1 Pin=C15-1
Added Pin To Net: NetName=3V3-1 Pin=C16-2
Added Pin To Net: NetName=3V3-1 Pin=C19-2
Added Pin To Net: NetName=3V3-1 Pin=C20-1
Added Pin To Net: NetName=3V3-1 Pin=C24-1
Added Pin To Net: NetName=3V3-1 Pin=C34-1
Added Pin To Net: NetName=3V3-1 Pin=C37-2
Added Pin To Net: NetName=3V3-1 Pin=C39-1
Added Pin To Net: NetName=3V3-1 Pin=C44-1
Added Pin To Net: NetName=3V3-1 Pin=C45-1
Added Pin To Net: NetName=3V3-1 Pin=C50-1
Added Pin To Net: NetName=3V3-1 Pin=D4-1
Added Pin To Net: NetName=3V3-1 Pin=D5-1
Added Pin To Net: NetName=3V3-1 Pin=D7-1
Added Pin To Net: NetName=3V3-1 Pin=L3-1
Added Pin To Net: NetName=3V3-1 Pin=L6-1
Added Pin To Net: NetName=3V3-1 Pin=R26-2
Added Pin To Net: NetName=3V3-1 Pin=R27-1
Added Pin To Net: NetName=3V3-1 Pin=R28-1
Added Pin To Net: NetName=3V3-1 Pin=R36-1
Added Pin To Net: NetName=3V3-1 Pin=R39-1
Added Net: Name=3V3-1
Added Pin To Net: NetName=3V3-2 Pin=*13-5
Added Pin To Net: NetName=3V3-2 Pin=*13-16
Added Pin To Net: NetName=3V3-2 Pin=*13-43
Added Pin To Net: NetName=3V3-2 Pin=*13-56
Added Pin To Net: NetName=3V3-2 Pin=*13-70
Added Pin To Net: NetName=3V3-2 Pin=*13-94
Added Pin To Net: NetName=3V3-2 Pin=*13-108
Added Pin To Net: NetName=3V3-2 Pin=*13-122
Added Pin To Net: NetName=3V3-2 Pin=*13-135
Added Pin To Net: NetName=3V3-2 Pin=*15-10
Added Pin To Net: NetName=3V3-2 Pin=3-2
Added Pin To Net: NetName=3V3-2 Pin=3-2
Added Pin To Net: NetName=3V3-2 Pin=C40-1
Added Pin To Net: NetName=3V3-2 Pin=C43-2
Added Pin To Net: NetName=3V3-2 Pin=C53-1
Added Pin To Net: NetName=3V3-2 Pin=C54-2
Added Pin To Net: NetName=3V3-2 Pin=C55-2
Added Pin To Net: NetName=3V3-2 Pin=C56-1
Added Pin To Net: NetName=3V3-2 Pin=C60-1
Added Pin To Net: NetName=3V3-2 Pin=C69-1
Added Pin To Net: NetName=3V3-2 Pin=C70-1
Added Pin To Net: NetName=3V3-2 Pin=C71-1
Added Pin To Net: NetName=3V3-2 Pin=C72-1
Added Pin To Net: NetName=3V3-2 Pin=D8-1
Added Pin To Net: NetName=3V3-2 Pin=D9-1
Added Pin To Net: NetName=3V3-2 Pin=L8-1
Added Pin To Net: NetName=3V3-2 Pin=L9-1
Added Pin To Net: NetName=3V3-2 Pin=R43-2
Added Pin To Net: NetName=3V3-2 Pin=R44-1
Added Pin To Net: NetName=3V3-2 Pin=R45-1
Added Pin To Net: NetName=3V3-2 Pin=R49-1
Added Pin To Net: NetName=3V3-2 Pin=R51-1
Added Net: Name=3V3-2
Added Pin To Net: NetName=3V3-3 Pin=4-2
Added Pin To Net: NetName=3V3-3 Pin=4-2
Added Pin To Net: NetName=3V3-3 Pin=C46-1
Added Pin To Net: NetName=3V3-3 Pin=C49-2
Added Net: Name=3V3-3
Added Pin To Net: NetName=CLKOUT-2 Pin=*13-72
Added Pin To Net: NetName=CLKOUT-2 Pin=*14-3
Added Net: Name=CLKOUT-2
Added Pin To Net: NetName=CLKOUT Pin=*9-72
Added Pin To Net: NetName=CLKOUT Pin=*10-3
Added Net: Name=CLKOUT
Added Pin To Net: NetName=EXTAL33-2 Pin=*13-41
Added Pin To Net: NetName=EXTAL33-2 Pin=C67-2
Added Pin To Net: NetName=EXTAL33-2 Pin=R52-1
Added Pin To Net: NetName=EXTAL33-2 Pin=Y2-2
Added Net: Name=EXTAL33-2
Added Pin To Net: NetName=EXTAL33 Pin=*9-41
Added Pin To Net: NetName=EXTAL33 Pin=C33-2
Added Pin To Net: NetName=EXTAL33 Pin=R40-1
Added Pin To Net: NetName=EXTAL33 Pin=Y1-2
Added Net: Name=EXTAL33
Added Pin To Net: NetName=Net*9_21 Pin=*9-21
Added Pin To Net: NetName=Net*9_21 Pin=C21-2
Added Pin To Net: NetName=Net*9_21 Pin=C23-2
Added Pin To Net: NetName=Net*9_21 Pin=R27-2
Added Net: Name=Net*9_21
Added Pin To Net: NetName=Net*9_22 Pin=*9-22
Added Pin To Net: NetName=Net*9_22 Pin=C22-2
Added Pin To Net: NetName=Net*9_22 Pin=R28-2
Added Net: Name=Net*9_22
Added Pin To Net: NetName=Net*9_31 Pin=*9-31
Added Pin To Net: NetName=Net*9_31 Pin=R30-2
Added Net: Name=Net*9_31
Added Pin To Net: NetName=Net*9_32 Pin=*9-32
Added Pin To Net: NetName=Net*9_32 Pin=C27-2
Added Pin To Net: NetName=Net*9_32 Pin=C28-2
Added Pin To Net: NetName=Net*9_32 Pin=C29-2
Added Pin To Net: NetName=Net*9_32 Pin=C30-2
Added Pin To Net: NetName=Net*9_32 Pin=L6-2
Added Pin To Net: NetName=Net*9_32 Pin=R30-1
Added Net: Name=Net*9_32
Added Pin To Net: NetName=Net*9_33 Pin=*9-33
Added Pin To Net: NetName=Net*9_33 Pin=C27-1
Added Pin To Net: NetName=Net*9_33 Pin=C28-1
Added Pin To Net: NetName=Net*9_33 Pin=C29-1
Added Pin To Net: NetName=Net*9_33 Pin=C30-1
Added Pin To Net: NetName=Net*9_33 Pin=L7-2
Added Pin To Net: NetName=Net*9_33 Pin=R38-1
Added Net: Name=Net*9_33
Added Pin To Net: NetName=Net*9_34 Pin=*9-34
Added Pin To Net: NetName=Net*9_34 Pin=R38-2
Added Net: Name=Net*9_34
Added Pin To Net: NetName=Net*9_42 Pin=*9-42
Added Pin To Net: NetName=Net*9_42 Pin=C31-2
Added Pin To Net: NetName=Net*9_42 Pin=R36-2
Added Net: Name=Net*9_42
Added Pin To Net: NetName=Net*10_4 Pin=*10-4
Added Pin To Net: NetName=Net*10_4 Pin=C13-2
Added Pin To Net: NetName=Net*10_4 Pin=C14-2
Added Pin To Net: NetName=Net*10_4 Pin=L3-2
Added Net: Name=Net*10_4
Added Pin To Net: NetName=Net*13_21 Pin=*13-21
Added Pin To Net: NetName=Net*13_21 Pin=C57-2
Added Pin To Net: NetName=Net*13_21 Pin=C59-2
Added Pin To Net: NetName=Net*13_21 Pin=R44-2
Added Net: Name=Net*13_21
Added Pin To Net: NetName=Net*13_22 Pin=*13-22
Added Pin To Net: NetName=Net*13_22 Pin=C58-2
Added Pin To Net: NetName=Net*13_22 Pin=R45-2
Added Net: Name=Net*13_22
Added Pin To Net: NetName=Net*13_31 Pin=*13-31
Added Pin To Net: NetName=Net*13_31 Pin=R47-2
Added Net: Name=Net*13_31
Added Pin To Net: NetName=Net*13_32 Pin=*13-32
Added Pin To Net: NetName=Net*13_32 Pin=C61-2
Added Pin To Net: NetName=Net*13_32 Pin=C62-2
Added Pin To Net: NetName=Net*13_32 Pin=C63-2
Added Pin To Net: NetName=Net*13_32 Pin=C64-2
Added Pin To Net: NetName=Net*13_32 Pin=L9-2
Added Pin To Net: NetName=Net*13_32 Pin=R47-1
Added Net: Name=Net*13_32
Added Pin To Net: NetName=Net*13_33 Pin=*13-33
Added Pin To Net: NetName=Net*13_33 Pin=C61-1
Added Pin To Net: NetName=Net*13_33 Pin=C62-1
Added Pin To Net: NetName=Net*13_33 Pin=C63-1
Added Pin To Net: NetName=Net*13_33 Pin=C64-1
Added Pin To Net: NetName=Net*13_33 Pin=L10-2
Added Pin To Net: NetName=Net*13_33 Pin=R50-1
Added Net: Name=Net*13_33
Added Pin To Net: NetName=Net*13_34 Pin=*13-34
Added Pin To Net: NetName=Net*13_34 Pin=R50-2
Added Net: Name=Net*13_34
Added Pin To Net: NetName=Net*13_42 Pin=*13-42
Added Pin To Net: NetName=Net*13_42 Pin=C65-2
Added Pin To Net: NetName=Net*13_42 Pin=R49-2
Added Net: Name=Net*13_42
Added Pin To Net: NetName=Net*14_4 Pin=*14-4
Added Pin To Net: NetName=Net*14_4 Pin=C51-2
Added Pin To Net: NetName=Net*14_4 Pin=C52-2
Added Pin To Net: NetName=Net*14_4 Pin=L8-2
Added Net: Name=Net*14_4
Added Pin To Net: NetName=NetC17_1 Pin=C17-1
Added Pin To Net: NetName=NetC17_1 Pin=U5-3
Added Net: Name=NetC17_1
Added Pin To Net: NetName=NetD4_2 Pin=D4-2
Added Pin To Net: NetName=NetD4_2 Pin=R29-1
Added Net: Name=NetD4_2
Added Pin To Net: NetName=NetD5_2 Pin=D5-2
Added Pin To Net: NetName=NetD5_2 Pin=R31-1
Added Net: Name=NetD5_2
Added Pin To Net: NetName=NetD6_1 Pin=D6-1
Added Pin To Net: NetName=NetD6_1 Pin=L5-1
Added Pin To Net: NetName=NetD6_1 Pin=U6-2
Added Net: Name=NetD6_1
Added Pin To Net: NetName=NetD7_2 Pin=D7-2
Added Pin To Net: NetName=NetD7_2 Pin=R37-1
Added Net: Name=NetD7_2
Added Pin To Net: NetName=NetD8_2 Pin=D8-2
Added Pin To Net: NetName=NetD8_2 Pin=R46-1
Added Net: Name=NetD8_2
Added Pin To Net: NetName=NetD9_2 Pin=D9-2
Added Pin To Net: NetName=NetD9_2 Pin=R48-1
Added Net: Name=NetD9_2
Added Pin To Net: NetName=NetL4_1 Pin=L4-1
Added Pin To Net: NetName=NetL4_1 Pin=R16-1
Added Pin To Net: NetName=NetL4_1 Pin=R17-2
Added Pin To Net: NetName=NetL4_1 Pin=U5-7
Added Net: Name=NetL4_1
Added Pin To Net: NetName=NetR17_1 Pin=R17-1
Added Pin To Net: NetName=NetR17_1 Pin=U5-8
Added Net: Name=NetR17_1
Added Pin To Net: NetName=NetR24_1 Pin=R24-1
Added Pin To Net: NetName=NetR24_1 Pin=R25-1
Added Pin To Net: NetName=NetR24_1 Pin=U5-5
Added Net: Name=NetR24_1
Added Pin To Net: NetName=PTA0-2 Pin=*13-50
Added Pin To Net: NetName=PTA0-2 Pin=*15-6
Added Net: Name=PTA0-2
Added Pin To Net: NetName=PTA0 Pin=*9-50
Added Pin To Net: NetName=PTA0 Pin=*12-6
Added Net: Name=PTA0
Added Pin To Net: NetName=PTA1-2 Pin=*13-51
Added Pin To Net: NetName=PTA1-2 Pin=*15-8
Added Net: Name=PTA1-2
Added Pin To Net: NetName=PTA1 Pin=*9-51
Added Pin To Net: NetName=PTA1 Pin=*12-8
Added Net: Name=PTA1
Added Pin To Net: NetName=PTA2-2 Pin=*13-52
Added Pin To Net: NetName=PTA2-2 Pin=*15-3
Added Net: Name=PTA2-2
Added Pin To Net: NetName=PTA2 Pin=*9-52
Added Pin To Net: NetName=PTA2 Pin=*12-3
Added Net: Name=PTA2
Added Pin To Net: NetName=PTA3-2 Pin=*13-53
Added Pin To Net: NetName=PTA3-2 Pin=*15-7
Added Net: Name=PTA3-2
Added Pin To Net: NetName=PTA3 Pin=*9-53
Added Pin To Net: NetName=PTA3 Pin=*12-7
Added Net: Name=PTA3
Added Pin To Net: NetName=PTA4-2 Pin=*13-54
Added Pin To Net: NetName=PTA4-2 Pin=*15-9
Added Pin To Net: NetName=PTA4-2 Pin=R43-1
Added Net: Name=PTA4-2
Added Pin To Net: NetName=PTA4 Pin=*9-54
Added Pin To Net: NetName=PTA4 Pin=*12-9
Added Pin To Net: NetName=PTA4 Pin=R26-1
Added Net: Name=PTA4
Added Pin To Net: NetName=PTA25-2 Pin=*13-76
Added Net: Name=PTA25-2
Added Pin To Net: NetName=PTA26-2 Pin=*13-77
Added Net: Name=PTA26-2
Added Pin To Net: NetName=PTA27-2 Pin=*13-78
Added Pin To Net: NetName=PTA27-2 Pin=R53-1
Added Net: Name=PTA27-2
Added Pin To Net: NetName=PTA29-2 Pin=*13-80
Added Pin To Net: NetName=PTA29-2 Pin=R54-2
Added Net: Name=PTA29-2
Added Pin To Net: NetName=PTB0-2 Pin=*13-81
Added Net: Name=PTB0-2
Added Pin To Net: NetName=PTB1-2 Pin=*13-82
Added Net: Name=PTB1-2
Added Pin To Net: NetName=PTB2-2 Pin=*13-83
Added Net: Name=PTB2-2
Added Pin To Net: NetName=PTB3-2 Pin=*13-84
Added Net: Name=PTB3-2
Added Pin To Net: NetName=PTB4-2 Pin=*13-85
Added Net: Name=PTB4-2
Added Pin To Net: NetName=PTB5-2 Pin=*13-86
Added Net: Name=PTB5-2
Added Pin To Net: NetName=PTB6-2 Pin=*13-87
Added Net: Name=PTB6-2
Added Pin To Net: NetName=PTB7-2 Pin=*13-88
Added Net: Name=PTB7-2
Added Pin To Net: NetName=PTB20-2 Pin=R48-2
Added Net: Name=PTB20-2
Added Pin To Net: NetName=PTB20 Pin=R31-2
Added Net: Name=PTB20
Added Pin To Net: NetName=RESET-2 Pin=*13-74
Added Pin To Net: NetName=RESET-2 Pin=*15-2
Added Pin To Net: NetName=RESET-2 Pin=C68-2
Added Pin To Net: NetName=RESET-2 Pin=R51-2
Added Pin To Net: NetName=RESET-2 Pin=S16-2
Added Net: Name=RESET-2
Added Pin To Net: NetName=RESET Pin=*9-74
Added Pin To Net: NetName=RESET Pin=*12-2
Added Pin To Net: NetName=RESET Pin=C38-2
Added Pin To Net: NetName=RESET Pin=R39-2
Added Pin To Net: NetName=RESET Pin=S15-2
Added Net: Name=RESET
Added Pin To Net: NetName=XTAL32-2 Pin=*13-40
Added Pin To Net: NetName=XTAL32-2 Pin=C66-2
Added Pin To Net: NetName=XTAL32-2 Pin=R52-2
Added Pin To Net: NetName=XTAL32-2 Pin=Y2-1
Added Net: Name=XTAL32-2
Added Pin To Net: NetName=XTAL32 Pin=*9-40
Added Pin To Net: NetName=XTAL32 Pin=C32-2
Added Pin To Net: NetName=XTAL32 Pin=R40-2
Added Pin To Net: NetName=XTAL32 Pin=Y1-1
Added Net: Name=XTAL32
Added Class: Name=DS_ZK_FINAL
Added Member To Class: ClassName=DS_zk Member=Component *2 CSB
Added Member To Class: ClassName=DS_zk Member=Component *3 YK
Added Member To Class: ClassName=DS_zk Member=Component *5 HW
Added Member To Class: ClassName=DS_zk Member=Component *6 DJ
Added Member To Class: ClassName=DS_zk Member=Component *7 JG
Added Member To Class: ClassName=DS_zk Member=Component *8 ÍÓÂÝÒÇ
Added Member To Class: ClassName=DS_zk Member=Component 1 AMS1117-3.3
Added Member To Class: ClassName=DS_zk Member=Component bell1 Bell
Added Member To Class: ClassName=DS_zk Member=Component blue1 blueteeth2
Added Member To Class: ClassName=DS_zk Member=Component BMQ1 encode_1
Added Member To Class: ClassName=DS_zk Member=Component BMQ2 encode_2
Added Member To Class: ClassName=DS_zk Member=Component C1 0.1uF
Added Member To Class: ClassName=DS_zk Member=Component C2 470uF
Added Member To Class: ClassName=DS_zk Member=Component C3 470pF
Added Member To Class: ClassName=DS_zk Member=Component C4 10uF
Added Member To Class: ClassName=DS_zk Member=Component C5 Cap Pol1
Added Member To Class: ClassName=DS_zk Member=Component C6 Cap Pol1
Added Member To Class: ClassName=DS_zk Member=Component C7 Cap Pol1
Added Member To Class: ClassName=DS_zk Member=Component C8 Cap Pol1
Added Member To Class: ClassName=DS_zk Member=Component C9 Cap
Added Member To Class: ClassName=DS_zk Member=Component C10 Cap
Added Member To Class: ClassName=DS_zk Member=Component D1 IN5819
Added Member To Class: ClassName=DS_zk Member=Component D2 IN5824
Added Member To Class: ClassName=DS_zk Member=Component DY1 H1
Added Member To Class: ClassName=DS_zk Member=Component K1 K60
Added Member To Class: ClassName=DS_zk Member=Component Moter1 Motor
Added Member To Class: ClassName=DS_zk Member=Component moter2 H1
Added Member To Class: ClassName=DS_zk Member=Component oled1 OLED
Added Member To Class: ClassName=DS_zk Member=Component P1 H1
Added Member To Class: ClassName=DS_zk Member=Component Q1 NPN9013
Added Member To Class: ClassName=DS_zk Member=Component R1 0.22R
Added Member To Class: ClassName=DS_zk Member=Component R2 180R
Added Member To Class: ClassName=DS_zk Member=Component R3 1.3K
Added Member To Class: ClassName=DS_zk Member=Component R4 100R
Added Member To Class: ClassName=DS_zk Member=Component R5 Res2
Added Member To Class: ClassName=DS_zk Member=Component R6 Res2
Added Member To Class: ClassName=DS_zk Member=Component R7 Res2
Added Member To Class: ClassName=DS_zk Member=Component R8 Res2
Added Member To Class: ClassName=DS_zk Member=Component R9 Res2
Added Member To Class: ClassName=DS_zk Member=Component R10 Res2
Added Member To Class: ClassName=DS_zk Member=Component R11 Res2
Added Member To Class: ClassName=DS_zk Member=Component R12 Res2
Added Member To Class: ClassName=DS_zk Member=Component R13 Res2
Added Member To Class: ClassName=DS_zk Member=Component R14 Res2
Added Member To Class: ClassName=DS_zk Member=Component R15 Res2
Added Member To Class: ClassName=DS_zk Member=Component S1 SW-PB
Added Member To Class: ClassName=DS_zk Member=Component S2 SW-PB
Added Member To Class: ClassName=DS_zk Member=Component S3 SW-PB
Added Member To Class: ClassName=DS_zk Member=Component S4 SW-PB
Added Member To Class: ClassName=DS_zk Member=Component S5 SW-PB
Added Member To Class: ClassName=DS_zk Member=Component S6 SW-PB
Added Member To Class: ClassName=DS_zk Member=Component S7 SW-DIP4
Added Member To Class: ClassName=DS_zk Member=Component U1 74LS244
Added Member To Class: ClassName=DS_zk Member=Component U2 MC34063
Added Member To Class: ClassName=DS_zk Member=Component U3 LM2596-5
Added Room: Name=DS_zk
Added Room: Name=DS_ZK_FINAL
