Change Component Designator: Old Designator=* New Designator=*11
Change Component Designator: Old Designator=1 New Designator=2
Change Component Designator: Old Designator=1 New Designator=3
Change Component Designator: Old Designator=C2 New Designator=C11
Change Component Designator: Old Designator=C3 New Designator=C14
Change Component Designator: Old Designator=C4 New Designator=C17
Change Component Designator: Old Designator=C5 New Designator=C22
Change Component Designator: Old Designator=C6 New Designator=C24
Change Component Designator: Old Designator=C7 New Designator=C30
Change Component Designator: Old Designator=C7 New Designator=C35
Change Component Designator: Old Designator=C8 New Designator=C31
Change Component Designator: Old Designator=C8 New Designator=C36
Change Component Designator: Old Designator=C9 New Designator=C32
Change Component Designator: Old Designator=C9 New Designator=C37
Change Component Designator: Old Designator=C10 New Designator=C33
Change Component Designator: Old Designator=C10 New Designator=C38
Change Component Designator: Old Designator=C11 New Designator=C12
Change Component Designator: Old Designator=C12 New Designator=C13
Change Component Designator: Old Designator=C13 New Designator=C15
Change Component Designator: Old Designator=C14 New Designator=C16
Change Component Designator: Old Designator=C15 New Designator=C18
Change Component Designator: Old Designator=C16 New Designator=C19
Change Component Designator: Old Designator=C17 New Designator=C20
Change Component Designator: Old Designator=C18 New Designator=C21
Change Component Designator: Old Designator=C19 New Designator=C23
Change Component Designator: Old Designator=C20 New Designator=C25
Change Component Designator: Old Designator=C21 New Designator=C26
Change Component Designator: Old Designator=C22 New Designator=C27
Change Component Designator: Old Designator=C23 New Designator=C28
Change Component Designator: Old Designator=C24 New Designator=C29
Change Component Designator: Old Designator=C25 New Designator=C34
Change Component Designator: Old Designator=C26 New Designator=C39
Change Component Designator: Old Designator=C27 New Designator=C40
Change Component Designator: Old Designator=C28 New Designator=C41
Change Component Designator: Old Designator=D1 New Designator=D3
Change Component Designator: Old Designator=D2 New Designator=D6
Change Component Designator: Old Designator=D? New Designator=D4
Change Component Designator: Old Designator=D? New Designator=D5
Change Component Designator: Old Designator=D? New Designator=D7
Change Component Designator: Old Designator=L1 New Designator=L3
Change Component Designator: Old Designator=L2 New Designator=L5
Change Component Designator: Old Designator=L3 New Designator=L4
Change Component Designator: Old Designator=L4 New Designator=L6
Change Component Designator: Old Designator=L5 New Designator=L7
Change Component Designator: Old Designator=R1 New Designator=R16
Change Component Designator: Old Designator=R2 New Designator=R17
Change Component Designator: Old Designator=R3 New Designator=R18
Change Component Designator: Old Designator=R4 New Designator=R19
Change Component Designator: Old Designator=R16 New Designator=R20
Change Component Designator: Old Designator=R16 New Designator=R21
Change Component Designator: Old Designator=R16 New Designator=R22
Change Component Designator: Old Designator=R16 New Designator=R24
Change Component Designator: Old Designator=R16 New Designator=R26
Change Component Designator: Old Designator=R17 New Designator=R23
Change Component Designator: Old Designator=R18 New Designator=R25
Change Component Designator: Old Designator=R19 New Designator=R27
Change Component Designator: Old Designator=U2 New Designator=U4
Change Component Designator: Old Designator=U3 New Designator=U5
