Added Component: Designator=*2(HDR1X4)
Added Component: Designator=*3(HDR1X6)
Added Component: Designator=*5(HDR1X5)
Added Component: Designator=*6(HDR1X3)
Added Component: Designator=*7(HDR1X8)
Added Component: Designator=*8(HDR1X8)
Added Component: Designator=blue(HDR1X4)
Added Component: Designator=BMQ1(HDR2X3)
Added Component: Designator=BMQ2(HDR2X3)
Added Component: Designator=C1(0603)
Added Component: Designator=C3(0805)
Added Component: Designator=C4(0805)
Added Component: Designator=C7(0805)
Added Component: Designator=C8(0805)
Added Component: Designator=C9(0805)
Added Component: Designator=C10(0805)
Added Component: Designator=C11(0805)
Added Component: Designator=C12(0805)
Added Component: Designator=C13(0805)
Added Component: Designator=DY1(HDR1X2)
Added Component: Designator=Moter1(HDR1X6)
Added Component: Designator=oled1(HDR1X6)
Added Component: Designator=R1(0805)
Added Component: Designator=R2(0805)
Added Component: Designator=R3(0805)
Added Component: Designator=R4(0805)
Added Component: Designator=R5(0805)
Added Component: Designator=R6(0805)
Added Component: Designator=R7(0805)
Added Component: Designator=R8(0805)
Added Component: Designator=R9(0805)
Added Component: Designator=R10(0805)
Added Component: Designator=R11(0805)
Added Component: Designator=R12(0805)
Added Component: Designator=R13(0805)
Added Component: Designator=R14(0805)
Added Component: Designator=R15(0805)
Added Component: Designator=R16(0805)
Added Pin To Net: NetName=3V3 Pin=C8-1
Added Pin To Net: NetName=3V3 Pin=C10-2
Added Pin To Net: NetName=3V3 Pin=R7-2
Added Pin To Net: NetName=3V3 Pin=R8-2
Added Pin To Net: NetName=3V3 Pin=R9-2
Added Pin To Net: NetName=3V3 Pin=R10-2
Added Pin To Net: NetName=3V3 Pin=R11-2
Added Pin To Net: NetName=3V3 Pin=R12-2
Added Pin To Net: NetName=3V3 Pin=R13-2
Added Pin To Net: NetName=3V3 Pin=R14-2
Added Pin To Net: NetName=3V3 Pin=R15-2
Added Pin To Net: NetName=3V3 Pin=R16-2
Added Net: Name=3V3
Added Pin To Net: NetName=5V Pin=*2-2
Added Pin To Net: NetName=5V Pin=*3-2
Added Pin To Net: NetName=5V Pin=*5-1
Added Pin To Net: NetName=5V Pin=*5-2
Added Pin To Net: NetName=5V Pin=*6-2
Added Pin To Net: NetName=5V Pin=*7-1
Added Pin To Net: NetName=5V Pin=*8-1
Added Pin To Net: NetName=5V Pin=blue-2
Added Pin To Net: NetName=5V Pin=BMQ1-2
Added Pin To Net: NetName=5V Pin=BMQ2-2
Added Pin To Net: NetName=5V Pin=C1-2
Added Pin To Net: NetName=5V Pin=C7-1
Added Pin To Net: NetName=5V Pin=C9-2
Added Pin To Net: NetName=5V Pin=C12-2
Added Pin To Net: NetName=5V Pin=oled1-2
Added Net: Name=5V
Added Pin To Net: NetName=7V2 Pin=C4-1
Added Pin To Net: NetName=7V2 Pin=DY1-2
Added Pin To Net: NetName=7V2 Pin=R1-2
Added Pin To Net: NetName=7V2 Pin=R6-2
Added Net: Name=7V2
Added Pin To Net: NetName=12V Pin=Moter1-5
Added Pin To Net: NetName=12V Pin=R3-2
Added Net: Name=12V
Added Pin To Net: NetName=GND Pin=*2-1
Added Pin To Net: NetName=GND Pin=*3-1
Added Pin To Net: NetName=GND Pin=*5-3
Added Pin To Net: NetName=GND Pin=*5-4
Added Pin To Net: NetName=GND Pin=*6-1
Added Pin To Net: NetName=GND Pin=*7-2
Added Pin To Net: NetName=GND Pin=*8-2
Added Pin To Net: NetName=GND Pin=blue-1
Added Pin To Net: NetName=GND Pin=BMQ1-1
Added Pin To Net: NetName=GND Pin=BMQ2-1
Added Pin To Net: NetName=GND Pin=C1-1
Added Pin To Net: NetName=GND Pin=C3-2
Added Pin To Net: NetName=GND Pin=C4-2
Added Pin To Net: NetName=GND Pin=C7-2
Added Pin To Net: NetName=GND Pin=C8-2
Added Pin To Net: NetName=GND Pin=C9-1
Added Pin To Net: NetName=GND Pin=C10-1
Added Pin To Net: NetName=GND Pin=C11-1
Added Pin To Net: NetName=GND Pin=C12-1
Added Pin To Net: NetName=GND Pin=C13-1
Added Pin To Net: NetName=GND Pin=DY1-1
Added Pin To Net: NetName=GND Pin=Moter1-6
Added Pin To Net: NetName=GND Pin=oled1-1
Added Pin To Net: NetName=GND Pin=R4-2
Added Net: Name=GND
Added Pin To Net: NetName=MOTOR1 IN1 Pin=Moter1-1
Added Net: Name=MOTOR1 IN1
Added Pin To Net: NetName=MOTOR1 IN2 Pin=Moter1-2
Added Net: Name=MOTOR1 IN2
Added Pin To Net: NetName=MOTOR1 IN3 Pin=Moter1-3
Added Net: Name=MOTOR1 IN3
Added Pin To Net: NetName=MOTOR1 IN4 Pin=Moter1-4
Added Net: Name=MOTOR1 IN4
Added Pin To Net: NetName=Net*9_4 Pin=C13-2
Added Net: Name=Net*9_4
Added Net: Name=Netbell1_2
Added Pin To Net: NetName=NetC3_1 Pin=C3-1
Added Net: Name=NetC3_1
Added Net: Name=NetD1_1
Added Net: Name=NetD2_1
Added Pin To Net: NetName=NetD3_1 Pin=R6-1
Added Net: Name=NetD3_1
Added Pin To Net: NetName=NetL1_1 Pin=R1-1
Added Pin To Net: NetName=NetL1_1 Pin=R2-2
Added Net: Name=NetL1_1
Added Net: Name=NetP1_2
Added Pin To Net: NetName=NetQ1_2 Pin=R5-2
Added Net: Name=NetQ1_2
Added Pin To Net: NetName=NetR2_1 Pin=R2-1
Added Net: Name=NetR2_1
Added Pin To Net: NetName=NetR3_1 Pin=R3-1
Added Pin To Net: NetName=NetR3_1 Pin=R4-1
Added Net: Name=NetR3_1
Added Pin To Net: NetName=PTA5 Pin=R12-1
Added Net: Name=PTA5
Added Pin To Net: NetName=PTA6 Pin=R13-1
Added Net: Name=PTA6
Added Pin To Net: NetName=PTA7 Pin=R8-1
Added Net: Name=PTA7
Added Pin To Net: NetName=PTA8 Pin=R7-1
Added Net: Name=PTA8
Added Pin To Net: NetName=PTA9 Pin=R10-1
Added Net: Name=PTA9
Added Pin To Net: NetName=PTA10 Pin=BMQ2-3
Added Net: Name=PTA10
Added Pin To Net: NetName=PTA11 Pin=BMQ2-4
Added Net: Name=PTA11
Added Pin To Net: NetName=PTA12 Pin=BMQ1-3
Added Net: Name=PTA12
Added Pin To Net: NetName=PTA13 Pin=BMQ1-4
Added Net: Name=PTA13
Added Net: Name=PTA14
Added Net: Name=PTA16
Added Net: Name=PTA17
Added Pin To Net: NetName=PTA19 Pin=oled1-6
Added Net: Name=PTA19
Added Pin To Net: NetName=PTA24 Pin=oled1-5
Added Net: Name=PTA24
Added Net: Name=PTA25
Added Net: Name=PTA26
Added Net: Name=PTA27
Added Net: Name=PTA29
Added Net: Name=PTB0
Added Net: Name=PTB1
Added Net: Name=PTB2
Added Net: Name=PTB3
Added Net: Name=PTB4
Added Net: Name=PTB5
Added Net: Name=PTB6
Added Net: Name=PTB7
Added Pin To Net: NetName=PTB21 Pin=oled1-3
Added Net: Name=PTB21
Added Pin To Net: NetName=PTB22 Pin=oled1-4
Added Net: Name=PTB22
Added Pin To Net: NetName=PTC7 Pin=*7-3
Added Net: Name=PTC7
Added Pin To Net: NetName=PTC9 Pin=*7-4
Added Net: Name=PTC9
Added Pin To Net: NetName=PTC11 Pin=*7-5
Added Net: Name=PTC11
Added Pin To Net: NetName=PTC12 Pin=*7-6
Added Net: Name=PTC12
Added Pin To Net: NetName=PTC14 Pin=*7-7
Added Net: Name=PTC14
Added Pin To Net: NetName=PTC16 Pin=*7-8
Added Net: Name=PTC16
Added Pin To Net: NetName=PTD0 Pin=*6-3
Added Net: Name=PTD0
Added Pin To Net: NetName=PTD1 Pin=*2-3
Added Net: Name=PTD1
Added Pin To Net: NetName=PTD2 Pin=*2-4
Added Net: Name=PTD2
Added Pin To Net: NetName=PTD3 Pin=R5-1
Added Net: Name=PTD3
Added Pin To Net: NetName=PTD11 Pin=*3-3
Added Net: Name=PTD11
Added Pin To Net: NetName=PTD12 Pin=*3-4
Added Net: Name=PTD12
Added Pin To Net: NetName=PTD13 Pin=*3-5
Added Net: Name=PTD13
Added Pin To Net: NetName=PTD14 Pin=*3-6
Added Net: Name=PTD14
Added Pin To Net: NetName=PTE0 Pin=*8-4
Added Net: Name=PTE0
Added Pin To Net: NetName=PTE1 Pin=*8-3
Added Net: Name=PTE1
Added Net: Name=PTE5
Added Net: Name=PTE6
Added Net: Name=PTE7
Added Pin To Net: NetName=PTE8 Pin=blue-4
Added Net: Name=PTE8
Added Pin To Net: NetName=PTE9 Pin=blue-3
Added Net: Name=PTE9
Added Net: Name=PTE10
Added Pin To Net: NetName=PTE11 Pin=*5-5
Added Net: Name=PTE11
Added Pin To Net: NetName=PTE24 Pin=R16-1
Added Net: Name=PTE24
Added Pin To Net: NetName=PTE25 Pin=R11-1
Added Net: Name=PTE25
Added Pin To Net: NetName=PTE26 Pin=R15-1
Added Net: Name=PTE26
Added Pin To Net: NetName=PTE27 Pin=R9-1
Added Net: Name=PTE27
Added Pin To Net: NetName=PTE28 Pin=R14-1
Added Net: Name=PTE28
Added Pin To Net: NetName=×¨Êô3.3V Pin=C11-2
Added Net: Name=×¨Êô3.3V
Added Class: Name=DS_zk
Added Room: Name=DS_zk
