Removed Pin From Net: NetName=PTD10 Pin=*6-3
Removed Pin From Net: NetName=PTD11 Pin=*6-4
Removed Pin From Net: NetName=PTD12 Pin=*6-5
Removed Pin From Net: NetName=PTD13 Pin=*6-6
Removed Pin From Net: NetName=PTB17 Pin=R1-1
Removed Pin From Net: NetName=PTB18 Pin=R2-1
Removed Pin From Net: NetName=PTA8 Pin=R10-1
Removed Pin From Net: NetName=PTA7 Pin=R11-1
Removed Pin From Net: NetName=PTE25 Pin=R14-1
Removed Pin From Net: NetName=PTA8 Pin=S2-2
Removed Pin From Net: NetName=PTA7 Pin=S3-2
Removed Pin From Net: NetName=PTE25 Pin=S6-2
Change Component Designator: OldDesignator=*4 NewDesignator=*8
Change Component Designator: OldDesignator=*5 NewDesignator=*4
Change Component Designator: OldDesignator=*6 NewDesignator=*5
Change Component Designator: OldDesignator=*7 NewDesignator=*6
Change Component Designator: OldDesignator=*8 NewDesignator=*7
Change Component Designator: OldDesignator=D6 NewDesignator=D8
Change Component Designator: OldDesignator=D7 NewDesignator=D9
Change Component Designator: OldDesignator=R1 NewDesignator=R5
Change Component Designator: OldDesignator=R3 NewDesignator=R1
Change Component Designator: OldDesignator=R4 NewDesignator=R6
Change Component Designator: OldDesignator=R5 NewDesignator=R3
Change Component Designator: OldDesignator=R6 NewDesignator=R4
Change Component Designator: OldDesignator=R29 NewDesignator=R31
Change Component Designator: OldDesignator=R30 NewDesignator=R32
Change Component Designator: OldDesignator=R31 NewDesignator=R33
Change Component Designator: OldDesignator=R32 NewDesignator=R34
Change Component Designator: OldDesignator=R33 NewDesignator=R35
Change Component Designator: OldDesignator=R34 NewDesignator=R36
Change Component Designator: OldDesignator=R35 NewDesignator=R37
Change Component Designator: OldDesignator=R36 NewDesignator=R38
Change Component Designator: OldDesignator=R37 NewDesignator=R39
Change Component Designator: OldDesignator=R38 NewDesignator=R40
Change Component Designator: OldDesignator=R39 NewDesignator=R41
Change Component Designator: OldDesignator=R40 NewDesignator=R42
Added Component: Designator=*15(HDR1X8)
Added Component: Designator=D6(0805LED)
Added Component: Designator=D7(0805LED)
Added Component: Designator=R29(0603)
Added Component: Designator=R30(0603)
Added Component: Designator=R43(0805)
Added Component: Designator=S10(BUTTON)
Added Pin To Net: NetName=PTB20-2 Pin=*11-99
Added Pin To Net: NetName=5V Pin=*15-1
Added Pin To Net: NetName=GND Pin=*15-2
Added Pin To Net: NetName=3V3 Pin=3-2
Added Pin To Net: NetName=3V3 Pin=3-2
Added Pin To Net: NetName=3V3 Pin=C36-1
Added Pin To Net: NetName=3V3 Pin=C39-2
Added Pin To Net: NetName=3V3 Pin=D6-1
Added Pin To Net: NetName=5V Pin=D7-1
Added Pin To Net: NetName=3V3 Pin=R1-2
Added Pin To Net: NetName=PTB17 Pin=R2-1
Added Pin To Net: NetName=3V3 Pin=R2-2
Added Pin To Net: NetName=PTB18 Pin=R5-1
Added Pin To Net: NetName=3V3 Pin=R5-2
Added Pin To Net: NetName=3V3 Pin=R6-1
Added Pin To Net: NetName=PTB19 Pin=R6-2
Added Pin To Net: NetName=PTD10 Pin=R10-1
Added Pin To Net: NetName=PTD11 Pin=R11-1
Added Pin To Net: NetName=PTD12 Pin=R12-1
Added Pin To Net: NetName=PTD13 Pin=R13-1
Added Pin To Net: NetName=GND Pin=R29-2
Added Pin To Net: NetName=GND Pin=R30-2
Added Pin To Net: NetName=3V3 Pin=R43-2
Added Pin To Net: NetName=PTB19 Pin=S1-5
Added Pin To Net: NetName=PTD10 Pin=S2-2
Added Pin To Net: NetName=PTD11 Pin=S3-2
Added Pin To Net: NetName=PTD12 Pin=S4-2
Added Pin To Net: NetName=PTD13 Pin=S5-2
Added Pin To Net: NetName=GND Pin=S10-1
Change Net Name : Old Net Name=3V3 New Net Name=3V3-3
Change Net Name : Old Net Name=NetD6_2 New Net Name=NetD8_2
Change Net Name : Old Net Name=NetD7_2 New Net Name=NetD9_2
Change Net Name : Old Net Name=NetR6_1 New Net Name=NetR4_1
Added Pin To Net: NetName=NetD6_2 Pin=D6-2
Added Pin To Net: NetName=NetD6_2 Pin=R29-1
Added Net: Name=NetD6_2
Added Pin To Net: NetName=NetD7_2 Pin=D7-2
Added Pin To Net: NetName=NetD7_2 Pin=R30-1
Added Net: Name=NetD7_2
Added Pin To Net: NetName=PTA14 Pin=*2-66
Added Pin To Net: NetName=PTA14 Pin=*5-3
Added Pin To Net: NetName=PTA14 Pin=R14-1
Added Pin To Net: NetName=PTA14 Pin=S6-2
Added Net: Name=PTA14
Added Pin To Net: NetName=PTA15 Pin=*2-67
Added Pin To Net: NetName=PTA15 Pin=*5-4
Added Pin To Net: NetName=PTA15 Pin=R15-1
Added Pin To Net: NetName=PTA15 Pin=S7-2
Added Net: Name=PTA15
Added Pin To Net: NetName=PTA16 Pin=*5-5
Added Net: Name=PTA16
Added Pin To Net: NetName=PTA17 Pin=*5-6
Added Net: Name=PTA17
Added Pin To Net: NetName=PTB21-2 Pin=*11-100
Added Pin To Net: NetName=PTB21-2 Pin=R43-1
Added Pin To Net: NetName=PTB21-2 Pin=S10-2
Added Net: Name=PTB21-2
Added Pin To Net: NetName=PTC4-2 Pin=*11-109
Added Pin To Net: NetName=PTC4-2 Pin=*15-3
Added Net: Name=PTC4-2
Added Pin To Net: NetName=PTC5-2 Pin=*11-110
Added Pin To Net: NetName=PTC5-2 Pin=*15-4
Added Net: Name=PTC5-2
Added Pin To Net: NetName=PTC6-2 Pin=*11-111
Added Pin To Net: NetName=PTC6-2 Pin=*15-5
Added Net: Name=PTC6-2
Added Pin To Net: NetName=PTC7-2 Pin=*11-112
Added Pin To Net: NetName=PTC7-2 Pin=*15-6
Added Net: Name=PTC7-2
Added Pin To Net: NetName=PTC8-2 Pin=*11-113
Added Pin To Net: NetName=PTC8-2 Pin=*15-7
Added Net: Name=PTC8-2
Added Pin To Net: NetName=PTC9-2 Pin=*11-114
Added Pin To Net: NetName=PTC9-2 Pin=*15-8
Added Net: Name=PTC9-2
Added Pin To Net: NetName=PTD14 Pin=*2-143
Added Net: Name=PTD14
Added Pin To Net: NetName=PTD15 Pin=*2-144
Added Net: Name=PTD15
Added Member To Class: ClassName=DS_ZK_FINAL Member=Component *15 JG
Added Member To Class: ClassName=DS_ZK_FINAL Member=Component D8 LED0
Added Member To Class: ClassName=DS_ZK_FINAL Member=Component D9 LED0
Added Member To Class: ClassName=DS_ZK_FINAL Member=Component R41 Res2
Added Member To Class: ClassName=DS_ZK_FINAL Member=Component R42 Res2
Added Member To Class: ClassName=DS_ZK_FINAL Member=Component R43 Res2
Added Member To Class: ClassName=DS_ZK_FINAL Member=Component S10 SW-PB
Added Room: Name=DS_ZK_FINAL
