Removed Pin From Net: NetName=Net*11_32 Pin=R37-1
Removed Pin From Net: NetName=Net*11_31 Pin=R37-2
Removed Pin From Net: NetName=NetD11_2 Pin=R38-1
Removed Pin From Net: NetName=PTC6-2 Pin=R38-2
Removed Pin From Net: NetName=3V3-2 Pin=R39-1
Removed Pin From Net: NetName=Net*11_42 Pin=R39-2
Removed Pin From Net: NetName=NetD12_2 Pin=R40-1
Removed Pin From Net: NetName=PTC7-2 Pin=R40-2
Removed Pin From Net: NetName=Net*11_33 Pin=R41-1
Removed Pin From Net: NetName=Net*11_34 Pin=R41-2
Removed Pin From Net: NetName=EXTAL33-2 Pin=R43-1
Removed Pin From Net: NetName=XTAL32-2 Pin=R43-2
Removed Pin From Net: NetName=RESET-2 Pin=S9-2
Removed Pin From Net: NetName=PTB21-2 Pin=S10-2
Change Component Footprint: Designator=R37 Old Footprint=0603 New Footprint=0805
Change Component Footprint: Designator=R38 Old Footprint=0603 New Footprint=0805
Change Component Footprint: Designator=R39 Old Footprint=0603 New Footprint=0805
Change Component Designator: OldDesignator=R40 NewDesignator=R46
Change Component Designator: OldDesignator=R42 NewDesignator=R45
Change Component Designator: OldDesignator=R44 NewDesignator=R47
Change Component Designator: OldDesignator=R45 NewDesignator=R48
Change Component Designator: OldDesignator=R46 NewDesignator=R49
Change Component Description : Designator=S9 Old Description=°´¼ü New Description=Switch
Change Component Library : Designator=S9 Old Library=»ôÕñ·É.SchLib New Library=Ö÷¿Ø°åÔ­ÀíÍ¼.SCHLIB
Added Component: Designator=R40(0603)
Added Component: Designator=R42(0603)
Added Component: Designator=R44(0603)
Added Component: Designator=S11(BUTTON)
Added Component: Designator=S12(BUTTON)
Added Component: Designator=S13(BUTTON)
Added Pin To Net: NetName=3V3-3 Pin=R37-2
Added Pin To Net: NetName=3V3-3 Pin=R38-2
Added Pin To Net: NetName=3V3-3 Pin=R39-2
Added Pin To Net: NetName=Net*11_32 Pin=R40-1
Added Pin To Net: NetName=Net*11_31 Pin=R40-2
Added Pin To Net: NetName=NetD11_2 Pin=R41-1
Added Pin To Net: NetName=PTC6-2 Pin=R41-2
Added Pin To Net: NetName=3V3-2 Pin=R42-1
Added Pin To Net: NetName=Net*11_42 Pin=R42-2
Added Pin To Net: NetName=NetD12_2 Pin=R43-1
Added Pin To Net: NetName=PTC7-2 Pin=R43-2
Added Pin To Net: NetName=Net*11_33 Pin=R44-1
Added Pin To Net: NetName=Net*11_34 Pin=R44-2
Added Pin To Net: NetName=EXTAL33-2 Pin=R46-1
Added Pin To Net: NetName=XTAL32-2 Pin=R46-2
Added Pin To Net: NetName=GND Pin=S11-1
Added Pin To Net: NetName=GND Pin=S12-1
Added Pin To Net: NetName=RESET-2 Pin=S12-2
Added Pin To Net: NetName=GND Pin=S13-1
Added Pin To Net: NetName=PTB21-2 Pin=S13-2
Added Pin To Net: NetName=PTE26-2 Pin=*11-47
Added Pin To Net: NetName=PTE26-2 Pin=R37-1
Added Pin To Net: NetName=PTE26-2 Pin=S9-2
Added Net: Name=PTE26-2
Added Pin To Net: NetName=PTE27-2 Pin=*11-48
Added Pin To Net: NetName=PTE27-2 Pin=R38-1
Added Pin To Net: NetName=PTE27-2 Pin=S10-2
Added Net: Name=PTE27-2
Added Pin To Net: NetName=PTE28-2 Pin=*11-49
Added Pin To Net: NetName=PTE28-2 Pin=R39-1
Added Pin To Net: NetName=PTE28-2 Pin=S11-2
Added Net: Name=PTE28-2
Added Member To Class: ClassName=DS_ZK_FINAL Member=Component R36 Res2
Added Member To Class: ClassName=DS_ZK_FINAL Member=Component R41 Res2
Added Member To Class: ClassName=DS_ZK_FINAL Member=Component R43 Res2
Added Member To Class: ClassName=DS_ZK_FINAL Member=Component R47 Res2
Added Member To Class: ClassName=DS_ZK_FINAL Member=Component R48 Res2
Added Member To Class: ClassName=DS_ZK_FINAL Member=Component R49 Res2
Added Member To Class: ClassName=DS_ZK_FINAL Member=Component S11 SW-PB
Added Member To Class: ClassName=DS_ZK_FINAL Member=Component S12 SW-PB
Added Member To Class: ClassName=DS_ZK_FINAL Member=Component S13 SW-PB
Added Room: Name=DS_ZK_FINAL
