Change Component Designator: Old Designator=*3 New Designator=*5
Change Component Designator: Old Designator=*6 New Designator=*7
Change Component Designator: Old Designator=*7 New Designator=*8
Change Component Designator: Old Designator=*7 New Designator=*9
Change Component Designator: Old Designator=*9 New Designator=*2
Change Component Designator: Old Designator=*10 New Designator=*3
Change Component Designator: Old Designator=*11 New Designator=*1
Change Component Designator: Old Designator=*12 New Designator=*4
Change Component Designator: Old Designator=*13 New Designator=*10
Change Component Designator: Old Designator=*14 New Designator=*11
Change Component Designator: Old Designator=*15 New Designator=*12
Change Component Designator: Old Designator=*16 New Designator=*13
Change Component Designator: Old Designator=* New Designator=*6
Change Component Designator: Old Designator=2 New Designator=1
Change Component Designator: Old Designator=3 New Designator=2
Change Component Designator: Old Designator=4 New Designator=3
Change Component Designator: Old Designator=C1 New Designator=C29
Change Component Designator: Old Designator=C12 New Designator=C1
Change Component Designator: Old Designator=C13 New Designator=C2
Change Component Designator: Old Designator=C14 New Designator=C3
Change Component Designator: Old Designator=C15 New Designator=C4
Change Component Designator: Old Designator=C16 New Designator=C5
Change Component Designator: Old Designator=C17 New Designator=C6
Change Component Designator: Old Designator=C18 New Designator=C7
Change Component Designator: Old Designator=C19 New Designator=C8
Change Component Designator: Old Designator=C20 New Designator=C9
Change Component Designator: Old Designator=C21 New Designator=C10
Change Component Designator: Old Designator=C22 New Designator=C11
Change Component Designator: Old Designator=C23 New Designator=C12
Change Component Designator: Old Designator=C24 New Designator=C13
Change Component Designator: Old Designator=C25 New Designator=C14
Change Component Designator: Old Designator=C26 New Designator=C15
Change Component Designator: Old Designator=C27 New Designator=C16
Change Component Designator: Old Designator=C28 New Designator=C17
Change Component Designator: Old Designator=C29 New Designator=C18
Change Component Designator: Old Designator=C30 New Designator=C19
Change Component Designator: Old Designator=C31 New Designator=C20
Change Component Designator: Old Designator=C32 New Designator=C21
Change Component Designator: Old Designator=C33 New Designator=C22
Change Component Designator: Old Designator=C34 New Designator=C23
Change Component Designator: Old Designator=C35 New Designator=C24
Change Component Designator: Old Designator=C36 New Designator=C25
Change Component Designator: Old Designator=C37 New Designator=C26
Change Component Designator: Old Designator=C38 New Designator=C27
Change Component Designator: Old Designator=C39 New Designator=C28
Change Component Designator: Old Designator=C40 New Designator=C30
Change Component Designator: Old Designator=C41 New Designator=C31
Change Component Designator: Old Designator=C42 New Designator=C32
Change Component Designator: Old Designator=C43 New Designator=C33
Change Component Designator: Old Designator=C44 New Designator=C34
Change Component Designator: Old Designator=C45 New Designator=C35
Change Component Designator: Old Designator=C46 New Designator=C36
Change Component Designator: Old Designator=C47 New Designator=C37
Change Component Designator: Old Designator=C48 New Designator=C38
Change Component Designator: Old Designator=C49 New Designator=C39
Change Component Designator: Old Designator=C50 New Designator=C40
Change Component Designator: Old Designator=C51 New Designator=C41
Change Component Designator: Old Designator=C52 New Designator=C42
Change Component Designator: Old Designator=C53 New Designator=C43
Change Component Designator: Old Designator=C54 New Designator=C44
Change Component Designator: Old Designator=C55 New Designator=C45
Change Component Designator: Old Designator=C56 New Designator=C46
Change Component Designator: Old Designator=C57 New Designator=C47
Change Component Designator: Old Designator=C58 New Designator=C48
Change Component Designator: Old Designator=C59 New Designator=C49
Change Component Designator: Old Designator=C60 New Designator=C50
Change Component Designator: Old Designator=C61 New Designator=C51
Change Component Designator: Old Designator=C62 New Designator=C52
Change Component Designator: Old Designator=C63 New Designator=C53
Change Component Designator: Old Designator=C64 New Designator=C54
Change Component Designator: Old Designator=C65 New Designator=C55
Change Component Designator: Old Designator=C66 New Designator=C56
Change Component Designator: Old Designator=C67 New Designator=C57
Change Component Designator: Old Designator=C68 New Designator=C58
Change Component Designator: Old Designator=C69 New Designator=C59
Change Component Designator: Old Designator=C70 New Designator=C60
Change Component Designator: Old Designator=C71 New Designator=C61
Change Component Designator: Old Designator=C72 New Designator=C62
Change Component Designator: Old Designator=D3 New Designator=D1
Change Component Designator: Old Designator=D4 New Designator=D2
Change Component Designator: Old Designator=D5 New Designator=D3
Change Component Designator: Old Designator=D6 New Designator=D4
Change Component Designator: Old Designator=D7 New Designator=D5
Change Component Designator: Old Designator=D8 New Designator=D6
Change Component Designator: Old Designator=D9 New Designator=D7
Change Component Designator: Old Designator=L3 New Designator=L1
Change Component Designator: Old Designator=L4 New Designator=L2
Change Component Designator: Old Designator=L5 New Designator=L3
Change Component Designator: Old Designator=L6 New Designator=L4
Change Component Designator: Old Designator=L7 New Designator=L5
Change Component Designator: Old Designator=L8 New Designator=L6
Change Component Designator: Old Designator=L9 New Designator=L7
Change Component Designator: Old Designator=L10 New Designator=L8
Change Component Designator: Old Designator=Moter1 New Designator=Moter2
Change Component Designator: Old Designator=moter4 New Designator=moter1
Change Component Designator: Old Designator=R6 New Designator=R10
Change Component Designator: Old Designator=R7 New Designator=R11
Change Component Designator: Old Designator=R8 New Designator=R12
Change Component Designator: Old Designator=R9 New Designator=R13
Change Component Designator: Old Designator=R10 New Designator=R14
Change Component Designator: Old Designator=R11 New Designator=R15
Change Component Designator: Old Designator=R12 New Designator=R3
Change Component Designator: Old Designator=R13 New Designator=R1
Change Component Designator: Old Designator=R14 New Designator=R2
Change Component Designator: Old Designator=R15 New Designator=R4
Change Component Designator: Old Designator=R16 New Designator=R5
Change Component Designator: Old Designator=R17 New Designator=R6
Change Component Designator: Old Designator=R24 New Designator=R7
Change Component Designator: Old Designator=R25 New Designator=R8
Change Component Designator: Old Designator=R26 New Designator=R9
Change Component Designator: Old Designator=R27 New Designator=R16
Change Component Designator: Old Designator=R28 New Designator=R17
Change Component Designator: Old Designator=R29 New Designator=R18
Change Component Designator: Old Designator=R30 New Designator=R19
Change Component Designator: Old Designator=R31 New Designator=R20
Change Component Designator: Old Designator=R36 New Designator=R21
Change Component Designator: Old Designator=R37 New Designator=R22
Change Component Designator: Old Designator=R38 New Designator=R23
Change Component Designator: Old Designator=R39 New Designator=R24
Change Component Designator: Old Designator=R40 New Designator=R25
Change Component Designator: Old Designator=R41 New Designator=R26
Change Component Designator: Old Designator=R42 New Designator=R27
Change Component Designator: Old Designator=R43 New Designator=R28
Change Component Designator: Old Designator=R44 New Designator=R29
Change Component Designator: Old Designator=R45 New Designator=R30
Change Component Designator: Old Designator=R46 New Designator=R31
Change Component Designator: Old Designator=R47 New Designator=R32
Change Component Designator: Old Designator=R48 New Designator=R33
Change Component Designator: Old Designator=R49 New Designator=R34
Change Component Designator: Old Designator=R50 New Designator=R35
Change Component Designator: Old Designator=R51 New Designator=R36
Change Component Designator: Old Designator=R52 New Designator=R37
Change Component Designator: Old Designator=R53 New Designator=R38
Change Component Designator: Old Designator=R54 New Designator=R39
Change Component Designator: Old Designator=S1 New Designator=S2
Change Component Designator: Old Designator=S2 New Designator=S3
Change Component Designator: Old Designator=S3 New Designator=S4
Change Component Designator: Old Designator=S4 New Designator=S5
Change Component Designator: Old Designator=S5 New Designator=S6
Change Component Designator: Old Designator=S6 New Designator=S7
Change Component Designator: Old Designator=S7 New Designator=S1
Change Component Designator: Old Designator=S15 New Designator=S8
Change Component Designator: Old Designator=S16 New Designator=S9
Change Component Designator: Old Designator=U1 New Designator=U3
Change Component Designator: Old Designator=U5 New Designator=U1
Change Component Designator: Old Designator=U6 New Designator=U2
