Change Component Designator: Old Designator=3 New Designator=4
Change Component Designator: Old Designator=C37 New Designator=C47
Change Component Designator: Old Designator=C39 New Designator=C45
Change Component Designator: Old Designator=C45 New Designator=C46
Change Component Designator: Old Designator=C46 New Designator=C48
Change Component Designator: Old Designator=C47 New Designator=C49
Change Component Designator: Old Designator=C48 New Designator=C50
Change Component Designator: Old Designator=C49 New Designator=C51
Change Component Designator: Old Designator=C50 New Designator=C52
Change Component Designator: Old Designator=C51 New Designator=C53
Change Component Designator: Old Designator=C52 New Designator=C54
Change Component Designator: Old Designator=C53 New Designator=C55
Change Component Designator: Old Designator=C54 New Designator=C56
Change Component Designator: Old Designator=C55 New Designator=C57
Change Component Designator: Old Designator=C56 New Designator=C58
Change Component Designator: Old Designator=C57 New Designator=C59
Change Component Designator: Old Designator=C58 New Designator=C60
Change Component Designator: Old Designator=C59 New Designator=C61
Change Component Designator: Old Designator=C60 New Designator=C62
Change Component Designator: Old Designator=C61 New Designator=C63
Change Component Designator: Old Designator=C62 New Designator=C64
Change Component Designator: Old Designator=D4 New Designator=D6
Change Component Designator: Old Designator=D5 New Designator=D7
Change Component Designator: Old Designator=D6 New Designator=D8
Change Component Designator: Old Designator=D7 New Designator=D9
Change Component Designator: Old Designator=D8 New Designator=D10
Change Component Designator: Old Designator=D9 New Designator=D11
Change Component Designator: Old Designator=D10 New Designator=D12
Change Component Designator: Old Designator=D11 New Designator=D13
Change Component Designator: Old Designator=D12 New Designator=D14
Change Component Designator: Old Designator=D100 New Designator=D4
Change Component Designator: Old Designator=D101 New Designator=D5
Change Component Designator: Old Designator=R17 New Designator=R18
Change Component Designator: Old Designator=R18 New Designator=R17
Change Component Designator: Old Designator=R19 New Designator=R21
Change Component Designator: Old Designator=R20 New Designator=R19
Change Component Designator: Old Designator=R21 New Designator=R23
Change Component Designator: Old Designator=R23 New Designator=R25
Change Component Designator: Old Designator=R24 New Designator=R26
Change Component Designator: Old Designator=R25 New Designator=R27
Change Component Designator: Old Designator=R26 New Designator=R28
Change Component Designator: Old Designator=R27 New Designator=R29
Change Component Designator: Old Designator=R28 New Designator=R30
Change Component Designator: Old Designator=R29 New Designator=R31
Change Component Designator: Old Designator=R30 New Designator=R32
Change Component Designator: Old Designator=R30 New Designator=R34
Change Component Designator: Old Designator=R30 New Designator=R35
Change Component Designator: Old Designator=R31 New Designator=R33
Change Component Designator: Old Designator=R32 New Designator=R36
Change Component Designator: Old Designator=R33 New Designator=R37
Change Component Designator: Old Designator=R34 New Designator=R38
Change Component Designator: Old Designator=R35 New Designator=R39
Change Component Designator: Old Designator=R36 New Designator=R40
Change Component Designator: Old Designator=R37 New Designator=R41
Change Component Designator: Old Designator=R38 New Designator=R42
Change Component Designator: Old Designator=R40 New Designator=R43
Change Component Designator: Old Designator=R41 New Designator=R44
Change Component Designator: Old Designator=R42 New Designator=R45
Change Component Designator: Old Designator=R43 New Designator=R46
Change Component Designator: Old Designator=R44 New Designator=R47
Change Component Designator: Old Designator=R45 New Designator=R48
Change Component Designator: Old Designator=R46 New Designator=R49
Change Component Designator: Old Designator=R47 New Designator=R50
Change Component Designator: Old Designator=R48 New Designator=R51
Change Component Designator: Old Designator=R99 New Designator=R20
Change Component Designator: Old Designator=R100 New Designator=R22
Change Component Designator: Old Designator=R101 New Designator=R24
Change Component Designator: Old Designator=S12 New Designator=S11
