Removed Pin From Net: NetName=12V Pin=C6-1
Removed Pin From Net: NetName=GND Pin=C6-2
Removed Pin From Net: NetName=NetC7_1 Pin=C7-1
Removed Pin From Net: NetName=GND Pin=C7-2
Removed Pin From Net: NetName=7V2 Pin=C9-1
Removed Pin From Net: NetName=GND Pin=C9-2
Removed Pin From Net: NetName=5V Pin=C10-1
Removed Pin From Net: NetName=GND Pin=C10-2
Change Component Footprint: Designator=C2 Old Footprint=470UF New Footprint=0805
Added Component: Designator=C6(470UF)
Added Component: Designator=C7(0805)
Added Component: Designator=C9(0805)
Added Component: Designator=C10(0805)
Added Pin To Net: NetName=12V Pin=C6-1
Added Pin To Net: NetName=GND Pin=C6-2
Added Pin To Net: NetName=NetC7_1 Pin=C7-1
Added Pin To Net: NetName=GND Pin=C7-2
Added Pin To Net: NetName=7V2 Pin=C9-1
Added Pin To Net: NetName=GND Pin=C9-2
Added Pin To Net: NetName=5V Pin=C10-1
Added Pin To Net: NetName=GND Pin=C10-2
Added Member To Class: ClassName=DS_zk Member=Component C7 470pF
