Removed Pin From Net: NetName=5V Pin=*7-2
Removed Pin From Net: NetName=3V3-2 Pin=C45-2
Removed Pin From Net: NetName=Net*11_21 Pin=C47-2
Removed Pin From Net: NetName=5V Pin=D7-1
Removed Pin From Net: NetName=3V3-2 Pin=D8-1
Removed Pin From Net: NetName=NetD10_2 Pin=D10-2
Removed Pin From Net: NetName=NetD11_2 Pin=D11-2
Removed Pin From Net: NetName=NetD12_2 Pin=D12-2
Removed Pin From Net: NetName=3V3-1 Pin=D100-1
Removed Pin From Net: NetName=NetD7_2 Pin=R30-1
Removed Pin From Net: NetName=PTA4-2 Pin=R31-1
Removed Pin From Net: NetName=3V3-2 Pin=R31-2
Removed Pin From Net: NetName=NetD8_2 Pin=R33-1
Removed Pin From Net: NetName=PTC4-2 Pin=R35-2
Removed Pin From Net: NetName=NetD10_2 Pin=R36-1
Removed Pin From Net: NetName=PTC5-2 Pin=R36-2
Removed Pin From Net: NetName=PTE26-2 Pin=R37-1
Removed Pin From Net: NetName=3V3-3 Pin=R37-2
Removed Pin From Net: NetName=PTE27-2 Pin=R38-1
Removed Pin From Net: NetName=3V3-3 Pin=R38-2
Removed Pin From Net: NetName=Net*11_32 Pin=R40-1
Removed Pin From Net: NetName=Net*11_31 Pin=R40-2
Removed Pin From Net: NetName=NetD11_2 Pin=R41-1
Removed Pin From Net: NetName=PTC6-2 Pin=R41-2
Removed Pin From Net: NetName=NetD12_2 Pin=R43-1
Removed Pin From Net: NetName=PTC7-2 Pin=R43-2
Removed Pin From Net: NetName=Net*11_33 Pin=R44-1
Removed Pin From Net: NetName=Net*11_34 Pin=R44-2
Removed Pin From Net: NetName=EXTAL33-2 Pin=R46-1
Removed Pin From Net: NetName=XTAL32-2 Pin=R46-2
Removed Pin From Net: NetName=GND Pin=R48-1
Removed Pin From Net: NetName=PTA29-2 Pin=R48-2
Removed Pin From Net: NetName=GND Pin=S12-1
Removed Pin From Net: NetName=RESET-2 Pin=S12-2
Removed Member From Class: ClassName=DS_ZK_FINAL Member=D101
Removed Member From Class: ClassName=DS_ZK_FINAL Member=R99
Removed Member From Class: ClassName=DS_ZK_FINAL Member=R101
Change Component Footprint: Designator=R36 Old Footprint=0603 New Footprint=1*2
Change Component Footprint: Designator=R9 Old Footprint=0603 New Footprint=0805
Change Component Footprint: Designator=R35 Old Footprint=0603 New Footprint=0805
Change Component Footprint: Designator=R40 Old Footprint=0603 New Footprint=0805
Change Component Footprint: Designator=R41 Old Footprint=0603 New Footprint=0805
Change Component Footprint: Designator=R37 Old Footprint=0805 New Footprint=0603
Change Component Footprint: Designator=R38 Old Footprint=0805 New Footprint=0603
Change Component Designator: OldDesignator=C46 NewDesignator=C48
Change Component Designator: OldDesignator=C48 NewDesignator=C50
Change Component Designator: OldDesignator=C49 NewDesignator=C51
Change Component Designator: OldDesignator=C50 NewDesignator=C52
Change Component Designator: OldDesignator=C51 NewDesignator=C53
Change Component Designator: OldDesignator=C52 NewDesignator=C54
Change Component Designator: OldDesignator=C53 NewDesignator=C55
Change Component Designator: OldDesignator=C54 NewDesignator=C56
Change Component Designator: OldDesignator=C55 NewDesignator=C57
Change Component Designator: OldDesignator=C56 NewDesignator=C58
Change Component Designator: OldDesignator=C57 NewDesignator=C61
Change Component Designator: OldDesignator=C58 NewDesignator=C59
Change Component Designator: OldDesignator=C59 NewDesignator=C60
Change Component Designator: OldDesignator=C60 NewDesignator=C62
Change Component Designator: OldDesignator=C61 NewDesignator=C63
Change Component Designator: OldDesignator=C62 NewDesignator=C64
Change Component Designator: OldDesignator=D4 NewDesignator=D6
Change Component Designator: OldDesignator=D5 NewDesignator=D4
Change Component Designator: OldDesignator=D6 NewDesignator=D9
Change Component Designator: OldDesignator=D9 NewDesignator=D12
Change Component Designator: OldDesignator=D10 NewDesignator=D13
Change Component Designator: OldDesignator=D11 NewDesignator=D14
Change Component Designator: OldDesignator=D12 NewDesignator=D15
Change Component Designator: OldDesignator=D101 NewDesignator=D5
Change Component Designator: OldDesignator=R17 NewDesignator=R18
Change Component Designator: OldDesignator=R18 NewDesignator=R17
Change Component Designator: OldDesignator=R19 NewDesignator=R21
Change Component Designator: OldDesignator=R20 NewDesignator=R19
Change Component Designator: OldDesignator=R21 NewDesignator=R23
Change Component Designator: OldDesignator=R23 NewDesignator=R25
Change Component Designator: OldDesignator=R24 NewDesignator=R26
Change Component Designator: OldDesignator=R25 NewDesignator=R27
Change Component Designator: OldDesignator=R26 NewDesignator=R28
Change Component Designator: OldDesignator=R27 NewDesignator=R29
Change Component Designator: OldDesignator=R28 NewDesignator=R30
Change Component Designator: OldDesignator=R29 NewDesignator=R32
Change Component Designator: OldDesignator=R30 NewDesignator=R33
Change Component Designator: OldDesignator=R32 NewDesignator=R37
Change Component Designator: OldDesignator=R33 NewDesignator=R39
Change Component Designator: OldDesignator=R34 NewDesignator=R38
Change Component Designator: OldDesignator=R37 NewDesignator=R42
Change Component Designator: OldDesignator=R38 NewDesignator=R47
Change Component Designator: OldDesignator=R42 NewDesignator=R44
Change Component Designator: OldDesignator=R45 NewDesignator=R49
Change Component Designator: OldDesignator=R47 NewDesignator=R50
Change Component Designator: OldDesignator=R99 NewDesignator=R20
Change Component Designator: OldDesignator=R100 NewDesignator=R22
Change Component Designator: OldDesignator=R101 NewDesignator=R24
Added Component: Designator=4(lm1117-5v)
Added Component: Designator=C46(0603)
Added Component: Designator=C49(0603)
Added Component: Designator=D10(0805LED)
Added Component: Designator=D11(0805LED)
Added Component: Designator=R34(0805)
Added Component: Designator=R43(0603)
Added Component: Designator=R45(0603)
Added Component: Designator=R51(0603)
Added Component: Designator=R52(0603)
Added Component: Designator=S11(BUTTON)
Added Pin To Net: NetName=7V2 Pin=4-3
Added Pin To Net: NetName=GND Pin=C46-1
Added Pin To Net: NetName=3V3-2 Pin=C46-2
Added Pin To Net: NetName=7V2 Pin=C47-2
Added Pin To Net: NetName=GND Pin=C49-1
Added Pin To Net: NetName=Net*11_21 Pin=C49-2
Added Pin To Net: NetName=3V3-1 Pin=D7-1
Added Pin To Net: NetName=5V Pin=D10-1
Added Pin To Net: NetName=NetD10_2 Pin=D10-2
Added Pin To Net: NetName=3V3-2 Pin=D11-1
Added Pin To Net: NetName=NetD11_2 Pin=D11-2
Added Pin To Net: NetName=NetD12_2 Pin=D12-2
Added Pin To Net: NetName=NetD7_2 Pin=R24-1
Added Pin To Net: NetName=NetD8_2 Pin=R31-1
Added Pin To Net: NetName=GND Pin=R31-2
Added Pin To Net: NetName=NetD10_2 Pin=R33-1
Added Pin To Net: NetName=PTA4-2 Pin=R34-1
Added Pin To Net: NetName=3V3-2 Pin=R34-2
Added Pin To Net: NetName=GND Pin=R36-1
Added Pin To Net: NetName=NetD11_2 Pin=R39-1
Added Pin To Net: NetName=PTE26-2 Pin=R40-1
Added Pin To Net: NetName=3V3-3 Pin=R40-2
Added Pin To Net: NetName=PTE27-2 Pin=R41-1
Added Pin To Net: NetName=3V3-3 Pin=R41-2
Added Pin To Net: NetName=Net*11_32 Pin=R42-1
Added Pin To Net: NetName=Net*11_31 Pin=R42-2
Added Pin To Net: NetName=NetD12_2 Pin=R43-1
Added Pin To Net: NetName=PTC4-2 Pin=R43-2
Added Pin To Net: NetName=PTC5-2 Pin=R45-2
Added Pin To Net: NetName=PTC6-2 Pin=R46-2
Added Pin To Net: NetName=Net*11_33 Pin=R47-1
Added Pin To Net: NetName=Net*11_34 Pin=R47-2
Added Pin To Net: NetName=PTC7-2 Pin=R48-2
Added Pin To Net: NetName=GND Pin=R51-1
Added Pin To Net: NetName=PTA29-2 Pin=R51-2
Added Pin To Net: NetName=EXTAL33-2 Pin=R52-1
Added Pin To Net: NetName=XTAL32-2 Pin=R52-2
Added Pin To Net: NetName=GND Pin=S11-1
Added Pin To Net: NetName=RESET-2 Pin=S11-2
Change Net Name : Old Net Name=NetD4_1 New Net Name=NetD6_1
Change Net Name : Old Net Name=NetD6_2 New Net Name=NetD9_2
Change Net Name : Old Net Name=NetD101_2 New Net Name=NetD5_2
Added Pin To Net: NetName=6V Pin=*7-2
Added Pin To Net: NetName=6V Pin=4-2
Added Pin To Net: NetName=6V Pin=4-2
Added Pin To Net: NetName=6V Pin=C45-2
Added Pin To Net: NetName=6V Pin=D8-1
Added Pin To Net: NetName=6V Pin=R35-2
Added Net: Name=6V
Added Pin To Net: NetName=Net4_1 Pin=4-1
Added Pin To Net: NetName=Net4_1 Pin=R35-1
Added Pin To Net: NetName=Net4_1 Pin=R36-2
Added Net: Name=Net4_1
Added Pin To Net: NetName=NetD4_2 Pin=D4-2
Added Pin To Net: NetName=NetD4_2 Pin=R20-1
Added Net: Name=NetD4_2
Added Pin To Net: NetName=NetD13_2 Pin=D13-2
Added Pin To Net: NetName=NetD13_2 Pin=R45-1
Added Net: Name=NetD13_2
Added Pin To Net: NetName=NetD14_2 Pin=D14-2
Added Pin To Net: NetName=NetD14_2 Pin=R46-1
Added Net: Name=NetD14_2
Added Pin To Net: NetName=NetD15_2 Pin=D15-2
Added Pin To Net: NetName=NetD15_2 Pin=R48-1
Added Net: Name=NetD15_2
Added Member To Class: ClassName=DS_ZK_FINAL Member=Component 4 AMS1117-adj
Added Member To Class: ClassName=DS_ZK_FINAL Member=Component C63 Cap
Added Member To Class: ClassName=DS_ZK_FINAL Member=Component C64 Cap
Added Member To Class: ClassName=DS_ZK_FINAL Member=Component D13 LED0
Added Member To Class: ClassName=DS_ZK_FINAL Member=Component D14 LED0
Added Member To Class: ClassName=DS_ZK_FINAL Member=Component D15 LED0
Added Member To Class: ClassName=DS_ZK_FINAL Member=Component R39 Res2
Added Member To Class: ClassName=DS_ZK_FINAL Member=Component R40 Res2
Added Member To Class: ClassName=DS_ZK_FINAL Member=Component R42 Res2
Added Member To Class: ClassName=DS_ZK_FINAL Member=Component R44 Res2
Added Member To Class: ClassName=DS_ZK_FINAL Member=Component R49 Res2
Added Member To Class: ClassName=DS_ZK_FINAL Member=Component R50 Res2
Added Member To Class: ClassName=DS_ZK_FINAL Member=Component R51 Res2
Added Member To Class: ClassName=DS_ZK_FINAL Member=Component R52 Res2
Added Member To Class: ClassName=DS_ZK_FINAL Member=Component S11 SW-PB
Added Room: Name=DS_ZK_FINAL
