Removed Pin From Net: NetName=PTD10 Pin=R10-1
Removed Pin From Net: NetName=PTD11 Pin=R11-1
Removed Pin From Net: NetName=PTD12 Pin=R12-1
Removed Pin From Net: NetName=PTD13 Pin=R13-1
Removed Pin From Net: NetName=PTA14 Pin=R14-1
Removed Pin From Net: NetName=PTA15 Pin=R15-1
Removed Pin From Net: NetName=PTE27 Pin=R20-2
Removed Pin From Net: NetName=NetD5_2 Pin=R22-1
Removed Pin From Net: NetName=PTE26 Pin=R22-2
Removed Pin From Net: NetName=Net*11_32 Pin=R40-1
Removed Pin From Net: NetName=Net*11_31 Pin=R40-2
Removed Pin From Net: NetName=3V3-2 Pin=R42-1
Removed Pin From Net: NetName=Net*11_42 Pin=R42-2
Removed Pin From Net: NetName=Net*11_33 Pin=R44-1
Removed Pin From Net: NetName=Net*11_34 Pin=R44-2
Removed Pin From Net: NetName=PTD10 Pin=S2-2
Removed Pin From Net: NetName=PTD11 Pin=S3-2
Removed Pin From Net: NetName=PTD12 Pin=S4-2
Removed Pin From Net: NetName=PTD13 Pin=S5-2
Removed Pin From Net: NetName=PTA14 Pin=S6-2
Removed Pin From Net: NetName=PTA15 Pin=S7-2
Removed Pin From Net: NetName=GND Pin=S12-1
Removed Pin From Net: NetName=RESET-2 Pin=S12-2
Removed Pin From Net: NetName=GND Pin=S13-1
Removed Pin From Net: NetName=PTB21-2 Pin=S13-2
Change Component Designator: OldDesignator=R22 NewDesignator=R99
Added Component: Designator=D100(0805LED)
Added Component: Designator=D101(0805LED)
Added Component: Designator=R40(0603)
Added Component: Designator=R42(0603)
Added Component: Designator=R44(0603)
Added Component: Designator=R100(0805)
Added Component: Designator=R101(0805)
Added Component: Designator=S12(BUTTON)
Added Component: Designator=S13(BUTTON)
Added Pin To Net: NetName=3V3-1 Pin=D100-1
Added Pin To Net: NetName=3V3-1 Pin=D101-1
Added Pin To Net: NetName=PTD10 Pin=R14-1
Added Pin To Net: NetName=PTD11 Pin=R15-1
Added Pin To Net: NetName=PTD12 Pin=R20-2
Added Pin To Net: NetName=Net*11_32 Pin=R40-1
Added Pin To Net: NetName=Net*11_31 Pin=R40-2
Added Pin To Net: NetName=3V3-2 Pin=R42-1
Added Pin To Net: NetName=Net*11_42 Pin=R42-2
Added Pin To Net: NetName=Net*11_33 Pin=R44-1
Added Pin To Net: NetName=Net*11_34 Pin=R44-2
Added Pin To Net: NetName=PTD13 Pin=R99-2
Added Pin To Net: NetName=PTD14 Pin=R100-2
Added Pin To Net: NetName=NetD5_2 Pin=R101-1
Added Pin To Net: NetName=PTD15 Pin=R101-2
Added Pin To Net: NetName=PTD10 Pin=S6-2
Added Pin To Net: NetName=PTD11 Pin=S7-2
Added Pin To Net: NetName=GND Pin=S12-1
Added Pin To Net: NetName=RESET-2 Pin=S12-2
Added Pin To Net: NetName=GND Pin=S13-1
Added Pin To Net: NetName=PTB21-2 Pin=S13-2
Added Pin To Net: NetName=NetD100_2 Pin=D100-2
Added Pin To Net: NetName=NetD100_2 Pin=R99-1
Added Net: Name=NetD100_2
Added Pin To Net: NetName=NetD101_2 Pin=D101-2
Added Pin To Net: NetName=NetD101_2 Pin=R100-1
Added Net: Name=NetD101_2
Added Pin To Net: NetName=PTC10 Pin=*2-115
Added Pin To Net: NetName=PTC10 Pin=R10-1
Added Pin To Net: NetName=PTC10 Pin=S2-2
Added Net: Name=PTC10
Added Pin To Net: NetName=PTC11 Pin=*2-116
Added Pin To Net: NetName=PTC11 Pin=R11-1
Added Pin To Net: NetName=PTC11 Pin=S3-2
Added Net: Name=PTC11
Added Pin To Net: NetName=PTC12 Pin=*2-117
Added Pin To Net: NetName=PTC12 Pin=R12-1
Added Pin To Net: NetName=PTC12 Pin=S4-2
Added Net: Name=PTC12
Added Pin To Net: NetName=PTD7 Pin=*2-136
Added Net: Name=PTD7
Added Pin To Net: NetName=PTD8 Pin=*2-137
Added Net: Name=PTD8
Added Pin To Net: NetName=PTD9 Pin=*2-138
Added Pin To Net: NetName=PTD9 Pin=R13-1
Added Pin To Net: NetName=PTD9 Pin=S5-2
Added Net: Name=PTD9
Added Member To Class: ClassName=DS_ZK_FINAL Member=Component D100 LED0
Added Member To Class: ClassName=DS_ZK_FINAL Member=Component D101 LED0
Added Member To Class: ClassName=DS_ZK_FINAL Member=Component R40 Res2
Added Member To Class: ClassName=DS_ZK_FINAL Member=Component R42 Res2
Added Member To Class: ClassName=DS_ZK_FINAL Member=Component R100 Res2
Added Member To Class: ClassName=DS_ZK_FINAL Member=Component R101 Res2
Added Room: Name=DS_ZK_FINAL
