Removed Pin From Net: NetName=PTC8-2 Pin=*15-7
Removed Pin From Net: NetName=PTC9-2 Pin=*15-8
Added Pin To Net: NetName=PTC10-2 Pin=*11-115
Added Pin To Net: NetName=PTC11-2 Pin=*11-116
Added Pin To Net: NetName=PTC12-2 Pin=*11-117
Added Pin To Net: NetName=PTC13-2 Pin=*11-118
Added Pin To Net: NetName=PTC14-2 Pin=*11-119
Added Pin To Net: NetName=PTC15-2 Pin=*11-120
Added Pin To Net: NetName=PTC16-2 Pin=*11-123
Added Pin To Net: NetName=PTC17-2 Pin=*11-124
Added Pin To Net: NetName=PTD10-2 Pin=*11-139
Added Pin To Net: NetName=PTD10-2 Pin=*15-3
Added Net: Name=PTD10-2
Added Pin To Net: NetName=PTD11-2 Pin=*11-140
Added Pin To Net: NetName=PTD11-2 Pin=*15-4
Added Net: Name=PTD11-2
Added Pin To Net: NetName=PTD12-2 Pin=*11-141
Added Pin To Net: NetName=PTD12-2 Pin=*15-5
Added Net: Name=PTD12-2
Added Pin To Net: NetName=PTD13-2 Pin=*11-142
Added Pin To Net: NetName=PTD13-2 Pin=*15-6
Added Net: Name=PTD13-2
Added Pin To Net: NetName=PTD14-2 Pin=*11-143
Added Pin To Net: NetName=PTD14-2 Pin=*15-7
Added Net: Name=PTD14-2
Added Pin To Net: NetName=PTD15-2 Pin=*11-144
Added Pin To Net: NetName=PTD15-2 Pin=*15-8
Added Net: Name=PTD15-2
Added Room: Name=DS_ZK_FINAL
