Change Component Designator: Old Designator=*9 New Designator=*11
Change Component Designator: Old Designator=*9 New Designator=*16
Change Component Designator: Old Designator=*10 New Designator=*9
Change Component Designator: Old Designator=*11 New Designator=*10
Change Component Designator: Old Designator=C32 New Designator=C37
Change Component Designator: Old Designator=C33 New Designator=C32
Change Component Designator: Old Designator=C34 New Designator=C33
Change Component Designator: Old Designator=C35 New Designator=C34
Change Component Designator: Old Designator=C36 New Designator=C35
Change Component Designator: Old Designator=C37 New Designator=C36
Change Component Designator: Old Designator=moter3 New Designator=moter4
Change Component Designator: Old Designator=Moter4 New Designator=Moter3
Change Component Designator: Old Designator=R32 New Designator=R33
Change Component Designator: Old Designator=R33 New Designator=R34
Change Component Designator: Old Designator=R34 New Designator=R35
Change Component Designator: Old Designator=R35 New Designator=R36
Change Component Designator: Old Designator=R36 New Designator=R37
Change Component Designator: Old Designator=R37 New Designator=R38
Change Component Designator: Old Designator=R38 New Designator=R32
Change Component Designator: Old Designator=R51 New Designator=R50
Change Component Designator: Old Designator=R52 New Designator=R51
Change Component Designator: Old Designator=R53 New Designator=R52
Change Component Designator: Old Designator=R54 New Designator=R53
Change Component Designator: Old Designator=R55 New Designator=R54
