Added Component: Designator=6050(HDR1X10)
Added Component: Designator=blue(HDR1X4)
Added Component: Designator=C1(0603)
Added Component: Designator=C2(470UF)
Added Component: Designator=C5(470uF)
Added Component: Designator=C7(470uF)
Added Component: Designator=ccd1(camera_landzo)
Added Component: Designator=ccd2(camera_landzo)
Added Component: Designator=cod1(HDR2X3)
Added Component: Designator=cod2(HDR2X3)
Added Component: Designator=D1(0805LED)
Added Component: Designator=D2(0805LED)
Added Component: Designator=D4(1N5824)
Added Component: Designator=D5(1N5824)
Added Component: Designator=enc(HDR1X8)
Added Component: Designator=hwdg1(HDR1X3)
Added Component: Designator=hwdg2(HDR1X3)
Added Component: Designator=moter2(switch)
Added Component: Designator=Moter(HDR1X6)
Added Component: Designator=oled1(HDR1X6)
Added Component: Designator=power1(switch)
Added Component: Designator=ps(HDR1X2)
Added Component: Designator=Q1(npn9013)
Added Component: Designator=R1(0603)
Added Component: Designator=R2(0603)
Added Component: Designator=R3(0603)
Added Component: Designator=R4(0603)
Added Component: Designator=R5(0603)
Added Component: Designator=R6(0603)
Added Component: Designator=R8(0603)
Added Component: Designator=R9(0603)
Added Component: Designator=R11(0603)
Added Component: Designator=R12(0603)
Added Component: Designator=R13(0603)
Added Component: Designator=R14(0603)
Added Component: Designator=R15(0603)
Added Component: Designator=R16(0603)
Added Component: Designator=R17(0603)
Added Component: Designator=S2(BUTTON)
Added Component: Designator=S3(BUTTON)
Added Component: Designator=S4(BUTTON)
Added Component: Designator=S5(BUTTON)
Added Component: Designator=S6(BUTTON)
Added Component: Designator=S7(BUTTON)
Added Component: Designator=U3(LM2596)
Added Component: Designator=U4(LM2596)
Added Component: Designator=yk(HDR1X9)
Added Pin To Net: NetName=3V3 Pin=6050-1
Added Pin To Net: NetName=3V3 Pin=ccd1-2
Added Pin To Net: NetName=3V3 Pin=ccd2-2
Added Pin To Net: NetName=3V3 Pin=enc-7
Added Pin To Net: NetName=3V3 Pin=oled1-2
Added Pin To Net: NetName=3V3 Pin=R3-2
Added Pin To Net: NetName=3V3 Pin=R4-2
Added Pin To Net: NetName=3V3 Pin=R5-2
Added Pin To Net: NetName=3V3 Pin=R6-2
Added Pin To Net: NetName=3V3 Pin=R11-2
Added Pin To Net: NetName=3V3 Pin=R12-2
Added Pin To Net: NetName=3V3 Pin=R13-2
Added Pin To Net: NetName=3V3 Pin=R14-2
Added Pin To Net: NetName=3V3 Pin=R15-2
Added Pin To Net: NetName=3V3 Pin=R16-2
Added Pin To Net: NetName=3V3 Pin=U3-4
Added Net: Name=3V3
Added Pin To Net: NetName=5V Pin=6050-5
Added Pin To Net: NetName=5V Pin=blue-1
Added Pin To Net: NetName=5V Pin=C1-2
Added Pin To Net: NetName=5V Pin=cod1-2
Added Pin To Net: NetName=5V Pin=cod2-2
Added Pin To Net: NetName=5V Pin=hwdg1-1
Added Pin To Net: NetName=5V Pin=hwdg2-1
Added Pin To Net: NetName=5V Pin=U4-4
Added Pin To Net: NetName=5V Pin=yk-5
Added Net: Name=5V
Added Pin To Net: NetName=7V2 Pin=C5-1
Added Pin To Net: NetName=7V2 Pin=C7-1
Added Pin To Net: NetName=7V2 Pin=moter2-2
Added Pin To Net: NetName=7V2 Pin=power1-2
Added Pin To Net: NetName=7V2 Pin=ps-1
Added Pin To Net: NetName=7V2 Pin=R1-2
Added Pin To Net: NetName=7V2 Pin=U3-1
Added Pin To Net: NetName=7V2 Pin=U4-1
Added Net: Name=7V2
Added Pin To Net: NetName=12V Pin=C2-1
Added Pin To Net: NetName=12V Pin=Moter-5
Added Pin To Net: NetName=12V Pin=R9-2
Added Net: Name=12V
Added Pin To Net: NetName=GND Pin=6050-2
Added Pin To Net: NetName=GND Pin=6050-6
Added Pin To Net: NetName=GND Pin=blue-2
Added Pin To Net: NetName=GND Pin=C1-1
Added Pin To Net: NetName=GND Pin=C2-2
Added Pin To Net: NetName=GND Pin=C5-2
Added Pin To Net: NetName=GND Pin=C7-2
Added Pin To Net: NetName=GND Pin=ccd1-1
Added Pin To Net: NetName=GND Pin=ccd2-1
Added Pin To Net: NetName=GND Pin=cod1-1
Added Pin To Net: NetName=GND Pin=cod2-1
Added Pin To Net: NetName=GND Pin=D1-2
Added Pin To Net: NetName=GND Pin=D2-2
Added Pin To Net: NetName=GND Pin=D4-2
Added Pin To Net: NetName=GND Pin=D5-2
Added Pin To Net: NetName=GND Pin=enc-8
Added Pin To Net: NetName=GND Pin=hwdg1-2
Added Pin To Net: NetName=GND Pin=hwdg2-2
Added Pin To Net: NetName=GND Pin=Moter-6
Added Pin To Net: NetName=GND Pin=oled1-1
Added Pin To Net: NetName=GND Pin=ps-2
Added Pin To Net: NetName=GND Pin=Q1-1
Added Pin To Net: NetName=GND Pin=S2-1
Added Pin To Net: NetName=GND Pin=S3-1
Added Pin To Net: NetName=GND Pin=S4-1
Added Pin To Net: NetName=GND Pin=S5-1
Added Pin To Net: NetName=GND Pin=S6-1
Added Pin To Net: NetName=GND Pin=S7-1
Added Pin To Net: NetName=GND Pin=U3-3
Added Pin To Net: NetName=GND Pin=U3-5
Added Pin To Net: NetName=GND Pin=U3-6
Added Pin To Net: NetName=GND Pin=U4-3
Added Pin To Net: NetName=GND Pin=U4-5
Added Pin To Net: NetName=GND Pin=U4-6
Added Pin To Net: NetName=GND Pin=yk-1
Added Net: Name=GND
Added Pin To Net: NetName=MOTOR1 IN1 Pin=Moter-2
Added Net: Name=MOTOR1 IN1
Added Pin To Net: NetName=MOTOR1 IN2 Pin=Moter-1
Added Net: Name=MOTOR1 IN2
Added Pin To Net: NetName=MOTOR1 IN3 Pin=Moter-3
Added Net: Name=MOTOR1 IN3
Added Pin To Net: NetName=MOTOR1 IN4 Pin=Moter-4
Added Net: Name=MOTOR1 IN4
Added Pin To Net: NetName=Netbell1_2 Pin=Q1-3
Added Net: Name=Netbell1_2
Added Net: Name=NetC3_1
Added Pin To Net: NetName=NetD1_1 Pin=D1-1
Added Pin To Net: NetName=NetD1_1 Pin=R1-1
Added Net: Name=NetD1_1
Added Pin To Net: NetName=NetD2_1 Pin=D2-1
Added Pin To Net: NetName=NetD2_1 Pin=R2-1
Added Net: Name=NetD2_1
Added Net: Name=NetD3_1
Added Pin To Net: NetName=NetD4_1 Pin=D4-1
Added Pin To Net: NetName=NetD4_1 Pin=U3-2
Added Net: Name=NetD4_1
Added Pin To Net: NetName=NetD5_1 Pin=D5-1
Added Pin To Net: NetName=NetD5_1 Pin=U4-2
Added Net: Name=NetD5_1
Added Pin To Net: NetName=NetL1_1 Pin=R8-2
Added Net: Name=NetL1_1
Added Pin To Net: NetName=Netmoter2_1 Pin=moter2-1
Added Pin To Net: NetName=Netmoter2_1 Pin=R2-2
Added Net: Name=Netmoter2_1
Added Pin To Net: NetName=Netpower1_1 Pin=power1-1
Added Net: Name=Netpower1_1
Added Pin To Net: NetName=NetQ1_2 Pin=Q1-2
Added Pin To Net: NetName=NetQ1_2 Pin=R17-2
Added Net: Name=NetQ1_2
Added Pin To Net: NetName=NetR8_1 Pin=R8-1
Added Net: Name=NetR8_1
Added Pin To Net: NetName=NetR9_1 Pin=R9-1
Added Net: Name=NetR9_1
Added Pin To Net: NetName=PTA14 Pin=ccd2-5
Added Net: Name=PTA14
Added Pin To Net: NetName=PTA15 Pin=ccd2-4
Added Net: Name=PTA15
Added Pin To Net: NetName=PTA16 Pin=ccd1-4
Added Net: Name=PTA16
Added Pin To Net: NetName=PTA17 Pin=ccd1-5
Added Net: Name=PTA17
Added Pin To Net: NetName=PTA24 Pin=oled1-6
Added Net: Name=PTA24
Added Pin To Net: NetName=PTA25 Pin=oled1-5
Added Net: Name=PTA25
Added Pin To Net: NetName=PTA26 Pin=oled1-3
Added Net: Name=PTA26
Added Pin To Net: NetName=PTA27 Pin=oled1-4
Added Net: Name=PTA27
Added Pin To Net: NetName=PTA28 Pin=enc-1
Added Net: Name=PTA28
Added Pin To Net: NetName=PTA29 Pin=enc-2
Added Net: Name=PTA29
Added Pin To Net: NetName=PTB0 Pin=cod1-3
Added Net: Name=PTB0
Added Pin To Net: NetName=PTB1 Pin=cod1-4
Added Net: Name=PTB1
Added Pin To Net: NetName=PTB2 Pin=6050-3
Added Net: Name=PTB2
Added Pin To Net: NetName=PTB3 Pin=6050-4
Added Net: Name=PTB3
Added Pin To Net: NetName=PTB4 Pin=ccd1-3
Added Net: Name=PTB4
Added Pin To Net: NetName=PTB5 Pin=ccd2-3
Added Net: Name=PTB5
Added Pin To Net: NetName=PTB6 Pin=6050-9
Added Net: Name=PTB6
Added Pin To Net: NetName=PTB7 Pin=6050-10
Added Net: Name=PTB7
Added Pin To Net: NetName=PTB8 Pin=R3-1
Added Net: Name=PTB8
Added Pin To Net: NetName=PTB9 Pin=R4-1
Added Net: Name=PTB9
Added Pin To Net: NetName=PTB16 Pin=R5-1
Added Net: Name=PTB16
Added Pin To Net: NetName=PTB17 Pin=R6-1
Added Net: Name=PTB17
Added Pin To Net: NetName=PTB18 Pin=cod2-4
Added Net: Name=PTB18
Added Pin To Net: NetName=PTB19 Pin=cod2-3
Added Net: Name=PTB19
Added Pin To Net: NetName=PTC0 Pin=enc-3
Added Net: Name=PTC0
Added Net: Name=PTC1
Added Net: Name=PTC2
Added Net: Name=PTC3
Added Net: Name=PTC4
Added Pin To Net: NetName=PTC5 Pin=hwdg1-3
Added Net: Name=PTC5
Added Pin To Net: NetName=PTC7 Pin=hwdg2-3
Added Net: Name=PTC7
Added Pin To Net: NetName=PTD1 Pin=R17-1
Added Net: Name=PTD1
Added Pin To Net: NetName=PTD11 Pin=yk-6
Added Net: Name=PTD11
Added Pin To Net: NetName=PTD12 Pin=yk-7
Added Net: Name=PTD12
Added Pin To Net: NetName=PTD13 Pin=yk-8
Added Net: Name=PTD13
Added Pin To Net: NetName=PTD14 Pin=yk-9
Added Net: Name=PTD14
Added Pin To Net: NetName=PTE0 Pin=R11-1
Added Pin To Net: NetName=PTE0 Pin=S2-2
Added Net: Name=PTE0
Added Pin To Net: NetName=PTE1 Pin=R12-1
Added Pin To Net: NetName=PTE1 Pin=S3-2
Added Net: Name=PTE1
Added Pin To Net: NetName=PTE2 Pin=R13-1
Added Pin To Net: NetName=PTE2 Pin=S4-2
Added Net: Name=PTE2
Added Pin To Net: NetName=PTE3 Pin=R14-1
Added Pin To Net: NetName=PTE3 Pin=S5-2
Added Net: Name=PTE3
Added Pin To Net: NetName=PTE4 Pin=R15-1
Added Pin To Net: NetName=PTE4 Pin=S6-2
Added Net: Name=PTE4
Added Pin To Net: NetName=PTE5 Pin=R16-1
Added Pin To Net: NetName=PTE5 Pin=S7-2
Added Net: Name=PTE5
Added Pin To Net: NetName=PTE8 Pin=blue-4
Added Net: Name=PTE8
Added Pin To Net: NetName=PTE9 Pin=blue-3
Added Net: Name=PTE9
Added Pin To Net: NetName=PTE11 Pin=6050-7
Added Net: Name=PTE11
Added Pin To Net: NetName=PTE12 Pin=6050-8
Added Net: Name=PTE12
Added Pin To Net: NetName=PTE24 Pin=enc-4
Added Net: Name=PTE24
Added Pin To Net: NetName=PTE25 Pin=enc-5
Added Net: Name=PTE25
Added Class: Name=DS_zk
Added Room: Name=DS_zk
