Added Component: Designator=K1(K60)
Added Pin To Net: NetName=PTC5 Pin=K1-1
Added Pin To Net: NetName=PTC7 Pin=K1-3
Added Pin To Net: NetName=PTC9 Pin=K1-5
Added Pin To Net: NetName=PTC11 Pin=K1-7
Added Pin To Net: NetName=PTC13 Pin=K1-9
Added Pin To Net: NetName=PTC14 Pin=K1-10
Added Pin To Net: NetName=PTC15 Pin=K1-11
Added Pin To Net: NetName=PTC16 Pin=K1-12
Added Pin To Net: NetName=PTC19 Pin=K1-13
Added Pin To Net: NetName=PTC17 Pin=K1-14
Added Pin To Net: NetName=PTD1 Pin=K1-17
Added Pin To Net: NetName=GND Pin=K1-23
Added Pin To Net: NetName=PTD11 Pin=K1-29
Added Pin To Net: NetName=PTD12 Pin=K1-30
Added Pin To Net: NetName=PTD13 Pin=K1-31
Added Pin To Net: NetName=PTD14 Pin=K1-32
Added Pin To Net: NetName=PTE0 Pin=K1-34
Added Pin To Net: NetName=PTE1 Pin=K1-35
Added Pin To Net: NetName=PTE5 Pin=K1-39
Added Pin To Net: NetName=PTE6 Pin=K1-40
Added Pin To Net: NetName=PTE8 Pin=K1-41
Added Pin To Net: NetName=PTE7 Pin=K1-42
Added Pin To Net: NetName=PTE9 Pin=K1-43
Added Pin To Net: NetName=PTE10 Pin=K1-45
Added Pin To Net: NetName=3V3 Pin=K1-57
Added Pin To Net: NetName=PTA10 Pin=K1-73
Added Pin To Net: NetName=PTA11 Pin=K1-74
Added Pin To Net: NetName=PTA12 Pin=K1-75
Added Pin To Net: NetName=PTA13 Pin=K1-76
Added Pin To Net: NetName=PTA25 Pin=K1-81
Added Pin To Net: NetName=PTA19 Pin=K1-82
Added Pin To Net: NetName=PTA27 Pin=K1-83
Added Pin To Net: NetName=PTA24 Pin=K1-84
Added Pin To Net: NetName=PTA26 Pin=K1-85
Added Pin To Net: NetName=PTA29 Pin=K1-87
Added Pin To Net: NetName=PTB1 Pin=K1-88
Added Pin To Net: NetName=PTB0 Pin=K1-89
Added Pin To Net: NetName=PTB3 Pin=K1-90
Added Pin To Net: NetName=PTB2 Pin=K1-91
Added Pin To Net: NetName=PTB5 Pin=K1-92
Added Pin To Net: NetName=PTB4 Pin=K1-93
Added Pin To Net: NetName=PTB6 Pin=K1-94
Added Pin To Net: NetName=PTB7 Pin=K1-95
Added Pin To Net: NetName=PTB21 Pin=K1-104
Added Pin To Net: NetName=PTB22 Pin=K1-107
Added Pin To Net: NetName=PTC2 Pin=K1-111
Added Member To Class: ClassName=20180616 Member=Component K1 K60
Added Room: Name=20180616
