Added Component: Designator=*1(SXT)
Added Component: Designator=*5(HDR1X6)
Added Component: Designator=2(lm1117-5v)
Added Component: Designator=bell1(bezzer)
Added Component: Designator=blue(HDR1X4)
Added Component: Designator=BMQ1(HDR2X3)
Added Component: Designator=BMQ2(HDR2X3)
Added Component: Designator=C1(0603)
Added Component: Designator=C2(470UF)
Added Component: Designator=C7(470uF)
Added Component: Designator=C8(220uf)
Added Component: Designator=C31(0603)
Added Component: Designator=C33(0603)
Added Component: Designator=C34(0603)
Added Component: Designator=C35(0603)
Added Component: Designator=CON1(DIZUO)
Added Component: Designator=CON2(KF301-2P)
Added Component: Designator=D3(1206(3216))
Added Component: Designator=D5(1N5824)
Added Component: Designator=D7(0805LED)
Added Component: Designator=DY1(HDR1X2)
Added Component: Designator=K1(K60)
Added Component: Designator=Moter(HDR1X6)
Added Component: Designator=oled1(HDR1X6)
Added Component: Designator=Q1(npn9013)
Added Component: Designator=R1(0805)
Added Component: Designator=R2(0805)
Added Component: Designator=R3(0805)
Added Component: Designator=R4(0805)
Added Component: Designator=R7(1206(3216))
Added Component: Designator=R8(0603)
Added Component: Designator=R9(0603)
Added Component: Designator=R11(0603)
Added Component: Designator=R12(0603)
Added Component: Designator=R13(0603)
Added Component: Designator=R14(0603)
Added Component: Designator=R15(0603)
Added Component: Designator=R16(0603)
Added Component: Designator=R17(0603)
Added Component: Designator=R31(0805)
Added Component: Designator=S1(BMKG)
Added Component: Designator=S2(BUTTON)
Added Component: Designator=S3(BUTTON)
Added Component: Designator=S4(BUTTON)
Added Component: Designator=S5(BUTTON)
Added Component: Designator=S6(BUTTON)
Added Component: Designator=S7(BUTTON)
Added Component: Designator=S9(SWITCH-MID)
Added Component: Designator=U1(74ls244DB)
Added Component: Designator=U2(MC34063)
Added Component: Designator=U4(LM2596)
Added Pin To Net: NetName=3V3-3 Pin=R3-2
Added Pin To Net: NetName=3V3-3 Pin=R4-1
Added Net: Name=3V3-3
Added Pin To Net: NetName=3V3 Pin=2-2
Added Pin To Net: NetName=3V3 Pin=2-2
Added Pin To Net: NetName=3V3 Pin=bell1-1
Added Pin To Net: NetName=3V3 Pin=C31-1
Added Pin To Net: NetName=3V3 Pin=C35-2
Added Pin To Net: NetName=3V3 Pin=K1-57
Added Pin To Net: NetName=3V3 Pin=R1-2
Added Pin To Net: NetName=3V3 Pin=R2-2
Added Pin To Net: NetName=3V3 Pin=R11-2
Added Pin To Net: NetName=3V3 Pin=R12-2
Added Pin To Net: NetName=3V3 Pin=R13-2
Added Pin To Net: NetName=3V3 Pin=R14-2
Added Pin To Net: NetName=3V3 Pin=R15-2
Added Pin To Net: NetName=3V3 Pin=R16-2
Added Net: Name=3V3
Added Pin To Net: NetName=5V Pin=*1-20
Added Pin To Net: NetName=5V Pin=*5-2
Added Pin To Net: NetName=5V Pin=2-3
Added Pin To Net: NetName=5V Pin=blue-1
Added Pin To Net: NetName=5V Pin=BMQ1-2
Added Pin To Net: NetName=5V Pin=BMQ2-2
Added Pin To Net: NetName=5V Pin=C1-2
Added Pin To Net: NetName=5V Pin=C8-1
Added Pin To Net: NetName=5V Pin=C33-2
Added Pin To Net: NetName=5V Pin=C34-2
Added Pin To Net: NetName=5V Pin=oled1-2
Added Pin To Net: NetName=5V Pin=U1-20
Added Pin To Net: NetName=5V Pin=U4-4
Added Net: Name=5V
Added Pin To Net: NetName=7V2 Pin=C7-1
Added Pin To Net: NetName=7V2 Pin=CON2-1
Added Pin To Net: NetName=7V2 Pin=DY1-2
Added Pin To Net: NetName=7V2 Pin=R7-2
Added Pin To Net: NetName=7V2 Pin=R31-2
Added Pin To Net: NetName=7V2 Pin=S9-2
Added Pin To Net: NetName=7V2 Pin=U2-6
Added Pin To Net: NetName=7V2 Pin=U4-1
Added Net: Name=7V2
Added Pin To Net: NetName=12V Pin=C2-1
Added Pin To Net: NetName=12V Pin=D3-2
Added Pin To Net: NetName=12V Pin=Moter-5
Added Pin To Net: NetName=12V Pin=R9-2
Added Net: Name=12V
Added Pin To Net: NetName=GND Pin=*1-11
Added Pin To Net: NetName=GND Pin=*5-1
Added Pin To Net: NetName=GND Pin=2-1
Added Pin To Net: NetName=GND Pin=blue-2
Added Pin To Net: NetName=GND Pin=BMQ1-1
Added Pin To Net: NetName=GND Pin=BMQ2-1
Added Pin To Net: NetName=GND Pin=C1-1
Added Pin To Net: NetName=GND Pin=C2-2
Added Pin To Net: NetName=GND Pin=C7-2
Added Pin To Net: NetName=GND Pin=C8-2
Added Pin To Net: NetName=GND Pin=C31-2
Added Pin To Net: NetName=GND Pin=C33-1
Added Pin To Net: NetName=GND Pin=C34-1
Added Pin To Net: NetName=GND Pin=C35-1
Added Pin To Net: NetName=GND Pin=CON1-2
Added Pin To Net: NetName=GND Pin=CON2-2
Added Pin To Net: NetName=GND Pin=D5-2
Added Pin To Net: NetName=GND Pin=D7-2
Added Pin To Net: NetName=GND Pin=DY1-1
Added Pin To Net: NetName=GND Pin=K1-23
Added Pin To Net: NetName=GND Pin=Moter-6
Added Pin To Net: NetName=GND Pin=oled1-1
Added Pin To Net: NetName=GND Pin=Q1-1
Added Pin To Net: NetName=GND Pin=S1-1
Added Pin To Net: NetName=GND Pin=S1-2
Added Pin To Net: NetName=GND Pin=S1-3
Added Pin To Net: NetName=GND Pin=S1-4
Added Pin To Net: NetName=GND Pin=S2-1
Added Pin To Net: NetName=GND Pin=S3-1
Added Pin To Net: NetName=GND Pin=S4-1
Added Pin To Net: NetName=GND Pin=S5-1
Added Pin To Net: NetName=GND Pin=S6-1
Added Pin To Net: NetName=GND Pin=S7-1
Added Pin To Net: NetName=GND Pin=U1-1
Added Pin To Net: NetName=GND Pin=U1-3
Added Pin To Net: NetName=GND Pin=U1-5
Added Pin To Net: NetName=GND Pin=U1-7
Added Pin To Net: NetName=GND Pin=U1-9
Added Pin To Net: NetName=GND Pin=U1-10
Added Pin To Net: NetName=GND Pin=U1-11
Added Pin To Net: NetName=GND Pin=U1-13
Added Pin To Net: NetName=GND Pin=U1-15
Added Pin To Net: NetName=GND Pin=U1-17
Added Pin To Net: NetName=GND Pin=U1-19
Added Pin To Net: NetName=GND Pin=U2-2
Added Pin To Net: NetName=GND Pin=U2-4
Added Pin To Net: NetName=GND Pin=U4-3
Added Pin To Net: NetName=GND Pin=U4-5
Added Pin To Net: NetName=GND Pin=U4-6
Added Net: Name=GND
Added Pin To Net: NetName=MOTOR1 IN1 Pin=Moter-2
Added Pin To Net: NetName=MOTOR1 IN1 Pin=U1-16
Added Net: Name=MOTOR1 IN1
Added Pin To Net: NetName=MOTOR1 IN2 Pin=Moter-1
Added Pin To Net: NetName=MOTOR1 IN2 Pin=U1-18
Added Net: Name=MOTOR1 IN2
Added Pin To Net: NetName=MOTOR1 IN3 Pin=Moter-3
Added Pin To Net: NetName=MOTOR1 IN3 Pin=U1-14
Added Net: Name=MOTOR1 IN3
Added Pin To Net: NetName=MOTOR1 IN4 Pin=Moter-4
Added Pin To Net: NetName=MOTOR1 IN4 Pin=U1-12
Added Net: Name=MOTOR1 IN4
Added Pin To Net: NetName=Netbell1_2 Pin=bell1-2
Added Pin To Net: NetName=Netbell1_2 Pin=Q1-3
Added Net: Name=Netbell1_2
Added Pin To Net: NetName=NetC3_1 Pin=U2-3
Added Net: Name=NetC3_1
Added Pin To Net: NetName=NetCON1_1 Pin=CON1-1
Added Pin To Net: NetName=NetCON1_1 Pin=S9-1
Added Net: Name=NetCON1_1
Added Pin To Net: NetName=NetD3_1 Pin=D3-1
Added Pin To Net: NetName=NetD3_1 Pin=U2-1
Added Net: Name=NetD3_1
Added Pin To Net: NetName=NetD5_1 Pin=D5-1
Added Pin To Net: NetName=NetD5_1 Pin=U4-2
Added Net: Name=NetD5_1
Added Pin To Net: NetName=NetD7_1 Pin=D7-1
Added Pin To Net: NetName=NetD7_1 Pin=R31-1
Added Net: Name=NetD7_1
Added Pin To Net: NetName=NetL1_1 Pin=R7-1
Added Pin To Net: NetName=NetL1_1 Pin=R8-2
Added Pin To Net: NetName=NetL1_1 Pin=U2-7
Added Net: Name=NetL1_1
Added Pin To Net: NetName=NetQ1_2 Pin=Q1-2
Added Pin To Net: NetName=NetQ1_2 Pin=R17-2
Added Net: Name=NetQ1_2
Added Pin To Net: NetName=NetR8_1 Pin=R8-1
Added Pin To Net: NetName=NetR8_1 Pin=U2-8
Added Net: Name=NetR8_1
Added Pin To Net: NetName=NetR9_1 Pin=R9-1
Added Pin To Net: NetName=NetR9_1 Pin=U2-5
Added Net: Name=NetR9_1
Added Pin To Net: NetName=PTA10 Pin=BMQ2-3
Added Pin To Net: NetName=PTA10 Pin=K1-73
Added Net: Name=PTA10
Added Pin To Net: NetName=PTA11 Pin=BMQ2-4
Added Pin To Net: NetName=PTA11 Pin=K1-74
Added Net: Name=PTA11
Added Pin To Net: NetName=PTA12 Pin=BMQ1-3
Added Pin To Net: NetName=PTA12 Pin=K1-75
Added Net: Name=PTA12
Added Pin To Net: NetName=PTA13 Pin=BMQ1-4
Added Pin To Net: NetName=PTA13 Pin=K1-76
Added Net: Name=PTA13
Added Pin To Net: NetName=PTA19 Pin=oled1-6
Added Net: Name=PTA19
Added Pin To Net: NetName=PTA24 Pin=K1-84
Added Pin To Net: NetName=PTA24 Pin=oled1-5
Added Net: Name=PTA24
Added Pin To Net: NetName=PTA25 Pin=*1-10
Added Pin To Net: NetName=PTA25 Pin=K1-81
Added Net: Name=PTA25
Added Pin To Net: NetName=PTA26 Pin=*1-9
Added Pin To Net: NetName=PTA26 Pin=K1-85
Added Net: Name=PTA26
Added Pin To Net: NetName=PTA27 Pin=*1-17
Added Pin To Net: NetName=PTA27 Pin=K1-83
Added Net: Name=PTA27
Added Pin To Net: NetName=PTA29 Pin=*1-15
Added Pin To Net: NetName=PTA29 Pin=K1-87
Added Net: Name=PTA29
Added Pin To Net: NetName=PTB0 Pin=*1-1
Added Pin To Net: NetName=PTB0 Pin=K1-89
Added Net: Name=PTB0
Added Pin To Net: NetName=PTB1 Pin=*1-2
Added Pin To Net: NetName=PTB1 Pin=K1-88
Added Net: Name=PTB1
Added Pin To Net: NetName=PTB2 Pin=*1-3
Added Pin To Net: NetName=PTB2 Pin=K1-91
Added Net: Name=PTB2
Added Pin To Net: NetName=PTB3 Pin=*1-4
Added Pin To Net: NetName=PTB3 Pin=K1-90
Added Net: Name=PTB3
Added Pin To Net: NetName=PTB4 Pin=*1-5
Added Pin To Net: NetName=PTB4 Pin=K1-93
Added Net: Name=PTB4
Added Pin To Net: NetName=PTB5 Pin=*1-6
Added Pin To Net: NetName=PTB5 Pin=K1-92
Added Net: Name=PTB5
Added Pin To Net: NetName=PTB6 Pin=*1-7
Added Pin To Net: NetName=PTB6 Pin=K1-94
Added Net: Name=PTB6
Added Pin To Net: NetName=PTB7 Pin=*1-8
Added Pin To Net: NetName=PTB7 Pin=K1-95
Added Net: Name=PTB7
Added Pin To Net: NetName=PTB9 Pin=K1-97
Added Net: Name=PTB9
Added Pin To Net: NetName=PTB16 Pin=K1-101
Added Pin To Net: NetName=PTB16 Pin=R1-1
Added Pin To Net: NetName=PTB16 Pin=S1-8
Added Net: Name=PTB16
Added Pin To Net: NetName=PTB17 Pin=K1-100
Added Pin To Net: NetName=PTB17 Pin=R2-1
Added Pin To Net: NetName=PTB17 Pin=S1-7
Added Net: Name=PTB17
Added Pin To Net: NetName=PTB18 Pin=R3-1
Added Pin To Net: NetName=PTB18 Pin=S1-6
Added Net: Name=PTB18
Added Pin To Net: NetName=PTB19 Pin=R4-2
Added Pin To Net: NetName=PTB19 Pin=S1-5
Added Net: Name=PTB19
Added Pin To Net: NetName=PTB21 Pin=oled1-3
Added Net: Name=PTB21
Added Pin To Net: NetName=PTB22 Pin=oled1-4
Added Net: Name=PTB22
Added Pin To Net: NetName=PTC1 Pin=K1-109
Added Net: Name=PTC1
Added Pin To Net: NetName=PTC2 Pin=K1-111
Added Net: Name=PTC2
Added Pin To Net: NetName=PTC3 Pin=K1-110
Added Net: Name=PTC3
Added Pin To Net: NetName=PTC4 Pin=K1-112
Added Net: Name=PTC4
Added Pin To Net: NetName=PTD1 Pin=K1-17
Added Pin To Net: NetName=PTD1 Pin=R17-1
Added Net: Name=PTD1
Added Pin To Net: NetName=PTD11 Pin=*5-3
Added Pin To Net: NetName=PTD11 Pin=K1-29
Added Net: Name=PTD11
Added Pin To Net: NetName=PTD12 Pin=*5-4
Added Pin To Net: NetName=PTD12 Pin=K1-30
Added Net: Name=PTD12
Added Pin To Net: NetName=PTD13 Pin=*5-5
Added Pin To Net: NetName=PTD13 Pin=K1-31
Added Net: Name=PTD13
Added Pin To Net: NetName=PTD14 Pin=*5-6
Added Pin To Net: NetName=PTD14 Pin=K1-32
Added Net: Name=PTD14
Added Pin To Net: NetName=PTE0 Pin=K1-34
Added Pin To Net: NetName=PTE0 Pin=R11-1
Added Pin To Net: NetName=PTE0 Pin=S2-2
Added Net: Name=PTE0
Added Pin To Net: NetName=PTE1 Pin=K1-35
Added Pin To Net: NetName=PTE1 Pin=R12-1
Added Pin To Net: NetName=PTE1 Pin=S3-2
Added Net: Name=PTE1
Added Pin To Net: NetName=PTE2 Pin=K1-36
Added Pin To Net: NetName=PTE2 Pin=R13-1
Added Pin To Net: NetName=PTE2 Pin=S4-2
Added Net: Name=PTE2
Added Pin To Net: NetName=PTE3 Pin=K1-37
Added Pin To Net: NetName=PTE3 Pin=R14-1
Added Pin To Net: NetName=PTE3 Pin=S5-2
Added Net: Name=PTE3
Added Pin To Net: NetName=PTE4 Pin=K1-38
Added Pin To Net: NetName=PTE4 Pin=R15-1
Added Pin To Net: NetName=PTE4 Pin=S6-2
Added Net: Name=PTE4
Added Pin To Net: NetName=PTE5 Pin=K1-39
Added Pin To Net: NetName=PTE5 Pin=R16-1
Added Pin To Net: NetName=PTE5 Pin=S7-2
Added Pin To Net: NetName=PTE5 Pin=U1-2
Added Net: Name=PTE5
Added Pin To Net: NetName=PTE6 Pin=U1-4
Added Net: Name=PTE6
Added Pin To Net: NetName=PTE7 Pin=U1-6
Added Net: Name=PTE7
Added Pin To Net: NetName=PTE8 Pin=blue-4
Added Pin To Net: NetName=PTE8 Pin=K1-41
Added Net: Name=PTE8
Added Pin To Net: NetName=PTE9 Pin=blue-3
Added Pin To Net: NetName=PTE9 Pin=K1-43
Added Net: Name=PTE9
Added Pin To Net: NetName=PTE10 Pin=U1-8
Added Net: Name=PTE10
Added Pin To Net: NetName=PTE11 Pin=K1-44
Added Net: Name=PTE11
Added Pin To Net: NetName=PTE12 Pin=K1-46
Added Net: Name=PTE12
Added Class: Name=20180616
Added Room: Name=20180616
