Change Component Footprint: Designator=C6 Old Footprint=0603 New Footprint=0805
Change Component Footprint: Designator=C7 Old Footprint=0603 New Footprint=0805
Change Component Footprint: Designator=R2 Old Footprint=0603 New Footprint=0805
Change Component Footprint: Designator=R7 Old Footprint=0603 New Footprint=0805
Change Component Footprint: Designator=R8 Old Footprint=0603 New Footprint=0805
Change Component Footprint: Designator=R9 Old Footprint=0603 New Footprint=0805
Change Component Footprint: Designator=R10 Old Footprint=0603 New Footprint=0805
Change Component Footprint: Designator=R11 Old Footprint=0603 New Footprint=0805
Change Component Footprint: Designator=R12 Old Footprint=0603 New Footprint=0805
Change Component Footprint: Designator=R14 Old Footprint=0603 New Footprint=0805
Change Component Footprint: Designator=R15 Old Footprint=0603 New Footprint=0805
Change Component Footprint: Designator=R13 Old Footprint=1206(3216) New Footprint=0805
Added Component: Designator=C3(0805)
Added Component: Designator=C10(0805)
Added Component: Designator=R16(0805)
Added Pin To Net: NetName=NetC3_1 Pin=C3-1
Added Pin To Net: NetName=GND Pin=C3-2
Added Pin To Net: NetName=7V2 Pin=C10-1
Added Pin To Net: NetName=GND Pin=C10-2
Added Pin To Net: NetName=NetR15_1 Pin=R16-1
Added Pin To Net: NetName=GND Pin=R16-2
Added Member To Class: ClassName=20180616 Member=Component C3 470pF
Added Member To Class: ClassName=20180616 Member=Component C7 Cap
Added Member To Class: ClassName=20180616 Member=Component C10 10uF
Added Member To Class: ClassName=20180616 Member=Component R1 Res2
Added Member To Class: ClassName=20180616 Member=Component R2 Res2
Added Member To Class: ClassName=20180616 Member=Component R12 Res2
Added Member To Class: ClassName=20180616 Member=Component R16 100R
Added Member To Class: ClassName=20180616 Member=Component S1 zk
Added Member To Class: ClassName=20180616 Member=Component U2 LM2596-5
