Change Component Designator: Old Designator=*5 New Designator=*2
Change Component Designator: Old Designator=2 New Designator=1
Change Component Designator: Old Designator=blue New Designator=blue1
Change Component Designator: Old Designator=C4 New Designator=C10
Change Component Designator: Old Designator=C7 New Designator=C8
Change Component Designator: Old Designator=C8 New Designator=C9
Change Component Designator: Old Designator=C31 New Designator=C4
Change Component Designator: Old Designator=C33 New Designator=C5
Change Component Designator: Old Designator=C34 New Designator=C6
Change Component Designator: Old Designator=C35 New Designator=C7
Change Component Designator: Old Designator=D3 New Designator=D2
Change Component Designator: Old Designator=D5 New Designator=D3
Change Component Designator: Old Designator=D7 New Designator=D1
Change Component Designator: Old Designator=L3 New Designator=L2
Change Component Designator: Old Designator=Moter New Designator=Moter1
Change Component Designator: Old Designator=R1 New Designator=R3
Change Component Designator: Old Designator=R2 New Designator=R4
Change Component Designator: Old Designator=R3 New Designator=R5
Change Component Designator: Old Designator=R4 New Designator=R6
Change Component Designator: Old Designator=R7 New Designator=R13
Change Component Designator: Old Designator=R8 New Designator=R14
Change Component Designator: Old Designator=R9 New Designator=R15
Change Component Designator: Old Designator=R10 New Designator=R16
Change Component Designator: Old Designator=R11 New Designator=R7
Change Component Designator: Old Designator=R12 New Designator=R8
Change Component Designator: Old Designator=R13 New Designator=R9
Change Component Designator: Old Designator=R14 New Designator=R10
Change Component Designator: Old Designator=R15 New Designator=R11
Change Component Designator: Old Designator=R16 New Designator=R12
Change Component Designator: Old Designator=R17 New Designator=R2
Change Component Designator: Old Designator=R31 New Designator=R1
Change Component Designator: Old Designator=S1 New Designator=S2
Change Component Designator: Old Designator=S2 New Designator=S3
Change Component Designator: Old Designator=S3 New Designator=S4
Change Component Designator: Old Designator=S4 New Designator=S5
Change Component Designator: Old Designator=S5 New Designator=S6
Change Component Designator: Old Designator=S6 New Designator=S7
Change Component Designator: Old Designator=S7 New Designator=S8
Change Component Designator: Old Designator=S9 New Designator=S1
Change Component Designator: Old Designator=U2 New Designator=U3
Change Component Designator: Old Designator=U4 New Designator=U2
